{"/Users/vitor/Downloads/FitLife/backend/src/controllers/AuthController.js": {"path":"/Users/vitor/Downloads/FitLife/backend/src/controllers/AuthController.js","statementMap":{"0":{"start":{"line":6,"column":30},"end":{"line":694,"column":1}},"1":{"start":{"line":8,"column":17},"end":{"line":8,"column":25}},"2":{"start":{"line":9,"column":15},"end":{"line":9,"column":21}},"3":{"start":{"line":11,"column":4},"end":{"line":11,"column":82}},"4":{"start":{"line":16,"column":23},"end":{"line":20,"column":6}},"5":{"start":{"line":22,"column":4},"end":{"line":38,"column":5}},"6":{"start":{"line":23,"column":6},"end":{"line":23,"column":69}},"7":{"start":{"line":24,"column":6},"end":{"line":33,"column":9}},"8":{"start":{"line":34,"column":6},"end":{"line":37,"column":9}},"9":{"start":{"line":41,"column":4},"end":{"line":41,"column":44}},"10":{"start":{"line":42,"column":4},"end":{"line":42,"column":53}},"11":{"start":{"line":44,"column":4},"end":{"line":134,"column":5}},"12":{"start":{"line":46,"column":31},"end":{"line":46,"column":80}},"13":{"start":{"line":47,"column":6},"end":{"line":60,"column":7}},"14":{"start":{"line":48,"column":8},"end":{"line":48,"column":69}},"15":{"start":{"line":49,"column":8},"end":{"line":58,"column":11}},"16":{"start":{"line":59,"column":8},"end":{"line":59,"column":71}},"17":{"start":{"line":63,"column":28},"end":{"line":63,"column":71}},"18":{"start":{"line":64,"column":6},"end":{"line":77,"column":7}},"19":{"start":{"line":65,"column":8},"end":{"line":65,"column":63}},"20":{"start":{"line":66,"column":8},"end":{"line":75,"column":11}},"21":{"start":{"line":76,"column":8},"end":{"line":76,"column":68}},"22":{"start":{"line":80,"column":22},"end":{"line":80,"column":54}},"23":{"start":{"line":81,"column":6},"end":{"line":81,"column":57}},"24":{"start":{"line":83,"column":6},"end":{"line":92,"column":9}},"25":{"start":{"line":94,"column":6},"end":{"line":94,"column":36}},"26":{"start":{"line":96,"column":6},"end":{"line":96,"column":66}},"27":{"start":{"line":99,"column":22},"end":{"line":99,"column":39}},"28":{"start":{"line":100,"column":6},"end":{"line":116,"column":7}},"29":{"start":{"line":101,"column":8},"end":{"line":114,"column":9}},"30":{"start":{"line":102,"column":10},"end":{"line":111,"column":13}},"31":{"start":{"line":113,"column":10},"end":{"line":113,"column":74}},"32":{"start":{"line":115,"column":8},"end":{"line":115,"column":68}},"33":{"start":{"line":118,"column":6},"end":{"line":131,"column":7}},"34":{"start":{"line":119,"column":8},"end":{"line":128,"column":11}},"35":{"start":{"line":130,"column":8},"end":{"line":130,"column":72}},"36":{"start":{"line":133,"column":6},"end":{"line":133,"column":77}},"37":{"start":{"line":138,"column":32},"end":{"line":138,"column":40}},"38":{"start":{"line":139,"column":15},"end":{"line":139,"column":21}},"39":{"start":{"line":141,"column":4},"end":{"line":141,"column":56}},"40":{"start":{"line":146,"column":23},"end":{"line":146,"column":68}},"41":{"start":{"line":148,"column":4},"end":{"line":164,"column":5}},"42":{"start":{"line":149,"column":6},"end":{"line":149,"column":66}},"43":{"start":{"line":150,"column":6},"end":{"line":159,"column":9}},"44":{"start":{"line":160,"column":6},"end":{"line":163,"column":9}},"45":{"start":{"line":167,"column":28},"end":{"line":167,"column":49}},"46":{"start":{"line":169,"column":4},"end":{"line":231,"column":5}},"47":{"start":{"line":170,"column":21},"end":{"line":170,"column":71}},"48":{"start":{"line":171,"column":6},"end":{"line":171,"column":69}},"49":{"start":{"line":173,"column":6},"end":{"line":186,"column":7}},"50":{"start":{"line":174,"column":8},"end":{"line":174,"column":76}},"51":{"start":{"line":175,"column":8},"end":{"line":184,"column":11}},"52":{"start":{"line":185,"column":8},"end":{"line":185,"column":74}},"53":{"start":{"line":188,"column":6},"end":{"line":201,"column":7}},"54":{"start":{"line":189,"column":8},"end":{"line":189,"column":90}},"55":{"start":{"line":190,"column":8},"end":{"line":199,"column":11}},"56":{"start":{"line":200,"column":8},"end":{"line":200,"column":88}},"57":{"start":{"line":203,"column":6},"end":{"line":212,"column":9}},"58":{"start":{"line":214,"column":6},"end":{"line":214,"column":71}},"59":{"start":{"line":215,"column":6},"end":{"line":215,"column":23}},"60":{"start":{"line":218,"column":6},"end":{"line":218,"column":82}},"61":{"start":{"line":219,"column":6},"end":{"line":228,"column":9}},"62":{"start":{"line":230,"column":6},"end":{"line":230,"column":75}},"63":{"start":{"line":235,"column":15},"end":{"line":235,"column":21}},"64":{"start":{"line":236,"column":4},"end":{"line":264,"column":5}},"65":{"start":{"line":237,"column":20},"end":{"line":237,"column":51}},"66":{"start":{"line":239,"column":6},"end":{"line":248,"column":9}},"67":{"start":{"line":250,"column":6},"end":{"line":250,"column":22}},"68":{"start":{"line":252,"column":6},"end":{"line":261,"column":9}},"69":{"start":{"line":263,"column":6},"end":{"line":263,"column":79}},"70":{"start":{"line":268,"column":23},"end":{"line":268,"column":33}},"71":{"start":{"line":269,"column":15},"end":{"line":269,"column":21}},"72":{"start":{"line":270,"column":4},"end":{"line":298,"column":5}},"73":{"start":{"line":271,"column":23},"end":{"line":271,"column":60}},"74":{"start":{"line":272,"column":6},"end":{"line":274,"column":7}},"75":{"start":{"line":273,"column":8},"end":{"line":273,"column":75}},"76":{"start":{"line":275,"column":6},"end":{"line":284,"column":9}},"77":{"start":{"line":285,"column":6},"end":{"line":285,"column":25}},"78":{"start":{"line":287,"column":6},"end":{"line":296,"column":9}},"79":{"start":{"line":297,"column":6},"end":{"line":297,"column":81}},"80":{"start":{"line":302,"column":32},"end":{"line":302,"column":40}},"81":{"start":{"line":303,"column":15},"end":{"line":303,"column":21}},"82":{"start":{"line":304,"column":4},"end":{"line":330,"column":5}},"83":{"start":{"line":305,"column":16},"end":{"line":305,"column":64}},"84":{"start":{"line":306,"column":6},"end":{"line":315,"column":9}},"85":{"start":{"line":317,"column":6},"end":{"line":317,"column":18}},"86":{"start":{"line":319,"column":6},"end":{"line":328,"column":9}},"87":{"start":{"line":329,"column":6},"end":{"line":329,"column":53}},"88":{"start":{"line":334,"column":29},"end":{"line":334,"column":37}},"89":{"start":{"line":335,"column":15},"end":{"line":335,"column":21}},"90":{"start":{"line":336,"column":4},"end":{"line":361,"column":5}},"91":{"start":{"line":337,"column":30},"end":{"line":337,"column":74}},"92":{"start":{"line":338,"column":6},"end":{"line":347,"column":9}},"93":{"start":{"line":348,"column":6},"end":{"line":348,"column":32}},"94":{"start":{"line":350,"column":6},"end":{"line":359,"column":9}},"95":{"start":{"line":360,"column":6},"end":{"line":360,"column":53}},"96":{"start":{"line":366,"column":43},"end":{"line":366,"column":51}},"97":{"start":{"line":367,"column":15},"end":{"line":367,"column":21}},"98":{"start":{"line":368,"column":4},"end":{"line":370,"column":5}},"99":{"start":{"line":369,"column":6},"end":{"line":369,"column":95}},"100":{"start":{"line":371,"column":4},"end":{"line":396,"column":5}},"101":{"start":{"line":372,"column":22},"end":{"line":372,"column":93}},"102":{"start":{"line":373,"column":6},"end":{"line":382,"column":9}},"103":{"start":{"line":383,"column":6},"end":{"line":383,"column":43}},"104":{"start":{"line":385,"column":6},"end":{"line":394,"column":9}},"105":{"start":{"line":395,"column":6},"end":{"line":395,"column":53}},"106":{"start":{"line":401,"column":49},"end":{"line":401,"column":57}},"107":{"start":{"line":402,"column":15},"end":{"line":402,"column":21}},"108":{"start":{"line":403,"column":4},"end":{"line":405,"column":5}},"109":{"start":{"line":404,"column":6},"end":{"line":404,"column":101}},"110":{"start":{"line":408,"column":16},"end":{"line":408,"column":27}},"111":{"start":{"line":409,"column":19},"end":{"line":409,"column":102}},"112":{"start":{"line":410,"column":4},"end":{"line":412,"column":5}},"113":{"start":{"line":411,"column":6},"end":{"line":411,"column":94}},"114":{"start":{"line":414,"column":4},"end":{"line":439,"column":5}},"115":{"start":{"line":415,"column":22},"end":{"line":415,"column":98}},"116":{"start":{"line":416,"column":6},"end":{"line":425,"column":9}},"117":{"start":{"line":426,"column":6},"end":{"line":426,"column":43}},"118":{"start":{"line":428,"column":6},"end":{"line":437,"column":9}},"119":{"start":{"line":438,"column":6},"end":{"line":438,"column":53}},"120":{"start":{"line":444,"column":22},"end":{"line":444,"column":30}},"121":{"start":{"line":445,"column":15},"end":{"line":445,"column":21}},"122":{"start":{"line":447,"column":4},"end":{"line":449,"column":5}},"123":{"start":{"line":448,"column":6},"end":{"line":448,"column":70}},"124":{"start":{"line":451,"column":4},"end":{"line":504,"column":5}},"125":{"start":{"line":452,"column":19},"end":{"line":452,"column":72}},"126":{"start":{"line":454,"column":6},"end":{"line":460,"column":7}},"127":{"start":{"line":456,"column":8},"end":{"line":459,"column":11}},"128":{"start":{"line":463,"column":21},"end":{"line":463,"column":28}},"129":{"start":{"line":464,"column":19},"end":{"line":464,"column":73}},"130":{"start":{"line":465,"column":24},"end":{"line":465,"column":61}},"131":{"start":{"line":467,"column":6},"end":{"line":467,"column":61}},"132":{"start":{"line":470,"column":6},"end":{"line":474,"column":8}},"133":{"start":{"line":476,"column":6},"end":{"line":485,"column":9}},"134":{"start":{"line":487,"column":6},"end":{"line":490,"column":9}},"135":{"start":{"line":492,"column":6},"end":{"line":492,"column":59}},"136":{"start":{"line":493,"column":6},"end":{"line":502,"column":9}},"137":{"start":{"line":503,"column":6},"end":{"line":503,"column":73}},"138":{"start":{"line":509,"column":29},"end":{"line":509,"column":37}},"139":{"start":{"line":510,"column":15},"end":{"line":510,"column":21}},"140":{"start":{"line":512,"column":4},"end":{"line":514,"column":5}},"141":{"start":{"line":513,"column":6},"end":{"line":513,"column":83}},"142":{"start":{"line":516,"column":4},"end":{"line":548,"column":5}},"143":{"start":{"line":517,"column":22},"end":{"line":517,"column":67}},"144":{"start":{"line":519,"column":6},"end":{"line":531,"column":7}},"145":{"start":{"line":520,"column":8},"end":{"line":529,"column":11}},"146":{"start":{"line":530,"column":8},"end":{"line":530,"column":80}},"147":{"start":{"line":533,"column":6},"end":{"line":542,"column":9}},"148":{"start":{"line":544,"column":6},"end":{"line":544,"column":61}},"149":{"start":{"line":546,"column":6},"end":{"line":546,"column":58}},"150":{"start":{"line":547,"column":6},"end":{"line":547,"column":68}},"151":{"start":{"line":553,"column":42},"end":{"line":553,"column":50}},"152":{"start":{"line":554,"column":15},"end":{"line":554,"column":21}},"153":{"start":{"line":556,"column":4},"end":{"line":558,"column":5}},"154":{"start":{"line":557,"column":6},"end":{"line":557,"column":83}},"155":{"start":{"line":561,"column":19},"end":{"line":561,"column":104}},"156":{"start":{"line":562,"column":4},"end":{"line":566,"column":5}},"157":{"start":{"line":563,"column":6},"end":{"line":565,"column":9}},"158":{"start":{"line":568,"column":4},"end":{"line":607,"column":5}},"159":{"start":{"line":570,"column":22},"end":{"line":570,"column":67}},"160":{"start":{"line":572,"column":6},"end":{"line":574,"column":7}},"161":{"start":{"line":573,"column":8},"end":{"line":573,"column":80}},"162":{"start":{"line":577,"column":6},"end":{"line":577,"column":60}},"163":{"start":{"line":580,"column":6},"end":{"line":580,"column":45}},"164":{"start":{"line":582,"column":6},"end":{"line":591,"column":9}},"165":{"start":{"line":593,"column":6},"end":{"line":593,"column":60}},"166":{"start":{"line":595,"column":6},"end":{"line":595,"column":51}},"167":{"start":{"line":596,"column":6},"end":{"line":605,"column":9}},"168":{"start":{"line":606,"column":6},"end":{"line":606,"column":67}},"169":{"start":{"line":612,"column":45},"end":{"line":612,"column":53}},"170":{"start":{"line":613,"column":19},"end":{"line":613,"column":31}},"171":{"start":{"line":614,"column":15},"end":{"line":614,"column":21}},"172":{"start":{"line":616,"column":4},"end":{"line":618,"column":5}},"173":{"start":{"line":617,"column":6},"end":{"line":617,"column":74}},"174":{"start":{"line":620,"column":4},"end":{"line":622,"column":5}},"175":{"start":{"line":621,"column":6},"end":{"line":621,"column":83}},"176":{"start":{"line":625,"column":19},"end":{"line":625,"column":104}},"177":{"start":{"line":626,"column":4},"end":{"line":630,"column":5}},"178":{"start":{"line":627,"column":6},"end":{"line":629,"column":9}},"179":{"start":{"line":632,"column":4},"end":{"line":636,"column":5}},"180":{"start":{"line":633,"column":6},"end":{"line":635,"column":9}},"181":{"start":{"line":638,"column":4},"end":{"line":692,"column":5}},"182":{"start":{"line":640,"column":19},"end":{"line":640,"column":53}},"183":{"start":{"line":642,"column":6},"end":{"line":644,"column":7}},"184":{"start":{"line":643,"column":8},"end":{"line":643,"column":75}},"185":{"start":{"line":647,"column":21},"end":{"line":647,"column":43}},"186":{"start":{"line":648,"column":30},"end":{"line":648,"column":82}},"187":{"start":{"line":650,"column":6},"end":{"line":662,"column":7}},"188":{"start":{"line":651,"column":8},"end":{"line":660,"column":11}},"189":{"start":{"line":661,"column":8},"end":{"line":661,"column":74}},"190":{"start":{"line":665,"column":6},"end":{"line":665,"column":60}},"191":{"start":{"line":667,"column":6},"end":{"line":676,"column":9}},"192":{"start":{"line":678,"column":6},"end":{"line":678,"column":58}},"193":{"start":{"line":680,"column":6},"end":{"line":680,"column":52}},"194":{"start":{"line":681,"column":6},"end":{"line":690,"column":9}},"195":{"start":{"line":691,"column":6},"end":{"line":691,"column":65}}},"fnMap":{"0":{"name":"(anonymous_0)","decl":{"start":{"line":7,"column":12},"end":{"line":7,"column":13}},"loc":{"start":{"line":7,"column":32},"end":{"line":135,"column":3}},"line":7},"1":{"name":"(anonymous_1)","decl":{"start":{"line":137,"column":9},"end":{"line":137,"column":10}},"loc":{"start":{"line":137,"column":29},"end":{"line":232,"column":3}},"line":137},"2":{"name":"(anonymous_2)","decl":{"start":{"line":234,"column":12},"end":{"line":234,"column":13}},"loc":{"start":{"line":234,"column":32},"end":{"line":265,"column":3}},"line":234},"3":{"name":"(anonymous_3)","decl":{"start":{"line":267,"column":15},"end":{"line":267,"column":16}},"loc":{"start":{"line":267,"column":35},"end":{"line":299,"column":3}},"line":267},"4":{"name":"(anonymous_4)","decl":{"start":{"line":301,"column":17},"end":{"line":301,"column":18}},"loc":{"start":{"line":301,"column":37},"end":{"line":331,"column":3}},"line":301},"5":{"name":"(anonymous_5)","decl":{"start":{"line":333,"column":16},"end":{"line":333,"column":17}},"loc":{"start":{"line":333,"column":36},"end":{"line":362,"column":3}},"line":333},"6":{"name":"(anonymous_6)","decl":{"start":{"line":365,"column":15},"end":{"line":365,"column":16}},"loc":{"start":{"line":365,"column":35},"end":{"line":397,"column":3}},"line":365},"7":{"name":"(anonymous_7)","decl":{"start":{"line":400,"column":18},"end":{"line":400,"column":19}},"loc":{"start":{"line":400,"column":38},"end":{"line":440,"column":3}},"line":400},"8":{"name":"(anonymous_8)","decl":{"start":{"line":443,"column":24},"end":{"line":443,"column":25}},"loc":{"start":{"line":443,"column":44},"end":{"line":505,"column":3}},"line":443},"9":{"name":"(anonymous_9)","decl":{"start":{"line":508,"column":27},"end":{"line":508,"column":28}},"loc":{"start":{"line":508,"column":47},"end":{"line":549,"column":3}},"line":508},"10":{"name":"(anonymous_10)","decl":{"start":{"line":552,"column":17},"end":{"line":552,"column":18}},"loc":{"start":{"line":552,"column":37},"end":{"line":608,"column":3}},"line":552},"11":{"name":"(anonymous_11)","decl":{"start":{"line":611,"column":18},"end":{"line":611,"column":19}},"loc":{"start":{"line":611,"column":38},"end":{"line":693,"column":3}},"line":611}},"branchMap":{"0":{"loc":{"start":{"line":22,"column":4},"end":{"line":38,"column":5}},"type":"if","locations":[{"start":{"line":22,"column":4},"end":{"line":38,"column":5}},{"start":{},"end":{}}],"line":22},"1":{"loc":{"start":{"line":47,"column":6},"end":{"line":60,"column":7}},"type":"if","locations":[{"start":{"line":47,"column":6},"end":{"line":60,"column":7}},{"start":{},"end":{}}],"line":47},"2":{"loc":{"start":{"line":64,"column":6},"end":{"line":77,"column":7}},"type":"if","locations":[{"start":{"line":64,"column":6},"end":{"line":77,"column":7}},{"start":{},"end":{}}],"line":64},"3":{"loc":{"start":{"line":99,"column":22},"end":{"line":99,"column":39}},"type":"binary-expr","locations":[{"start":{"line":99,"column":22},"end":{"line":99,"column":32}},{"start":{"line":99,"column":36},"end":{"line":99,"column":39}}],"line":99},"4":{"loc":{"start":{"line":100,"column":6},"end":{"line":116,"column":7}},"type":"if","locations":[{"start":{"line":100,"column":6},"end":{"line":116,"column":7}},{"start":{},"end":{}}],"line":100},"5":{"loc":{"start":{"line":100,"column":10},"end":{"line":100,"column":79}},"type":"binary-expr","locations":[{"start":{"line":100,"column":10},"end":{"line":100,"column":35}},{"start":{"line":100,"column":39},"end":{"line":100,"column":79}}],"line":100},"6":{"loc":{"start":{"line":148,"column":4},"end":{"line":164,"column":5}},"type":"if","locations":[{"start":{"line":148,"column":4},"end":{"line":164,"column":5}},{"start":{},"end":{}}],"line":148},"7":{"loc":{"start":{"line":173,"column":6},"end":{"line":186,"column":7}},"type":"if","locations":[{"start":{"line":173,"column":6},"end":{"line":186,"column":7}},{"start":{},"end":{}}],"line":173},"8":{"loc":{"start":{"line":188,"column":6},"end":{"line":201,"column":7}},"type":"if","locations":[{"start":{"line":188,"column":6},"end":{"line":201,"column":7}},{"start":{},"end":{}}],"line":188},"9":{"loc":{"start":{"line":272,"column":6},"end":{"line":274,"column":7}},"type":"if","locations":[{"start":{"line":272,"column":6},"end":{"line":274,"column":7}},{"start":{},"end":{}}],"line":272},"10":{"loc":{"start":{"line":368,"column":4},"end":{"line":370,"column":5}},"type":"if","locations":[{"start":{"line":368,"column":4},"end":{"line":370,"column":5}},{"start":{},"end":{}}],"line":368},"11":{"loc":{"start":{"line":368,"column":8},"end":{"line":368,"column":41}},"type":"binary-expr","locations":[{"start":{"line":368,"column":8},"end":{"line":368,"column":14}},{"start":{"line":368,"column":18},"end":{"line":368,"column":25}},{"start":{"line":368,"column":29},"end":{"line":368,"column":41}}],"line":368},"12":{"loc":{"start":{"line":403,"column":4},"end":{"line":405,"column":5}},"type":"if","locations":[{"start":{"line":403,"column":4},"end":{"line":405,"column":5}},{"start":{},"end":{}}],"line":403},"13":{"loc":{"start":{"line":403,"column":8},"end":{"line":403,"column":47}},"type":"binary-expr","locations":[{"start":{"line":403,"column":8},"end":{"line":403,"column":15}},{"start":{"line":403,"column":19},"end":{"line":403,"column":31}},{"start":{"line":403,"column":35},"end":{"line":403,"column":47}}],"line":403},"14":{"loc":{"start":{"line":410,"column":4},"end":{"line":412,"column":5}},"type":"if","locations":[{"start":{"line":410,"column":4},"end":{"line":412,"column":5}},{"start":{},"end":{}}],"line":410},"15":{"loc":{"start":{"line":447,"column":4},"end":{"line":449,"column":5}},"type":"if","locations":[{"start":{"line":447,"column":4},"end":{"line":449,"column":5}},{"start":{},"end":{}}],"line":447},"16":{"loc":{"start":{"line":454,"column":6},"end":{"line":460,"column":7}},"type":"if","locations":[{"start":{"line":454,"column":6},"end":{"line":460,"column":7}},{"start":{},"end":{}}],"line":454},"17":{"loc":{"start":{"line":512,"column":4},"end":{"line":514,"column":5}},"type":"if","locations":[{"start":{"line":512,"column":4},"end":{"line":514,"column":5}},{"start":{},"end":{}}],"line":512},"18":{"loc":{"start":{"line":512,"column":8},"end":{"line":512,"column":24}},"type":"binary-expr","locations":[{"start":{"line":512,"column":8},"end":{"line":512,"column":15}},{"start":{"line":512,"column":19},"end":{"line":512,"column":24}}],"line":512},"19":{"loc":{"start":{"line":519,"column":6},"end":{"line":531,"column":7}},"type":"if","locations":[{"start":{"line":519,"column":6},"end":{"line":531,"column":7}},{"start":{},"end":{}}],"line":519},"20":{"loc":{"start":{"line":556,"column":4},"end":{"line":558,"column":5}},"type":"if","locations":[{"start":{"line":556,"column":4},"end":{"line":558,"column":5}},{"start":{},"end":{}}],"line":556},"21":{"loc":{"start":{"line":556,"column":8},"end":{"line":556,"column":40}},"type":"binary-expr","locations":[{"start":{"line":556,"column":8},"end":{"line":556,"column":15}},{"start":{"line":556,"column":19},"end":{"line":556,"column":24}},{"start":{"line":556,"column":28},"end":{"line":556,"column":40}}],"line":556},"22":{"loc":{"start":{"line":562,"column":4},"end":{"line":566,"column":5}},"type":"if","locations":[{"start":{"line":562,"column":4},"end":{"line":566,"column":5}},{"start":{},"end":{}}],"line":562},"23":{"loc":{"start":{"line":572,"column":6},"end":{"line":574,"column":7}},"type":"if","locations":[{"start":{"line":572,"column":6},"end":{"line":574,"column":7}},{"start":{},"end":{}}],"line":572},"24":{"loc":{"start":{"line":616,"column":4},"end":{"line":618,"column":5}},"type":"if","locations":[{"start":{"line":616,"column":4},"end":{"line":618,"column":5}},{"start":{},"end":{}}],"line":616},"25":{"loc":{"start":{"line":620,"column":4},"end":{"line":622,"column":5}},"type":"if","locations":[{"start":{"line":620,"column":4},"end":{"line":622,"column":5}},{"start":{},"end":{}}],"line":620},"26":{"loc":{"start":{"line":620,"column":8},"end":{"line":620,"column":40}},"type":"binary-expr","locations":[{"start":{"line":620,"column":8},"end":{"line":620,"column":24}},{"start":{"line":620,"column":28},"end":{"line":620,"column":40}}],"line":620},"27":{"loc":{"start":{"line":626,"column":4},"end":{"line":630,"column":5}},"type":"if","locations":[{"start":{"line":626,"column":4},"end":{"line":630,"column":5}},{"start":{},"end":{}}],"line":626},"28":{"loc":{"start":{"line":632,"column":4},"end":{"line":636,"column":5}},"type":"if","locations":[{"start":{"line":632,"column":4},"end":{"line":636,"column":5}},{"start":{},"end":{}}],"line":632},"29":{"loc":{"start":{"line":642,"column":6},"end":{"line":644,"column":7}},"type":"if","locations":[{"start":{"line":642,"column":6},"end":{"line":644,"column":7}},{"start":{},"end":{}}],"line":642},"30":{"loc":{"start":{"line":650,"column":6},"end":{"line":662,"column":7}},"type":"if","locations":[{"start":{"line":650,"column":6},"end":{"line":662,"column":7}},{"start":{},"end":{}}],"line":650}},"s":{"0":4,"1":0,"2":0,"3":0,"4":0,"5":0,"6":0,"7":0,"8":0,"9":0,"10":0,"11":0,"12":0,"13":0,"14":0,"15":0,"16":0,"17":0,"18":0,"19":0,"20":0,"21":0,"22":0,"23":0,"24":0,"25":0,"26":0,"27":0,"28":0,"29":0,"30":0,"31":0,"32":0,"33":0,"34":0,"35":0,"36":0,"37":0,"38":0,"39":0,"40":0,"41":0,"42":0,"43":0,"44":0,"45":0,"46":0,"47":0,"48":0,"49":0,"50":0,"51":0,"52":0,"53":0,"54":0,"55":0,"56":0,"57":0,"58":0,"59":0,"60":0,"61":0,"62":0,"63":0,"64":0,"65":0,"66":0,"67":0,"68":0,"69":0,"70":0,"71":0,"72":0,"73":0,"74":0,"75":0,"76":0,"77":0,"78":0,"79":0,"80":0,"81":0,"82":0,"83":0,"84":0,"85":0,"86":0,"87":0,"88":0,"89":0,"90":0,"91":0,"92":0,"93":0,"94":0,"95":0,"96":0,"97":0,"98":0,"99":0,"100":0,"101":0,"102":0,"103":0,"104":0,"105":0,"106":0,"107":0,"108":0,"109":0,"110":0,"111":0,"112":0,"113":0,"114":0,"115":0,"116":0,"117":0,"118":0,"119":0,"120":0,"121":0,"122":0,"123":0,"124":0,"125":0,"126":0,"127":0,"128":0,"129":0,"130":0,"131":0,"132":0,"133":0,"134":0,"135":0,"136":0,"137":0,"138":0,"139":0,"140":0,"141":0,"142":0,"143":0,"144":0,"145":0,"146":0,"147":0,"148":0,"149":0,"150":0,"151":0,"152":0,"153":0,"154":0,"155":0,"156":0,"157":0,"158":0,"159":0,"160":0,"161":0,"162":0,"163":0,"164":0,"165":0,"166":0,"167":0,"168":0,"169":0,"170":0,"171":0,"172":0,"173":0,"174":0,"175":0,"176":0,"177":0,"178":0,"179":0,"180":0,"181":0,"182":0,"183":0,"184":0,"185":0,"186":0,"187":0,"188":0,"189":0,"190":0,"191":0,"192":0,"193":0,"194":0,"195":0},"f":{"0":0,"1":0,"2":0,"3":0,"4":0,"5":0,"6":0,"7":0,"8":0,"9":0,"10":0,"11":0},"b":{"0":[0,0],"1":[0,0],"2":[0,0],"3":[0,0],"4":[0,0],"5":[0,0],"6":[0,0],"7":[0,0],"8":[0,0],"9":[0,0],"10":[0,0],"11":[0,0,0],"12":[0,0],"13":[0,0,0],"14":[0,0],"15":[0,0],"16":[0,0],"17":[0,0],"18":[0,0],"19":[0,0],"20":[0,0],"21":[0,0,0],"22":[0,0],"23":[0,0],"24":[0,0],"25":[0,0],"26":[0,0],"27":[0,0],"28":[0,0],"29":[0,0],"30":[0,0]},"inputSourceMap":null,"_coverageSchema":"1a1c01bbd47fc00a2c39e90264f33305004495a9","hash":"52184b0a48746509fd2307d78b836b32660acc22"}
,"/Users/vitor/Downloads/FitLife/backend/src/controllers/BackupController.js": {"path":"/Users/vitor/Downloads/FitLife/backend/src/controllers/BackupController.js","statementMap":{"0":{"start":{"line":9,"column":8},"end":{"line":25,"column":9}},"1":{"start":{"line":10,"column":27},"end":{"line":10,"column":66}},"2":{"start":{"line":12,"column":12},"end":{"line":16,"column":15}},"3":{"start":{"line":19,"column":12},"end":{"line":19,"column":67}},"4":{"start":{"line":20,"column":12},"end":{"line":24,"column":15}},"5":{"start":{"line":33,"column":8},"end":{"line":49,"column":9}},"6":{"start":{"line":34,"column":27},"end":{"line":34,"column":73}},"7":{"start":{"line":36,"column":12},"end":{"line":40,"column":15}},"8":{"start":{"line":43,"column":12},"end":{"line":43,"column":70}},"9":{"start":{"line":44,"column":12},"end":{"line":48,"column":15}},"10":{"start":{"line":57,"column":8},"end":{"line":73,"column":9}},"11":{"start":{"line":58,"column":28},"end":{"line":58,"column":61}},"12":{"start":{"line":60,"column":12},"end":{"line":64,"column":15}},"13":{"start":{"line":67,"column":12},"end":{"line":67,"column":60}},"14":{"start":{"line":68,"column":12},"end":{"line":72,"column":15}},"15":{"start":{"line":82,"column":8},"end":{"line":111,"column":9}},"16":{"start":{"line":83,"column":39},"end":{"line":83,"column":47}},"17":{"start":{"line":85,"column":12},"end":{"line":90,"column":13}},"18":{"start":{"line":86,"column":16},"end":{"line":89,"column":19}},"19":{"start":{"line":92,"column":27},"end":{"line":92,"column":80}},"20":{"start":{"line":94,"column":31},"end":{"line":94,"column":59}},"21":{"start":{"line":96,"column":12},"end":{"line":102,"column":15}},"22":{"start":{"line":105,"column":12},"end":{"line":105,"column":62}},"23":{"start":{"line":106,"column":12},"end":{"line":110,"column":15}},"24":{"start":{"line":119,"column":8},"end":{"line":137,"column":9}},"25":{"start":{"line":120,"column":27},"end":{"line":120,"column":69}},"26":{"start":{"line":122,"column":12},"end":{"line":128,"column":15}},"27":{"start":{"line":131,"column":12},"end":{"line":131,"column":61}},"28":{"start":{"line":132,"column":12},"end":{"line":136,"column":15}},"29":{"start":{"line":145,"column":8},"end":{"line":160,"column":9}},"30":{"start":{"line":146,"column":26},"end":{"line":146,"column":67}},"31":{"start":{"line":148,"column":12},"end":{"line":151,"column":15}},"32":{"start":{"line":154,"column":12},"end":{"line":154,"column":64}},"33":{"start":{"line":155,"column":12},"end":{"line":159,"column":15}},"34":{"start":{"line":168,"column":8},"end":{"line":186,"column":9}},"35":{"start":{"line":169,"column":31},"end":{"line":169,"column":73}},"36":{"start":{"line":171,"column":12},"end":{"line":177,"column":15}},"37":{"start":{"line":180,"column":12},"end":{"line":180,"column":59}},"38":{"start":{"line":181,"column":12},"end":{"line":185,"column":15}}},"fnMap":{"0":{"name":"(anonymous_0)","decl":{"start":{"line":8,"column":4},"end":{"line":8,"column":5}},"loc":{"start":{"line":8,"column":37},"end":{"line":26,"column":5}},"line":8},"1":{"name":"(anonymous_1)","decl":{"start":{"line":32,"column":4},"end":{"line":32,"column":5}},"loc":{"start":{"line":32,"column":44},"end":{"line":50,"column":5}},"line":32},"2":{"name":"(anonymous_2)","decl":{"start":{"line":56,"column":4},"end":{"line":56,"column":5}},"loc":{"start":{"line":56,"column":32},"end":{"line":74,"column":5}},"line":56},"3":{"name":"(anonymous_3)","decl":{"start":{"line":81,"column":4},"end":{"line":81,"column":5}},"loc":{"start":{"line":81,"column":34},"end":{"line":112,"column":5}},"line":81},"4":{"name":"(anonymous_4)","decl":{"start":{"line":118,"column":4},"end":{"line":118,"column":5}},"loc":{"start":{"line":118,"column":38},"end":{"line":138,"column":5}},"line":118},"5":{"name":"(anonymous_5)","decl":{"start":{"line":144,"column":4},"end":{"line":144,"column":5}},"loc":{"start":{"line":144,"column":34},"end":{"line":161,"column":5}},"line":144},"6":{"name":"(anonymous_6)","decl":{"start":{"line":167,"column":4},"end":{"line":167,"column":5}},"loc":{"start":{"line":167,"column":33},"end":{"line":187,"column":5}},"line":167}},"branchMap":{"0":{"loc":{"start":{"line":85,"column":12},"end":{"line":90,"column":13}},"type":"if","locations":[{"start":{"line":85,"column":12},"end":{"line":90,"column":13}},{"start":{},"end":{}}],"line":85},"1":{"loc":{"start":{"line":94,"column":31},"end":{"line":94,"column":59}},"type":"cond-expr","locations":[{"start":{"line":94,"column":50},"end":{"line":94,"column":53}},{"start":{"line":94,"column":56},"end":{"line":94,"column":59}}],"line":94},"2":{"loc":{"start":{"line":98,"column":25},"end":{"line":100,"column":78}},"type":"cond-expr","locations":[{"start":{"line":99,"column":22},"end":{"line":99,"column":76}},{"start":{"line":100,"column":22},"end":{"line":100,"column":78}}],"line":98},"3":{"loc":{"start":{"line":122,"column":30},"end":{"line":122,"column":56}},"type":"cond-expr","locations":[{"start":{"line":122,"column":47},"end":{"line":122,"column":50}},{"start":{"line":122,"column":53},"end":{"line":122,"column":56}}],"line":122},"4":{"loc":{"start":{"line":124,"column":25},"end":{"line":126,"column":58}},"type":"cond-expr","locations":[{"start":{"line":125,"column":22},"end":{"line":125,"column":60}},{"start":{"line":126,"column":22},"end":{"line":126,"column":58}}],"line":124},"5":{"loc":{"start":{"line":171,"column":30},"end":{"line":171,"column":60}},"type":"cond-expr","locations":[{"start":{"line":171,"column":51},"end":{"line":171,"column":54}},{"start":{"line":171,"column":57},"end":{"line":171,"column":60}}],"line":171},"6":{"loc":{"start":{"line":173,"column":25},"end":{"line":175,"column":52}},"type":"cond-expr","locations":[{"start":{"line":174,"column":22},"end":{"line":174,"column":51}},{"start":{"line":175,"column":22},"end":{"line":175,"column":52}}],"line":173}},"s":{"0":0,"1":0,"2":0,"3":0,"4":0,"5":0,"6":0,"7":0,"8":0,"9":0,"10":0,"11":0,"12":0,"13":0,"14":0,"15":0,"16":0,"17":0,"18":0,"19":0,"20":0,"21":0,"22":0,"23":0,"24":0,"25":0,"26":0,"27":0,"28":0,"29":0,"30":0,"31":0,"32":0,"33":0,"34":0,"35":0,"36":0,"37":0,"38":0},"f":{"0":0,"1":0,"2":0,"3":0,"4":0,"5":0,"6":0},"b":{"0":[0,0],"1":[0,0],"2":[0,0],"3":[0,0],"4":[0,0],"5":[0,0],"6":[0,0]},"inputSourceMap":null,"_coverageSchema":"1a1c01bbd47fc00a2c39e90264f33305004495a9","hash":"838ffe5166c2ffcc81b239e0e1ca2ab73eae9818"}
,"/Users/vitor/Downloads/FitLife/backend/src/controllers/FoodController.js": {"path":"/Users/vitor/Downloads/FitLife/backend/src/controllers/FoodController.js","statementMap":{"0":{"start":{"line":4,"column":30},"end":{"line":266,"column":1}},"1":{"start":{"line":6,"column":25},"end":{"line":6,"column":33}},"2":{"start":{"line":7,"column":19},"end":{"line":7,"column":25}},"3":{"start":{"line":8,"column":23},"end":{"line":8,"column":35}},"4":{"start":{"line":10,"column":8},"end":{"line":38,"column":9}},"5":{"start":{"line":11,"column":25},"end":{"line":11,"column":59}},"6":{"start":{"line":13,"column":12},"end":{"line":22,"column":15}},"7":{"start":{"line":24,"column":12},"end":{"line":24,"column":39}},"8":{"start":{"line":26,"column":12},"end":{"line":35,"column":15}},"9":{"start":{"line":37,"column":12},"end":{"line":37,"column":84}},"10":{"start":{"line":42,"column":19},"end":{"line":42,"column":25}},"11":{"start":{"line":43,"column":23},"end":{"line":43,"column":35}},"12":{"start":{"line":45,"column":8},"end":{"line":73,"column":9}},"13":{"start":{"line":46,"column":26},"end":{"line":46,"column":52}},"14":{"start":{"line":48,"column":12},"end":{"line":57,"column":15}},"15":{"start":{"line":59,"column":12},"end":{"line":59,"column":28}},"16":{"start":{"line":61,"column":12},"end":{"line":70,"column":15}},"17":{"start":{"line":72,"column":12},"end":{"line":72,"column":86}},"18":{"start":{"line":77,"column":23},"end":{"line":77,"column":33}},"19":{"start":{"line":78,"column":19},"end":{"line":78,"column":25}},"20":{"start":{"line":79,"column":23},"end":{"line":79,"column":35}},"21":{"start":{"line":81,"column":8},"end":{"line":123,"column":9}},"22":{"start":{"line":82,"column":25},"end":{"line":82,"column":54}},"23":{"start":{"line":84,"column":12},"end":{"line":96,"column":13}},"24":{"start":{"line":85,"column":16},"end":{"line":94,"column":19}},"25":{"start":{"line":95,"column":16},"end":{"line":95,"column":84}},"26":{"start":{"line":98,"column":12},"end":{"line":107,"column":15}},"27":{"start":{"line":109,"column":12},"end":{"line":109,"column":27}},"28":{"start":{"line":111,"column":12},"end":{"line":120,"column":15}},"29":{"start":{"line":122,"column":12},"end":{"line":122,"column":85}},"30":{"start":{"line":127,"column":25},"end":{"line":127,"column":34}},"31":{"start":{"line":128,"column":19},"end":{"line":128,"column":25}},"32":{"start":{"line":129,"column":23},"end":{"line":129,"column":35}},"33":{"start":{"line":131,"column":8},"end":{"line":159,"column":9}},"34":{"start":{"line":132,"column":26},"end":{"line":132,"column":62}},"35":{"start":{"line":134,"column":12},"end":{"line":143,"column":15}},"36":{"start":{"line":145,"column":12},"end":{"line":145,"column":28}},"37":{"start":{"line":147,"column":12},"end":{"line":156,"column":15}},"38":{"start":{"line":158,"column":12},"end":{"line":158,"column":86}},"39":{"start":{"line":163,"column":23},"end":{"line":163,"column":33}},"40":{"start":{"line":164,"column":27},"end":{"line":164,"column":35}},"41":{"start":{"line":165,"column":19},"end":{"line":165,"column":25}},"42":{"start":{"line":166,"column":23},"end":{"line":166,"column":35}},"43":{"start":{"line":168,"column":8},"end":{"line":212,"column":9}},"44":{"start":{"line":169,"column":28},"end":{"line":169,"column":57}},"45":{"start":{"line":171,"column":12},"end":{"line":183,"column":13}},"46":{"start":{"line":172,"column":16},"end":{"line":181,"column":19}},"47":{"start":{"line":182,"column":16},"end":{"line":182,"column":84}},"48":{"start":{"line":185,"column":28},"end":{"line":185,"column":68}},"49":{"start":{"line":187,"column":12},"end":{"line":196,"column":15}},"50":{"start":{"line":198,"column":12},"end":{"line":198,"column":30}},"51":{"start":{"line":200,"column":12},"end":{"line":209,"column":15}},"52":{"start":{"line":211,"column":12},"end":{"line":211,"column":88}},"53":{"start":{"line":216,"column":23},"end":{"line":216,"column":33}},"54":{"start":{"line":217,"column":19},"end":{"line":217,"column":25}},"55":{"start":{"line":218,"column":23},"end":{"line":218,"column":35}},"56":{"start":{"line":220,"column":8},"end":{"line":264,"column":9}},"57":{"start":{"line":221,"column":25},"end":{"line":221,"column":54}},"58":{"start":{"line":223,"column":12},"end":{"line":235,"column":13}},"59":{"start":{"line":224,"column":16},"end":{"line":233,"column":19}},"60":{"start":{"line":234,"column":16},"end":{"line":234,"column":84}},"61":{"start":{"line":237,"column":12},"end":{"line":237,"column":41}},"62":{"start":{"line":239,"column":12},"end":{"line":248,"column":15}},"63":{"start":{"line":250,"column":12},"end":{"line":250,"column":35}},"64":{"start":{"line":252,"column":12},"end":{"line":261,"column":15}},"65":{"start":{"line":263,"column":12},"end":{"line":263,"column":86}}},"fnMap":{"0":{"name":"(anonymous_0)","decl":{"start":{"line":5,"column":12},"end":{"line":5,"column":13}},"loc":{"start":{"line":5,"column":32},"end":{"line":39,"column":5}},"line":5},"1":{"name":"(anonymous_1)","decl":{"start":{"line":41,"column":12},"end":{"line":41,"column":13}},"loc":{"start":{"line":41,"column":32},"end":{"line":74,"column":5}},"line":41},"2":{"name":"(anonymous_2)","decl":{"start":{"line":76,"column":13},"end":{"line":76,"column":14}},"loc":{"start":{"line":76,"column":33},"end":{"line":124,"column":5}},"line":76},"3":{"name":"(anonymous_3)","decl":{"start":{"line":126,"column":18},"end":{"line":126,"column":19}},"loc":{"start":{"line":126,"column":38},"end":{"line":160,"column":5}},"line":126},"4":{"name":"(anonymous_4)","decl":{"start":{"line":162,"column":12},"end":{"line":162,"column":13}},"loc":{"start":{"line":162,"column":32},"end":{"line":213,"column":5}},"line":162},"5":{"name":"(anonymous_5)","decl":{"start":{"line":215,"column":16},"end":{"line":215,"column":17}},"loc":{"start":{"line":215,"column":36},"end":{"line":265,"column":5}},"line":215}},"branchMap":{"0":{"loc":{"start":{"line":84,"column":12},"end":{"line":96,"column":13}},"type":"if","locations":[{"start":{"line":84,"column":12},"end":{"line":96,"column":13}},{"start":{},"end":{}}],"line":84},"1":{"loc":{"start":{"line":171,"column":12},"end":{"line":183,"column":13}},"type":"if","locations":[{"start":{"line":171,"column":12},"end":{"line":183,"column":13}},{"start":{},"end":{}}],"line":171},"2":{"loc":{"start":{"line":223,"column":12},"end":{"line":235,"column":13}},"type":"if","locations":[{"start":{"line":223,"column":12},"end":{"line":235,"column":13}},{"start":{},"end":{}}],"line":223}},"s":{"0":4,"1":0,"2":0,"3":0,"4":0,"5":0,"6":0,"7":0,"8":0,"9":0,"10":0,"11":0,"12":0,"13":0,"14":0,"15":0,"16":0,"17":0,"18":0,"19":0,"20":0,"21":0,"22":0,"23":0,"24":0,"25":0,"26":0,"27":0,"28":0,"29":0,"30":0,"31":0,"32":0,"33":0,"34":0,"35":0,"36":0,"37":0,"38":0,"39":0,"40":0,"41":0,"42":0,"43":0,"44":0,"45":0,"46":0,"47":0,"48":0,"49":0,"50":0,"51":0,"52":0,"53":0,"54":0,"55":0,"56":0,"57":0,"58":0,"59":0,"60":0,"61":0,"62":0,"63":0,"64":0,"65":0},"f":{"0":0,"1":0,"2":0,"3":0,"4":0,"5":0},"b":{"0":[0,0],"1":[0,0],"2":[0,0]},"inputSourceMap":null,"_coverageSchema":"1a1c01bbd47fc00a2c39e90264f33305004495a9","hash":"55924df32a78582c01067be315055b48521d94c9"}
,"/Users/vitor/Downloads/FitLife/backend/src/controllers/HealthCheckController.js": {"path":"/Users/vitor/Downloads/FitLife/backend/src/controllers/HealthCheckController.js","statementMap":{"0":{"start":{"line":9,"column":8},"end":{"line":51,"column":9}},"1":{"start":{"line":10,"column":28},"end":{"line":10,"column":52}},"2":{"start":{"line":11,"column":29},"end":{"line":11,"column":60}},"3":{"start":{"line":13,"column":30},"end":{"line":13,"column":69}},"4":{"start":{"line":14,"column":31},"end":{"line":14,"column":52}},"5":{"start":{"line":16,"column":12},"end":{"line":42,"column":15}},"6":{"start":{"line":44,"column":12},"end":{"line":44,"column":62}},"7":{"start":{"line":45,"column":12},"end":{"line":50,"column":15}},"8":{"start":{"line":58,"column":8},"end":{"line":104,"column":9}},"9":{"start":{"line":59,"column":28},"end":{"line":59,"column":52}},"10":{"start":{"line":62,"column":39},"end":{"line":62,"column":46}},"11":{"start":{"line":63,"column":39},"end":{"line":63,"column":91}},"12":{"start":{"line":65,"column":12},"end":{"line":96,"column":15}},"13":{"start":{"line":98,"column":12},"end":{"line":98,"column":61}},"14":{"start":{"line":99,"column":12},"end":{"line":103,"column":15}},"15":{"start":{"line":111,"column":8},"end":{"line":126,"column":9}},"16":{"start":{"line":112,"column":12},"end":{"line":112,"column":32}},"17":{"start":{"line":114,"column":12},"end":{"line":118,"column":15}},"18":{"start":{"line":120,"column":12},"end":{"line":120,"column":66}},"19":{"start":{"line":121,"column":12},"end":{"line":125,"column":15}},"20":{"start":{"line":133,"column":8},"end":{"line":137,"column":11}},"21":{"start":{"line":145,"column":22},"end":{"line":145,"column":32}},"22":{"start":{"line":147,"column":4},"end":{"line":164,"column":5}},"23":{"start":{"line":148,"column":8},"end":{"line":148,"column":37}},"24":{"start":{"line":149,"column":29},"end":{"line":149,"column":51}},"25":{"start":{"line":151,"column":8},"end":{"line":154,"column":10}},"26":{"start":{"line":156,"column":29},"end":{"line":156,"column":51}},"27":{"start":{"line":157,"column":8},"end":{"line":157,"column":60}},"28":{"start":{"line":159,"column":8},"end":{"line":163,"column":10}}},"fnMap":{"0":{"name":"(anonymous_0)","decl":{"start":{"line":8,"column":4},"end":{"line":8,"column":5}},"loc":{"start":{"line":8,"column":36},"end":{"line":52,"column":5}},"line":8},"1":{"name":"(anonymous_1)","decl":{"start":{"line":57,"column":4},"end":{"line":57,"column":5}},"loc":{"start":{"line":57,"column":42},"end":{"line":105,"column":5}},"line":57},"2":{"name":"(anonymous_2)","decl":{"start":{"line":110,"column":4},"end":{"line":110,"column":5}},"loc":{"start":{"line":110,"column":31},"end":{"line":127,"column":5}},"line":110},"3":{"name":"(anonymous_3)","decl":{"start":{"line":132,"column":4},"end":{"line":132,"column":5}},"loc":{"start":{"line":132,"column":25},"end":{"line":138,"column":5}},"line":132},"4":{"name":"checkDatabaseConnection","decl":{"start":{"line":144,"column":15},"end":{"line":144,"column":38}},"loc":{"start":{"line":144,"column":41},"end":{"line":165,"column":1}},"line":144}},"branchMap":{"0":{"loc":{"start":{"line":13,"column":30},"end":{"line":13,"column":69}},"type":"binary-expr","locations":[{"start":{"line":13,"column":30},"end":{"line":13,"column":47}},{"start":{"line":13,"column":51},"end":{"line":13,"column":69}}],"line":13},"1":{"loc":{"start":{"line":14,"column":31},"end":{"line":14,"column":52}},"type":"cond-expr","locations":[{"start":{"line":14,"column":43},"end":{"line":14,"column":46}},{"start":{"line":14,"column":49},"end":{"line":14,"column":52}}],"line":14},"2":{"loc":{"start":{"line":18,"column":24},"end":{"line":18,"column":59}},"type":"cond-expr","locations":[{"start":{"line":18,"column":36},"end":{"line":18,"column":45}},{"start":{"line":18,"column":48},"end":{"line":18,"column":59}}],"line":18},"3":{"loc":{"start":{"line":22,"column":32},"end":{"line":22,"column":69}},"type":"cond-expr","locations":[{"start":{"line":22,"column":52},"end":{"line":22,"column":56}},{"start":{"line":22,"column":59},"end":{"line":22,"column":69}}],"line":22},"4":{"loc":{"start":{"line":27,"column":32},"end":{"line":27,"column":66}},"type":"cond-expr","locations":[{"start":{"line":27,"column":53},"end":{"line":27,"column":57}},{"start":{"line":27,"column":60},"end":{"line":27,"column":66}}],"line":27},"5":{"loc":{"start":{"line":71,"column":32},"end":{"line":71,"column":92}},"type":"cond-expr","locations":[{"start":{"line":71,"column":75},"end":{"line":71,"column":79}},{"start":{"line":71,"column":82},"end":{"line":71,"column":92}}],"line":71},"6":{"loc":{"start":{"line":76,"column":32},"end":{"line":76,"column":95}},"type":"cond-expr","locations":[{"start":{"line":76,"column":79},"end":{"line":76,"column":83}},{"start":{"line":76,"column":86},"end":{"line":76,"column":95}}],"line":76},"7":{"loc":{"start":{"line":83,"column":32},"end":{"line":83,"column":96}},"type":"cond-expr","locations":[{"start":{"line":83,"column":79},"end":{"line":83,"column":83}},{"start":{"line":83,"column":86},"end":{"line":83,"column":96}}],"line":83},"8":{"loc":{"start":{"line":93,"column":38},"end":{"line":93,"column":126}},"type":"binary-expr","locations":[{"start":{"line":93,"column":38},"end":{"line":93,"column":78}},{"start":{"line":93,"column":82},"end":{"line":93,"column":126}}],"line":93}},"s":{"0":0,"1":0,"2":0,"3":0,"4":0,"5":0,"6":0,"7":0,"8":0,"9":0,"10":0,"11":0,"12":0,"13":0,"14":0,"15":0,"16":0,"17":0,"18":0,"19":0,"20":0,"21":0,"22":0,"23":0,"24":0,"25":0,"26":0,"27":0,"28":0},"f":{"0":0,"1":0,"2":0,"3":0,"4":0},"b":{"0":[0,0],"1":[0,0],"2":[0,0],"3":[0,0],"4":[0,0],"5":[0,0],"6":[0,0],"7":[0,0],"8":[0,0]},"inputSourceMap":null,"_coverageSchema":"1a1c01bbd47fc00a2c39e90264f33305004495a9","hash":"92dded1852e2c4ad662492d9de7a8e878220c32f"}
,"/Users/vitor/Downloads/FitLife/backend/src/controllers/LogController.js": {"path":"/Users/vitor/Downloads/FitLife/backend/src/controllers/LogController.js","statementMap":{"0":{"start":{"line":3,"column":29},"end":{"line":86,"column":1}},"1":{"start":{"line":6,"column":8},"end":{"line":24,"column":9}},"2":{"start":{"line":7,"column":93},"end":{"line":7,"column":101}},"3":{"start":{"line":9,"column":24},"end":{"line":18,"column":14}},"4":{"start":{"line":20,"column":12},"end":{"line":20,"column":38}},"5":{"start":{"line":22,"column":12},"end":{"line":22,"column":55}},"6":{"start":{"line":23,"column":12},"end":{"line":23,"column":72}},"7":{"start":{"line":29,"column":8},"end":{"line":36,"column":9}},"8":{"start":{"line":30,"column":30},"end":{"line":30,"column":39}},"9":{"start":{"line":31,"column":25},"end":{"line":31,"column":80}},"10":{"start":{"line":32,"column":12},"end":{"line":32,"column":39}},"11":{"start":{"line":34,"column":12},"end":{"line":34,"column":57}},"12":{"start":{"line":35,"column":12},"end":{"line":35,"column":72}},"13":{"start":{"line":41,"column":8},"end":{"line":48,"column":9}},"14":{"start":{"line":42,"column":31},"end":{"line":42,"column":41}},"15":{"start":{"line":43,"column":25},"end":{"line":43,"column":63}},"16":{"start":{"line":44,"column":12},"end":{"line":44,"column":39}},"17":{"start":{"line":46,"column":12},"end":{"line":46,"column":68}},"18":{"start":{"line":47,"column":12},"end":{"line":47,"column":72}},"19":{"start":{"line":53,"column":8},"end":{"line":60,"column":9}},"20":{"start":{"line":54,"column":31},"end":{"line":54,"column":41}},"21":{"start":{"line":55,"column":25},"end":{"line":55,"column":65}},"22":{"start":{"line":56,"column":12},"end":{"line":56,"column":39}},"23":{"start":{"line":58,"column":12},"end":{"line":58,"column":66}},"24":{"start":{"line":59,"column":12},"end":{"line":59,"column":72}},"25":{"start":{"line":65,"column":8},"end":{"line":72,"column":9}},"26":{"start":{"line":66,"column":43},"end":{"line":66,"column":52}},"27":{"start":{"line":67,"column":25},"end":{"line":67,"column":80}},"28":{"start":{"line":68,"column":12},"end":{"line":68,"column":39}},"29":{"start":{"line":70,"column":12},"end":{"line":70,"column":69}},"30":{"start":{"line":71,"column":12},"end":{"line":71,"column":72}},"31":{"start":{"line":77,"column":8},"end":{"line":84,"column":9}},"32":{"start":{"line":78,"column":27},"end":{"line":78,"column":37}},"33":{"start":{"line":79,"column":12},"end":{"line":79,"column":43}},"34":{"start":{"line":80,"column":12},"end":{"line":80,"column":74}},"35":{"start":{"line":82,"column":12},"end":{"line":82,"column":57}},"36":{"start":{"line":83,"column":12},"end":{"line":83,"column":72}}},"fnMap":{"0":{"name":"(anonymous_0)","decl":{"start":{"line":5,"column":12},"end":{"line":5,"column":13}},"loc":{"start":{"line":5,"column":32},"end":{"line":25,"column":5}},"line":5},"1":{"name":"(anonymous_1)","decl":{"start":{"line":28,"column":12},"end":{"line":28,"column":13}},"loc":{"start":{"line":28,"column":32},"end":{"line":37,"column":5}},"line":28},"2":{"name":"(anonymous_2)","decl":{"start":{"line":40,"column":15},"end":{"line":40,"column":16}},"loc":{"start":{"line":40,"column":35},"end":{"line":49,"column":5}},"line":40},"3":{"name":"(anonymous_3)","decl":{"start":{"line":52,"column":17},"end":{"line":52,"column":18}},"loc":{"start":{"line":52,"column":37},"end":{"line":61,"column":5}},"line":52},"4":{"name":"(anonymous_4)","decl":{"start":{"line":64,"column":20},"end":{"line":64,"column":21}},"loc":{"start":{"line":64,"column":40},"end":{"line":73,"column":5}},"line":64},"5":{"name":"(anonymous_5)","decl":{"start":{"line":76,"column":12},"end":{"line":76,"column":13}},"loc":{"start":{"line":76,"column":32},"end":{"line":85,"column":5}},"line":76}},"branchMap":{"0":{"loc":{"start":{"line":31,"column":50},"end":{"line":31,"column":79}},"type":"cond-expr","locations":[{"start":{"line":31,"column":58},"end":{"line":31,"column":73}},{"start":{"line":31,"column":76},"end":{"line":31,"column":79}}],"line":31}},"s":{"0":4,"1":0,"2":0,"3":0,"4":0,"5":0,"6":0,"7":0,"8":0,"9":0,"10":0,"11":0,"12":0,"13":0,"14":0,"15":0,"16":0,"17":0,"18":0,"19":0,"20":0,"21":0,"22":0,"23":0,"24":0,"25":0,"26":0,"27":0,"28":0,"29":0,"30":0,"31":0,"32":0,"33":0,"34":0,"35":0,"36":0},"f":{"0":0,"1":0,"2":0,"3":0,"4":0,"5":0},"b":{"0":[0,0]},"inputSourceMap":null,"_coverageSchema":"1a1c01bbd47fc00a2c39e90264f33305004495a9","hash":"f71162bb815c7849dafd7b6cd02a5913a61915da"}
,"/Users/vitor/Downloads/FitLife/backend/src/controllers/MealCalendarController.js": {"path":"/Users/vitor/Downloads/FitLife/backend/src/controllers/MealCalendarController.js","statementMap":{"0":{"start":{"line":6,"column":8},"end":{"line":17,"column":9}},"1":{"start":{"line":7,"column":47},"end":{"line":7,"column":57}},"2":{"start":{"line":8,"column":25},"end":{"line":12,"column":13}},"3":{"start":{"line":13,"column":12},"end":{"line":13,"column":27}},"4":{"start":{"line":15,"column":12},"end":{"line":15,"column":69}},"5":{"start":{"line":16,"column":12},"end":{"line":16,"column":79}},"6":{"start":{"line":22,"column":8},"end":{"line":29,"column":9}},"7":{"start":{"line":23,"column":40},"end":{"line":23,"column":50}},"8":{"start":{"line":24,"column":25},"end":{"line":24,"column":81}},"9":{"start":{"line":25,"column":12},"end":{"line":25,"column":27}},"10":{"start":{"line":27,"column":12},"end":{"line":27,"column":68}},"11":{"start":{"line":28,"column":12},"end":{"line":28,"column":78}}},"fnMap":{"0":{"name":"(anonymous_0)","decl":{"start":{"line":5,"column":4},"end":{"line":5,"column":5}},"loc":{"start":{"line":5,"column":39},"end":{"line":18,"column":5}},"line":5},"1":{"name":"(anonymous_1)","decl":{"start":{"line":21,"column":4},"end":{"line":21,"column":5}},"loc":{"start":{"line":21,"column":34},"end":{"line":30,"column":5}},"line":21}},"branchMap":{},"s":{"0":0,"1":0,"2":0,"3":0,"4":0,"5":0,"6":0,"7":0,"8":0,"9":0,"10":0,"11":0},"f":{"0":0,"1":0},"b":{},"inputSourceMap":null,"_coverageSchema":"1a1c01bbd47fc00a2c39e90264f33305004495a9","hash":"c49e73e08d67e541b4053a28be72204d5d18f5c2"}
,"/Users/vitor/Downloads/FitLife/backend/src/controllers/MealItemController.js": {"path":"/Users/vitor/Downloads/FitLife/backend/src/controllers/MealItemController.js","statementMap":{"0":{"start":{"line":4,"column":34},"end":{"line":266,"column":1}},"1":{"start":{"line":6,"column":25},"end":{"line":6,"column":33}},"2":{"start":{"line":7,"column":19},"end":{"line":7,"column":25}},"3":{"start":{"line":8,"column":23},"end":{"line":8,"column":35}},"4":{"start":{"line":10,"column":8},"end":{"line":38,"column":9}},"5":{"start":{"line":11,"column":25},"end":{"line":11,"column":63}},"6":{"start":{"line":13,"column":12},"end":{"line":22,"column":15}},"7":{"start":{"line":24,"column":12},"end":{"line":24,"column":39}},"8":{"start":{"line":26,"column":12},"end":{"line":35,"column":15}},"9":{"start":{"line":37,"column":12},"end":{"line":37,"column":92}},"10":{"start":{"line":42,"column":19},"end":{"line":42,"column":25}},"11":{"start":{"line":43,"column":23},"end":{"line":43,"column":35}},"12":{"start":{"line":45,"column":8},"end":{"line":73,"column":9}},"13":{"start":{"line":46,"column":26},"end":{"line":46,"column":56}},"14":{"start":{"line":48,"column":12},"end":{"line":57,"column":15}},"15":{"start":{"line":59,"column":12},"end":{"line":59,"column":28}},"16":{"start":{"line":61,"column":12},"end":{"line":70,"column":15}},"17":{"start":{"line":72,"column":12},"end":{"line":72,"column":94}},"18":{"start":{"line":77,"column":23},"end":{"line":77,"column":33}},"19":{"start":{"line":78,"column":19},"end":{"line":78,"column":25}},"20":{"start":{"line":79,"column":23},"end":{"line":79,"column":35}},"21":{"start":{"line":81,"column":8},"end":{"line":123,"column":9}},"22":{"start":{"line":82,"column":25},"end":{"line":82,"column":58}},"23":{"start":{"line":84,"column":12},"end":{"line":96,"column":13}},"24":{"start":{"line":85,"column":16},"end":{"line":94,"column":19}},"25":{"start":{"line":95,"column":16},"end":{"line":95,"column":92}},"26":{"start":{"line":98,"column":12},"end":{"line":107,"column":15}},"27":{"start":{"line":109,"column":12},"end":{"line":109,"column":27}},"28":{"start":{"line":111,"column":12},"end":{"line":120,"column":15}},"29":{"start":{"line":122,"column":12},"end":{"line":122,"column":93}},"30":{"start":{"line":127,"column":27},"end":{"line":127,"column":37}},"31":{"start":{"line":128,"column":19},"end":{"line":128,"column":25}},"32":{"start":{"line":129,"column":23},"end":{"line":129,"column":35}},"33":{"start":{"line":131,"column":8},"end":{"line":159,"column":9}},"34":{"start":{"line":132,"column":26},"end":{"line":132,"column":67}},"35":{"start":{"line":134,"column":12},"end":{"line":143,"column":15}},"36":{"start":{"line":145,"column":12},"end":{"line":145,"column":28}},"37":{"start":{"line":147,"column":12},"end":{"line":156,"column":15}},"38":{"start":{"line":158,"column":12},"end":{"line":158,"column":94}},"39":{"start":{"line":163,"column":23},"end":{"line":163,"column":33}},"40":{"start":{"line":164,"column":27},"end":{"line":164,"column":35}},"41":{"start":{"line":165,"column":19},"end":{"line":165,"column":25}},"42":{"start":{"line":166,"column":23},"end":{"line":166,"column":35}},"43":{"start":{"line":168,"column":8},"end":{"line":212,"column":9}},"44":{"start":{"line":169,"column":28},"end":{"line":169,"column":61}},"45":{"start":{"line":171,"column":12},"end":{"line":183,"column":13}},"46":{"start":{"line":172,"column":16},"end":{"line":181,"column":19}},"47":{"start":{"line":182,"column":16},"end":{"line":182,"column":92}},"48":{"start":{"line":185,"column":28},"end":{"line":185,"column":72}},"49":{"start":{"line":187,"column":12},"end":{"line":196,"column":15}},"50":{"start":{"line":198,"column":12},"end":{"line":198,"column":30}},"51":{"start":{"line":200,"column":12},"end":{"line":209,"column":15}},"52":{"start":{"line":211,"column":12},"end":{"line":211,"column":96}},"53":{"start":{"line":216,"column":23},"end":{"line":216,"column":33}},"54":{"start":{"line":217,"column":19},"end":{"line":217,"column":25}},"55":{"start":{"line":218,"column":23},"end":{"line":218,"column":35}},"56":{"start":{"line":220,"column":8},"end":{"line":264,"column":9}},"57":{"start":{"line":221,"column":25},"end":{"line":221,"column":58}},"58":{"start":{"line":223,"column":12},"end":{"line":235,"column":13}},"59":{"start":{"line":224,"column":16},"end":{"line":233,"column":19}},"60":{"start":{"line":234,"column":16},"end":{"line":234,"column":92}},"61":{"start":{"line":237,"column":12},"end":{"line":237,"column":45}},"62":{"start":{"line":239,"column":12},"end":{"line":248,"column":15}},"63":{"start":{"line":250,"column":12},"end":{"line":250,"column":35}},"64":{"start":{"line":252,"column":12},"end":{"line":261,"column":15}},"65":{"start":{"line":263,"column":12},"end":{"line":263,"column":94}}},"fnMap":{"0":{"name":"(anonymous_0)","decl":{"start":{"line":5,"column":12},"end":{"line":5,"column":13}},"loc":{"start":{"line":5,"column":32},"end":{"line":39,"column":5}},"line":5},"1":{"name":"(anonymous_1)","decl":{"start":{"line":41,"column":12},"end":{"line":41,"column":13}},"loc":{"start":{"line":41,"column":32},"end":{"line":74,"column":5}},"line":41},"2":{"name":"(anonymous_2)","decl":{"start":{"line":76,"column":13},"end":{"line":76,"column":14}},"loc":{"start":{"line":76,"column":33},"end":{"line":124,"column":5}},"line":76},"3":{"name":"(anonymous_3)","decl":{"start":{"line":126,"column":17},"end":{"line":126,"column":18}},"loc":{"start":{"line":126,"column":37},"end":{"line":160,"column":5}},"line":126},"4":{"name":"(anonymous_4)","decl":{"start":{"line":162,"column":12},"end":{"line":162,"column":13}},"loc":{"start":{"line":162,"column":32},"end":{"line":213,"column":5}},"line":162},"5":{"name":"(anonymous_5)","decl":{"start":{"line":215,"column":20},"end":{"line":215,"column":21}},"loc":{"start":{"line":215,"column":40},"end":{"line":265,"column":5}},"line":215}},"branchMap":{"0":{"loc":{"start":{"line":84,"column":12},"end":{"line":96,"column":13}},"type":"if","locations":[{"start":{"line":84,"column":12},"end":{"line":96,"column":13}},{"start":{},"end":{}}],"line":84},"1":{"loc":{"start":{"line":171,"column":12},"end":{"line":183,"column":13}},"type":"if","locations":[{"start":{"line":171,"column":12},"end":{"line":183,"column":13}},{"start":{},"end":{}}],"line":171},"2":{"loc":{"start":{"line":223,"column":12},"end":{"line":235,"column":13}},"type":"if","locations":[{"start":{"line":223,"column":12},"end":{"line":235,"column":13}},{"start":{},"end":{}}],"line":223}},"s":{"0":0,"1":0,"2":0,"3":0,"4":0,"5":0,"6":0,"7":0,"8":0,"9":0,"10":0,"11":0,"12":0,"13":0,"14":0,"15":0,"16":0,"17":0,"18":0,"19":0,"20":0,"21":0,"22":0,"23":0,"24":0,"25":0,"26":0,"27":0,"28":0,"29":0,"30":0,"31":0,"32":0,"33":0,"34":0,"35":0,"36":0,"37":0,"38":0,"39":0,"40":0,"41":0,"42":0,"43":0,"44":0,"45":0,"46":0,"47":0,"48":0,"49":0,"50":0,"51":0,"52":0,"53":0,"54":0,"55":0,"56":0,"57":0,"58":0,"59":0,"60":0,"61":0,"62":0,"63":0,"64":0,"65":0},"f":{"0":0,"1":0,"2":0,"3":0,"4":0,"5":0},"b":{"0":[0,0],"1":[0,0],"2":[0,0]},"inputSourceMap":null}
,"/Users/vitor/Downloads/FitLife/backend/src/controllers/MealRecordController.js": {"path":"/Users/vitor/Downloads/FitLife/backend/src/controllers/MealRecordController.js","statementMap":{"0":{"start":{"line":7,"column":4},"end":{"line":14,"column":5}},"1":{"start":{"line":8,"column":34},"end":{"line":8,"column":44}},"2":{"start":{"line":9,"column":20},"end":{"line":9,"column":84}},"3":{"start":{"line":10,"column":6},"end":{"line":10,"column":22}},"4":{"start":{"line":12,"column":6},"end":{"line":12,"column":56}},"5":{"start":{"line":13,"column":6},"end":{"line":13,"column":66}},"6":{"start":{"line":19,"column":4},"end":{"line":29,"column":5}},"7":{"start":{"line":20,"column":21},"end":{"line":20,"column":31}},"8":{"start":{"line":21,"column":19},"end":{"line":21,"column":58}},"9":{"start":{"line":22,"column":6},"end":{"line":24,"column":7}},"10":{"start":{"line":23,"column":8},"end":{"line":23,"column":74}},"11":{"start":{"line":25,"column":6},"end":{"line":25,"column":21}},"12":{"start":{"line":27,"column":6},"end":{"line":27,"column":55}},"13":{"start":{"line":28,"column":6},"end":{"line":28,"column":65}},"14":{"start":{"line":34,"column":4},"end":{"line":44,"column":5}},"15":{"start":{"line":35,"column":52},"end":{"line":35,"column":60}},"16":{"start":{"line":36,"column":6},"end":{"line":38,"column":7}},"17":{"start":{"line":37,"column":8},"end":{"line":37,"column":91}},"18":{"start":{"line":39,"column":19},"end":{"line":39,"column":62}},"19":{"start":{"line":40,"column":6},"end":{"line":40,"column":33}},"20":{"start":{"line":42,"column":6},"end":{"line":42,"column":54}},"21":{"start":{"line":43,"column":6},"end":{"line":43,"column":64}},"22":{"start":{"line":49,"column":4},"end":{"line":59,"column":5}},"23":{"start":{"line":50,"column":21},"end":{"line":50,"column":31}},"24":{"start":{"line":51,"column":19},"end":{"line":51,"column":66}},"25":{"start":{"line":52,"column":6},"end":{"line":54,"column":7}},"26":{"start":{"line":53,"column":8},"end":{"line":53,"column":74}},"27":{"start":{"line":55,"column":6},"end":{"line":55,"column":21}},"28":{"start":{"line":57,"column":6},"end":{"line":57,"column":58}},"29":{"start":{"line":58,"column":6},"end":{"line":58,"column":68}},"30":{"start":{"line":64,"column":4},"end":{"line":74,"column":5}},"31":{"start":{"line":65,"column":21},"end":{"line":65,"column":31}},"32":{"start":{"line":66,"column":19},"end":{"line":66,"column":56}},"33":{"start":{"line":67,"column":6},"end":{"line":69,"column":7}},"34":{"start":{"line":68,"column":8},"end":{"line":68,"column":74}},"35":{"start":{"line":70,"column":6},"end":{"line":70,"column":61}},"36":{"start":{"line":72,"column":6},"end":{"line":72,"column":56}},"37":{"start":{"line":73,"column":6},"end":{"line":73,"column":66}},"38":{"start":{"line":79,"column":4},"end":{"line":86,"column":5}},"39":{"start":{"line":80,"column":21},"end":{"line":80,"column":31}},"40":{"start":{"line":81,"column":19},"end":{"line":81,"column":87}},"41":{"start":{"line":82,"column":6},"end":{"line":82,"column":33}},"42":{"start":{"line":84,"column":6},"end":{"line":84,"column":54}},"43":{"start":{"line":85,"column":6},"end":{"line":85,"column":64}},"44":{"start":{"line":91,"column":4},"end":{"line":101,"column":5}},"45":{"start":{"line":92,"column":25},"end":{"line":92,"column":35}},"46":{"start":{"line":93,"column":19},"end":{"line":93,"column":68}},"47":{"start":{"line":94,"column":6},"end":{"line":96,"column":7}},"48":{"start":{"line":95,"column":8},"end":{"line":95,"column":70}},"49":{"start":{"line":97,"column":6},"end":{"line":97,"column":21}},"50":{"start":{"line":99,"column":6},"end":{"line":99,"column":54}},"51":{"start":{"line":100,"column":6},"end":{"line":100,"column":64}},"52":{"start":{"line":106,"column":4},"end":{"line":116,"column":5}},"53":{"start":{"line":107,"column":25},"end":{"line":107,"column":35}},"54":{"start":{"line":108,"column":19},"end":{"line":108,"column":58}},"55":{"start":{"line":109,"column":6},"end":{"line":111,"column":7}},"56":{"start":{"line":110,"column":8},"end":{"line":110,"column":70}},"57":{"start":{"line":112,"column":6},"end":{"line":112,"column":57}},"58":{"start":{"line":114,"column":6},"end":{"line":114,"column":52}},"59":{"start":{"line":115,"column":6},"end":{"line":115,"column":62}}},"fnMap":{"0":{"name":"(anonymous_0)","decl":{"start":{"line":6,"column":2},"end":{"line":6,"column":3}},"loc":{"start":{"line":6,"column":38},"end":{"line":15,"column":3}},"line":6},"1":{"name":"(anonymous_1)","decl":{"start":{"line":18,"column":2},"end":{"line":18,"column":3}},"loc":{"start":{"line":18,"column":26},"end":{"line":30,"column":3}},"line":18},"2":{"name":"(anonymous_2)","decl":{"start":{"line":33,"column":2},"end":{"line":33,"column":3}},"loc":{"start":{"line":33,"column":25},"end":{"line":45,"column":3}},"line":33},"3":{"name":"(anonymous_3)","decl":{"start":{"line":48,"column":2},"end":{"line":48,"column":3}},"loc":{"start":{"line":48,"column":25},"end":{"line":60,"column":3}},"line":48},"4":{"name":"(anonymous_4)","decl":{"start":{"line":63,"column":2},"end":{"line":63,"column":3}},"loc":{"start":{"line":63,"column":25},"end":{"line":75,"column":3}},"line":63},"5":{"name":"(anonymous_5)","decl":{"start":{"line":78,"column":2},"end":{"line":78,"column":3}},"loc":{"start":{"line":78,"column":26},"end":{"line":87,"column":3}},"line":78},"6":{"name":"(anonymous_6)","decl":{"start":{"line":90,"column":2},"end":{"line":90,"column":3}},"loc":{"start":{"line":90,"column":29},"end":{"line":102,"column":3}},"line":90},"7":{"name":"(anonymous_7)","decl":{"start":{"line":105,"column":2},"end":{"line":105,"column":3}},"loc":{"start":{"line":105,"column":29},"end":{"line":117,"column":3}},"line":105}},"branchMap":{"0":{"loc":{"start":{"line":22,"column":6},"end":{"line":24,"column":7}},"type":"if","locations":[{"start":{"line":22,"column":6},"end":{"line":24,"column":7}},{"start":{},"end":{}}],"line":22},"1":{"loc":{"start":{"line":36,"column":6},"end":{"line":38,"column":7}},"type":"if","locations":[{"start":{"line":36,"column":6},"end":{"line":38,"column":7}},{"start":{},"end":{}}],"line":36},"2":{"loc":{"start":{"line":36,"column":10},"end":{"line":36,"column":39}},"type":"binary-expr","locations":[{"start":{"line":36,"column":10},"end":{"line":36,"column":15}},{"start":{"line":36,"column":19},"end":{"line":36,"column":24}},{"start":{"line":36,"column":28},"end":{"line":36,"column":39}}],"line":36},"3":{"loc":{"start":{"line":52,"column":6},"end":{"line":54,"column":7}},"type":"if","locations":[{"start":{"line":52,"column":6},"end":{"line":54,"column":7}},{"start":{},"end":{}}],"line":52},"4":{"loc":{"start":{"line":67,"column":6},"end":{"line":69,"column":7}},"type":"if","locations":[{"start":{"line":67,"column":6},"end":{"line":69,"column":7}},{"start":{},"end":{}}],"line":67},"5":{"loc":{"start":{"line":94,"column":6},"end":{"line":96,"column":7}},"type":"if","locations":[{"start":{"line":94,"column":6},"end":{"line":96,"column":7}},{"start":{},"end":{}}],"line":94},"6":{"loc":{"start":{"line":109,"column":6},"end":{"line":111,"column":7}},"type":"if","locations":[{"start":{"line":109,"column":6},"end":{"line":111,"column":7}},{"start":{},"end":{}}],"line":109}},"s":{"0":0,"1":0,"2":0,"3":0,"4":0,"5":0,"6":0,"7":0,"8":0,"9":0,"10":0,"11":0,"12":0,"13":0,"14":0,"15":0,"16":0,"17":0,"18":0,"19":0,"20":0,"21":0,"22":0,"23":0,"24":0,"25":0,"26":0,"27":0,"28":0,"29":0,"30":0,"31":0,"32":0,"33":0,"34":0,"35":0,"36":0,"37":0,"38":0,"39":0,"40":0,"41":0,"42":0,"43":0,"44":0,"45":0,"46":0,"47":0,"48":0,"49":0,"50":0,"51":0,"52":0,"53":0,"54":0,"55":0,"56":0,"57":0,"58":0,"59":0},"f":{"0":0,"1":0,"2":0,"3":0,"4":0,"5":0,"6":0,"7":0},"b":{"0":[0,0],"1":[0,0],"2":[0,0,0],"3":[0,0],"4":[0,0],"5":[0,0],"6":[0,0]},"inputSourceMap":null,"_coverageSchema":"1a1c01bbd47fc00a2c39e90264f33305004495a9","hash":"4cd3788259ffab0b933af2f31983a9a761b09ac7"}
,"/Users/vitor/Downloads/FitLife/backend/src/controllers/MedidasCorporaisController.js": {"path":"/Users/vitor/Downloads/FitLife/backend/src/controllers/MedidasCorporaisController.js","statementMap":{"0":{"start":{"line":9,"column":8},"end":{"line":43,"column":9}},"1":{"start":{"line":10,"column":32},"end":{"line":27,"column":13}},"2":{"start":{"line":29,"column":27},"end":{"line":29,"column":95}},"3":{"start":{"line":31,"column":12},"end":{"line":35,"column":15}},"4":{"start":{"line":37,"column":12},"end":{"line":37,"column":67}},"5":{"start":{"line":38,"column":12},"end":{"line":42,"column":15}},"6":{"start":{"line":51,"column":8},"end":{"line":67,"column":9}},"7":{"start":{"line":52,"column":34},"end":{"line":52,"column":44}},"8":{"start":{"line":53,"column":28},"end":{"line":53,"column":88}},"9":{"start":{"line":55,"column":12},"end":{"line":59,"column":15}},"10":{"start":{"line":61,"column":12},"end":{"line":61,"column":70}},"11":{"start":{"line":62,"column":12},"end":{"line":66,"column":15}},"12":{"start":{"line":75,"column":8},"end":{"line":89,"column":9}},"13":{"start":{"line":76,"column":27},"end":{"line":76,"column":37}},"14":{"start":{"line":77,"column":27},"end":{"line":77,"column":74}},"15":{"start":{"line":79,"column":12},"end":{"line":82,"column":15}},"16":{"start":{"line":84,"column":12},"end":{"line":84,"column":68}},"17":{"start":{"line":85,"column":12},"end":{"line":88,"column":15}},"18":{"start":{"line":97,"column":8},"end":{"line":127,"column":9}},"19":{"start":{"line":98,"column":34},"end":{"line":98,"column":44}},"20":{"start":{"line":99,"column":44},"end":{"line":99,"column":53}},"21":{"start":{"line":101,"column":12},"end":{"line":106,"column":13}},"22":{"start":{"line":102,"column":16},"end":{"line":105,"column":19}},"23":{"start":{"line":108,"column":28},"end":{"line":112,"column":13}},"24":{"start":{"line":114,"column":12},"end":{"line":119,"column":15}},"25":{"start":{"line":121,"column":12},"end":{"line":121,"column":72}},"26":{"start":{"line":122,"column":12},"end":{"line":126,"column":15}},"27":{"start":{"line":135,"column":8},"end":{"line":157,"column":9}},"28":{"start":{"line":136,"column":34},"end":{"line":136,"column":44}},"29":{"start":{"line":137,"column":27},"end":{"line":137,"column":83}},"30":{"start":{"line":139,"column":12},"end":{"line":144,"column":13}},"31":{"start":{"line":140,"column":16},"end":{"line":143,"column":19}},"32":{"start":{"line":146,"column":12},"end":{"line":149,"column":15}},"33":{"start":{"line":151,"column":12},"end":{"line":151,"column":66}},"34":{"start":{"line":152,"column":12},"end":{"line":156,"column":15}},"35":{"start":{"line":165,"column":8},"end":{"line":203,"column":9}},"36":{"start":{"line":166,"column":27},"end":{"line":166,"column":37}},"37":{"start":{"line":167,"column":32},"end":{"line":183,"column":13}},"38":{"start":{"line":185,"column":37},"end":{"line":189,"column":13}},"39":{"start":{"line":191,"column":12},"end":{"line":195,"column":15}},"40":{"start":{"line":197,"column":12},"end":{"line":197,"column":71}},"41":{"start":{"line":198,"column":12},"end":{"line":202,"column":15}},"42":{"start":{"line":211,"column":8},"end":{"line":226,"column":9}},"43":{"start":{"line":212,"column":27},"end":{"line":212,"column":37}},"44":{"start":{"line":213,"column":12},"end":{"line":213,"column":72}},"45":{"start":{"line":215,"column":12},"end":{"line":218,"column":15}},"46":{"start":{"line":220,"column":12},"end":{"line":220,"column":69}},"47":{"start":{"line":221,"column":12},"end":{"line":225,"column":15}},"48":{"start":{"line":234,"column":8},"end":{"line":252,"column":9}},"49":{"start":{"line":235,"column":34},"end":{"line":235,"column":44}},"50":{"start":{"line":236,"column":26},"end":{"line":236,"column":57}},"51":{"start":{"line":238,"column":30},"end":{"line":238,"column":90}},"52":{"start":{"line":240,"column":12},"end":{"line":244,"column":15}},"53":{"start":{"line":246,"column":12},"end":{"line":246,"column":61}},"54":{"start":{"line":247,"column":12},"end":{"line":251,"column":15}},"55":{"start":{"line":260,"column":8},"end":{"line":289,"column":9}},"56":{"start":{"line":261,"column":37},"end":{"line":261,"column":45}},"57":{"start":{"line":263,"column":12},"end":{"line":268,"column":13}},"58":{"start":{"line":264,"column":16},"end":{"line":267,"column":19}},"59":{"start":{"line":270,"column":24},"end":{"line":270,"column":73}},"60":{"start":{"line":271,"column":34},"end":{"line":271,"column":77}},"61":{"start":{"line":273,"column":12},"end":{"line":281,"column":15}},"62":{"start":{"line":283,"column":12},"end":{"line":283,"column":58}},"63":{"start":{"line":284,"column":12},"end":{"line":288,"column":15}}},"fnMap":{"0":{"name":"(anonymous_0)","decl":{"start":{"line":8,"column":4},"end":{"line":8,"column":5}},"loc":{"start":{"line":8,"column":27},"end":{"line":44,"column":5}},"line":8},"1":{"name":"(anonymous_1)","decl":{"start":{"line":50,"column":4},"end":{"line":50,"column":5}},"loc":{"start":{"line":50,"column":33},"end":{"line":68,"column":5}},"line":50},"2":{"name":"(anonymous_2)","decl":{"start":{"line":74,"column":4},"end":{"line":74,"column":5}},"loc":{"start":{"line":74,"column":28},"end":{"line":90,"column":5}},"line":74},"3":{"name":"(anonymous_3)","decl":{"start":{"line":96,"column":4},"end":{"line":96,"column":5}},"loc":{"start":{"line":96,"column":35},"end":{"line":128,"column":5}},"line":96},"4":{"name":"(anonymous_4)","decl":{"start":{"line":134,"column":4},"end":{"line":134,"column":5}},"loc":{"start":{"line":134,"column":30},"end":{"line":158,"column":5}},"line":134},"5":{"name":"(anonymous_5)","decl":{"start":{"line":164,"column":4},"end":{"line":164,"column":5}},"loc":{"start":{"line":164,"column":27},"end":{"line":204,"column":5}},"line":164},"6":{"name":"(anonymous_6)","decl":{"start":{"line":210,"column":4},"end":{"line":210,"column":5}},"loc":{"start":{"line":210,"column":27},"end":{"line":227,"column":5}},"line":210},"7":{"name":"(anonymous_7)","decl":{"start":{"line":233,"column":4},"end":{"line":233,"column":5}},"loc":{"start":{"line":233,"column":33},"end":{"line":253,"column":5}},"line":233},"8":{"name":"(anonymous_8)","decl":{"start":{"line":259,"column":4},"end":{"line":259,"column":5}},"loc":{"start":{"line":259,"column":32},"end":{"line":290,"column":5}},"line":259}},"branchMap":{"0":{"loc":{"start":{"line":101,"column":12},"end":{"line":106,"column":13}},"type":"if","locations":[{"start":{"line":101,"column":12},"end":{"line":106,"column":13}},{"start":{},"end":{}}],"line":101},"1":{"loc":{"start":{"line":101,"column":16},"end":{"line":101,"column":39}},"type":"binary-expr","locations":[{"start":{"line":101,"column":16},"end":{"line":101,"column":27}},{"start":{"line":101,"column":31},"end":{"line":101,"column":39}}],"line":101},"2":{"loc":{"start":{"line":139,"column":12},"end":{"line":144,"column":13}},"type":"if","locations":[{"start":{"line":139,"column":12},"end":{"line":144,"column":13}},{"start":{},"end":{}}],"line":139},"3":{"loc":{"start":{"line":236,"column":26},"end":{"line":236,"column":57}},"type":"binary-expr","locations":[{"start":{"line":236,"column":26},"end":{"line":236,"column":51}},{"start":{"line":236,"column":55},"end":{"line":236,"column":57}}],"line":236},"4":{"loc":{"start":{"line":263,"column":12},"end":{"line":268,"column":13}},"type":"if","locations":[{"start":{"line":263,"column":12},"end":{"line":268,"column":13}},{"start":{},"end":{}}],"line":263},"5":{"loc":{"start":{"line":263,"column":16},"end":{"line":263,"column":32}},"type":"binary-expr","locations":[{"start":{"line":263,"column":16},"end":{"line":263,"column":21}},{"start":{"line":263,"column":25},"end":{"line":263,"column":32}}],"line":263}},"s":{"0":0,"1":0,"2":0,"3":0,"4":0,"5":0,"6":0,"7":0,"8":0,"9":0,"10":0,"11":0,"12":0,"13":0,"14":0,"15":0,"16":0,"17":0,"18":0,"19":0,"20":0,"21":0,"22":0,"23":0,"24":0,"25":0,"26":0,"27":0,"28":0,"29":0,"30":0,"31":0,"32":0,"33":0,"34":0,"35":0,"36":0,"37":0,"38":0,"39":0,"40":0,"41":0,"42":0,"43":0,"44":0,"45":0,"46":0,"47":0,"48":0,"49":0,"50":0,"51":0,"52":0,"53":0,"54":0,"55":0,"56":0,"57":0,"58":0,"59":0,"60":0,"61":0,"62":0,"63":0},"f":{"0":0,"1":0,"2":0,"3":0,"4":0,"5":0,"6":0,"7":0,"8":0},"b":{"0":[0,0],"1":[0,0],"2":[0,0],"3":[0,0],"4":[0,0],"5":[0,0]},"inputSourceMap":null,"_coverageSchema":"1a1c01bbd47fc00a2c39e90264f33305004495a9","hash":"fea18bdcdd3d4d4db2cf76cfb864195e9ab8207b"}
,"/Users/vitor/Downloads/FitLife/backend/src/controllers/MedidasNutricionaisController.js": {"path":"/Users/vitor/Downloads/FitLife/backend/src/controllers/MedidasNutricionaisController.js","statementMap":{"0":{"start":{"line":9,"column":8},"end":{"line":62,"column":9}},"1":{"start":{"line":10,"column":32},"end":{"line":17,"column":13}},"2":{"start":{"line":20,"column":12},"end":{"line":36,"column":13}},"3":{"start":{"line":22,"column":34},"end":{"line":27,"column":17}},"4":{"start":{"line":29,"column":16},"end":{"line":35,"column":17}},"5":{"start":{"line":30,"column":20},"end":{"line":34,"column":23}},"6":{"start":{"line":38,"column":27},"end":{"line":38,"column":98}},"7":{"start":{"line":41,"column":32},"end":{"line":45,"column":13}},"8":{"start":{"line":47,"column":12},"end":{"line":54,"column":15}},"9":{"start":{"line":56,"column":12},"end":{"line":56,"column":70}},"10":{"start":{"line":57,"column":12},"end":{"line":61,"column":15}},"11":{"start":{"line":70,"column":8},"end":{"line":86,"column":9}},"12":{"start":{"line":71,"column":34},"end":{"line":71,"column":44}},"13":{"start":{"line":72,"column":28},"end":{"line":72,"column":91}},"14":{"start":{"line":74,"column":12},"end":{"line":78,"column":15}},"15":{"start":{"line":80,"column":12},"end":{"line":80,"column":73}},"16":{"start":{"line":81,"column":12},"end":{"line":85,"column":15}},"17":{"start":{"line":94,"column":8},"end":{"line":118,"column":9}},"18":{"start":{"line":95,"column":27},"end":{"line":95,"column":37}},"19":{"start":{"line":96,"column":27},"end":{"line":96,"column":77}},"20":{"start":{"line":99,"column":32},"end":{"line":103,"column":13}},"21":{"start":{"line":105,"column":12},"end":{"line":111,"column":15}},"22":{"start":{"line":113,"column":12},"end":{"line":113,"column":71}},"23":{"start":{"line":114,"column":12},"end":{"line":117,"column":15}},"24":{"start":{"line":126,"column":8},"end":{"line":156,"column":9}},"25":{"start":{"line":127,"column":34},"end":{"line":127,"column":44}},"26":{"start":{"line":128,"column":44},"end":{"line":128,"column":53}},"27":{"start":{"line":130,"column":12},"end":{"line":135,"column":13}},"28":{"start":{"line":131,"column":16},"end":{"line":134,"column":19}},"29":{"start":{"line":137,"column":28},"end":{"line":141,"column":13}},"30":{"start":{"line":143,"column":12},"end":{"line":148,"column":15}},"31":{"start":{"line":150,"column":12},"end":{"line":150,"column":72}},"32":{"start":{"line":151,"column":12},"end":{"line":155,"column":15}},"33":{"start":{"line":164,"column":8},"end":{"line":196,"column":9}},"34":{"start":{"line":165,"column":34},"end":{"line":165,"column":44}},"35":{"start":{"line":166,"column":27},"end":{"line":166,"column":86}},"36":{"start":{"line":168,"column":12},"end":{"line":173,"column":13}},"37":{"start":{"line":169,"column":16},"end":{"line":172,"column":19}},"38":{"start":{"line":176,"column":32},"end":{"line":180,"column":13}},"39":{"start":{"line":182,"column":12},"end":{"line":188,"column":15}},"40":{"start":{"line":190,"column":12},"end":{"line":190,"column":66}},"41":{"start":{"line":191,"column":12},"end":{"line":195,"column":15}},"42":{"start":{"line":204,"column":8},"end":{"line":242,"column":9}},"43":{"start":{"line":205,"column":27},"end":{"line":205,"column":37}},"44":{"start":{"line":206,"column":32},"end":{"line":212,"column":13}},"45":{"start":{"line":214,"column":37},"end":{"line":218,"column":13}},"46":{"start":{"line":221,"column":32},"end":{"line":225,"column":13}},"47":{"start":{"line":227,"column":12},"end":{"line":234,"column":15}},"48":{"start":{"line":236,"column":12},"end":{"line":236,"column":74}},"49":{"start":{"line":237,"column":12},"end":{"line":241,"column":15}},"50":{"start":{"line":250,"column":8},"end":{"line":265,"column":9}},"51":{"start":{"line":251,"column":27},"end":{"line":251,"column":37}},"52":{"start":{"line":252,"column":12},"end":{"line":252,"column":75}},"53":{"start":{"line":254,"column":12},"end":{"line":257,"column":15}},"54":{"start":{"line":259,"column":12},"end":{"line":259,"column":72}},"55":{"start":{"line":260,"column":12},"end":{"line":264,"column":15}},"56":{"start":{"line":273,"column":8},"end":{"line":302,"column":9}},"57":{"start":{"line":274,"column":34},"end":{"line":274,"column":44}},"58":{"start":{"line":275,"column":44},"end":{"line":275,"column":53}},"59":{"start":{"line":277,"column":12},"end":{"line":282,"column":13}},"60":{"start":{"line":278,"column":16},"end":{"line":281,"column":19}},"61":{"start":{"line":284,"column":29},"end":{"line":288,"column":13}},"62":{"start":{"line":290,"column":12},"end":{"line":294,"column":15}},"63":{"start":{"line":296,"column":12},"end":{"line":296,"column":61}},"64":{"start":{"line":297,"column":12},"end":{"line":301,"column":15}},"65":{"start":{"line":310,"column":8},"end":{"line":328,"column":9}},"66":{"start":{"line":311,"column":34},"end":{"line":311,"column":44}},"67":{"start":{"line":312,"column":26},"end":{"line":312,"column":57}},"68":{"start":{"line":314,"column":30},"end":{"line":314,"column":93}},"69":{"start":{"line":316,"column":12},"end":{"line":320,"column":15}},"70":{"start":{"line":322,"column":12},"end":{"line":322,"column":61}},"71":{"start":{"line":323,"column":12},"end":{"line":327,"column":15}},"72":{"start":{"line":336,"column":8},"end":{"line":371,"column":9}},"73":{"start":{"line":337,"column":55},"end":{"line":337,"column":63}},"74":{"start":{"line":339,"column":12},"end":{"line":344,"column":13}},"75":{"start":{"line":340,"column":16},"end":{"line":343,"column":19}},"76":{"start":{"line":346,"column":32},"end":{"line":350,"column":13}},"77":{"start":{"line":352,"column":34},"end":{"line":352,"column":84}},"78":{"start":{"line":354,"column":12},"end":{"line":363,"column":15}},"79":{"start":{"line":365,"column":12},"end":{"line":365,"column":61}},"80":{"start":{"line":366,"column":12},"end":{"line":370,"column":15}}},"fnMap":{"0":{"name":"(anonymous_0)","decl":{"start":{"line":8,"column":4},"end":{"line":8,"column":5}},"loc":{"start":{"line":8,"column":27},"end":{"line":63,"column":5}},"line":8},"1":{"name":"(anonymous_1)","decl":{"start":{"line":69,"column":4},"end":{"line":69,"column":5}},"loc":{"start":{"line":69,"column":33},"end":{"line":87,"column":5}},"line":69},"2":{"na
[...]
,"/Users/vitor/Downloads/FitLife/backend/src/utils/hash.js": {"path":"/Users/vitor/Downloads/FitLife/backend/src/utils/hash.js","statementMap":{},"fnMap":{},"branchMap":{},"s":{},"f":{},"b":{},"inputSourceMap":null}
,"/Users/vitor/Downloads/FitLife/backend/src/utils/jwt.js": {"path":"/Users/vitor/Downloads/FitLife/backend/src/utils/jwt.js","statementMap":{},"fnMap":{},"branchMap":{},"s":{},"f":{},"b":{},"inputSourceMap":null}
,"/Users/vitor/Downloads/FitLife/backend/src/utils/validationRules.js": {"path":"/Users/vitor/Downloads/FitLife/backend/src/utils/validationRules.js","statementMap":{"0":{"start":{"line":21,"column":27},"end":{"line":21,"column":76}},"1":{"start":{"line":30,"column":4},"end":{"line":32,"column":5}},"2":{"start":{"line":31,"column":8},"end":{"line":31,"column":62}},"3":{"start":{"line":35,"column":25},"end":{"line":35,"column":37}},"4":{"start":{"line":38,"column":4},"end":{"line":40,"column":5}},"5":{"start":{"line":39,"column":8},"end":{"line":39,"column":82}},"6":{"start":{"line":42,"column":4},"end":{"line":44,"column":5}},"7":{"start":{"line":43,"column":8},"end":{"line":43,"column":84}},"8":{"start":{"line":47,"column":4},"end":{"line":49,"column":5}},"9":{"start":{"line":48,"column":8},"end":{"line":48,"column":68}},"10":{"start":{"line":52,"column":18},"end":{"line":52,"column":41}},"11":{"start":{"line":53,"column":4},"end":{"line":55,"column":5}},"12":{"start":{"line":54,"column":8},"end":{"line":54,"column":76}},"13":{"start":{"line":57,"column":36},"end":{"line":57,"column":41}},"14":{"start":{"line":60,"column":4},"end":{"line":62,"column":5}},"15":{"start":{"line":61,"column":8},"end":{"line":61,"column":72}},"16":{"start":{"line":64,"column":4},"end":{"line":66,"column":5}},"17":{"start":{"line":65,"column":8},"end":{"line":65,"column":87}},"18":{"start":{"line":68,"column":4},"end":{"line":70,"column":5}},"19":{"start":{"line":69,"column":8},"end":{"line":69,"column":84}},"20":{"start":{"line":73,"column":4},"end":{"line":75,"column":5}},"21":{"start":{"line":74,"column":8},"end":{"line":74,"column":62}},"22":{"start":{"line":77,"column":4},"end":{"line":79,"column":5}},"23":{"start":{"line":78,"column":8},"end":{"line":78,"column":59}},"24":{"start":{"line":81,"column":4},"end":{"line":83,"column":5}},"25":{"start":{"line":82,"column":8},"end":{"line":82,"column":82}},"26":{"start":{"line":86,"column":16},"end":{"line":86,"column":43}},"27":{"start":{"line":87,"column":4},"end":{"line":89,"column":5}},"28":{"start":{"line":88,"column":8},"end":{"line":88,"column":55}},"29":{"start":{"line":91,"column":4},"end":{"line":91,"column":40}},"30":{"start":{"line":106,"column":30},"end":{"line":106,"column":111}},"31":{"start":{"line":115,"column":4},"end":{"line":117,"column":5}},"32":{"start":{"line":116,"column":8},"end":{"line":116,"column":80}},"33":{"start":{"line":120,"column":4},"end":{"line":122,"column":5}},"34":{"start":{"line":121,"column":8},"end":{"line":121,"column":98}},"35":{"start":{"line":125,"column":4},"end":{"line":127,"column":5}},"36":{"start":{"line":126,"column":8},"end":{"line":126,"column":102}},"37":{"start":{"line":130,"column":4},"end":{"line":132,"column":5}},"38":{"start":{"line":131,"column":8},"end":{"line":131,"column":109}},"39":{"start":{"line":135,"column":4},"end":{"line":137,"column":5}},"40":{"start":{"line":136,"column":8},"end":{"line":136,"column":109}},"41":{"start":{"line":140,"column":4},"end":{"line":142,"column":5}},"42":{"start":{"line":141,"column":8},"end":{"line":141,"column":99}},"43":{"start":{"line":145,"column":4},"end":{"line":147,"column":5}},"44":{"start":{"line":146,"column":8},"end":{"line":146,"column":125}},"45":{"start":{"line":150,"column":28},"end":{"line":150,"column":78}},"46":{"start":{"line":151,"column":26},"end":{"line":151,"column":48}},"47":{"start":{"line":152,"column":4},"end":{"line":156,"column":5}},"48":{"start":{"line":153,"column":8},"end":{"line":155,"column":9}},"49":{"start":{"line":154,"column":12},"end":{"line":154,"column":99}},"50":{"start":{"line":159,"column":19},"end":{"line":159,"column":27}},"51":{"start":{"line":160,"column":4},"end":{"line":162,"column":5}},"52":{"start":{"line":161,"column":8},"end":{"line":161,"column":28}},"53":{"start":{"line":163,"column":4},"end":{"line":165,"column":5}},"54":{"start":{"line":164,"column":8},"end":{"line":164,"column":33}},"55":{"start":{"line":167,"column":4},"end":{"line":167,"column":50}},"56":{"start":{"line":180,"column":30},"end":{"line":180,"column":61}},"57":{"start":{"line":189,"column":4},"end":{"line":191,"column":5}},"58":{"start":{"line":190,"column":8},"end":{"line":190,"column":65}},"59":{"start":{"line":194,"column":28},"end":{"line":194,"column":43}},"60":{"start":{"line":197,"column":4},"end":{"line":199,"column":5}},"61":{"start":{"line":198,"column":8},"end":{"line":198,"column":83}},"62":{"start":{"line":201,"column":4},"end":{"line":203,"column":5}},"63":{"start":{"line":202,"column":8},"end":{"line":202,"column":84}},"64":{"start":{"line":206,"column":4},"end":{"line":208,"column":5}},"65":{"start":{"line":207,"column":8},"end":{"line":207,"column":78}},"66":{"start":{"line":211,"column":4},"end":{"line":213,"column":5}},"67":{"start":{"line":212,"column":8},"end":{"line":212,"column":106}},"68":{"start":{"line":216,"column":21},"end":{"line":216,"column":69}},"69":{"start":{"line":217,"column":4},"end":{"line":219,"column":5}},"70":{"start":{"line":218,"column":8},"end":{"line":218,"column":65}},"71":{"start":{"line":221,"column":4},"end":{"line":221,"column":40}},"72":{"start":{"line":234,"column":19},"end":{"line":234,"column":21}},"73":{"start":{"line":237,"column":28},"end":{"line":237,"column":60}},"74":{"start":{"line":238,"column":4},"end":{"line":240,"column":5}},"75":{"start":{"line":239,"column":8},"end":{"line":239,"column":45}},"76":{"start":{"line":243,"column":4},"end":{"line":245,"column":5}},"77":{"start":{"line":244,"column":8},"end":{"line":244,"column":48}},"78":{"start":{"line":247,"column":4},"end":{"line":250,"column":6}},"79":{"start":{"line":259,"column":19},"end":{"line":259,"column":21}},"80":{"start":{"line":262,"column":31},"end":{"line":262,"column":69}},"81":{"start":{"line":263,"column":4},"end":{"line":265,"column":5}},"82":{"start":{"line":264,"column":8},"end":{"line":264,"column":51}},"83":{"start":{"line":268,"column":28},"end":{"line":268,"column":60}},"84":{"start":{"line":269,"column":4},"end":{"line":271,"column":5}},"85":{"start":{"line":270,"column":8},"end":{"line":270,"column":45}},"86":{"start":{"line":274,"column":31},"end":{"line":274,"column":69}},"87":{"start":{"line":275,"column":4},"end":{"line":277,"column":5}},"88":{"start":{"line":276,"column":8},"end":{"line":276,"column":51}},"89":{"start":{"line":279,"column":4},"end":{"line":282,"column":6}},"90":{"start":{"line":295,"column":4},"end":{"line":297,"column":5}},"91":{"start":{"line":296,"column":8},"end":{"line":296,"column":18}},"92":{"start":{"line":298,"column":4},"end":{"line":298,"column":38}},"93":{"start":{"line":307,"column":4},"end":{"line":309,"column":5}},"94":{"start":{"line":308,"column":8},"end":{"line":308,"column":18}},"95":{"start":{"line":310,"column":4},"end":{"line":310,"column":27}},"96":{"start":{"line":317,"column":36},"end":{"line":339,"column":1}}},"fnMap":{"0":{"name":"validateEmail","decl":{"start":{"line":28,"column":16},"end":{"line":28,"column":29}},"loc":{"start":{"line":28,"column":37},"end":{"line":92,"column":1}},"line":28},"1":{"name":"validatePassword","decl":{"start":{"line":113,"column":16},"end":{"line":113,"column":32}},"loc":{"start":{"line":113,"column":43},"end":{"line":168,"column":1}},"line":113},"2":{"name":"validateUsername","decl":{"start":{"line":187,"column":16},"end":{"line":187,"column":32}},"loc":{"start":{"line":187,"column":43},"end":{"line":222,"column":1}},"line":187},"3":{"name":"validateLoginCredentials","decl":{"start":{"line":233,"column":16},"end":{"line":233,"column":40}},"loc":{"start":{"line":233,"column":54},"end":{"line":251,"column":1}},"line":233},"4":{"name":"validateRegisterCredentials","decl":{"start":{"line":258,"column":16},"end":{"line":258,"column":43}},"loc":{"start":{"line":258,"column":57},"end":{"line":283,"column":1}},"line":258},"5":{"name":"normalizeEmail","decl":{"start":{"line":294,"column":16},"end":{"line":294,"column":30}},"loc":{"start":{"line":294,"column":38},"end":{"line":299,"column":1}},"line":294},"6":{"name":"normalizeUsername","decl":{"start":{"line":306,"column":16},"end":{"line":306,"column":33}},"loc":{"start":{"line":306,"column":44},"end":{"line":311,"column":1}},"line":306}},"branchMap":{"0":{"loc":{"start":{"line":30,"column":4},"end":{"line":32,"column":5}},"type":"if","locations":[{"start":{"line":30,"column":4},"end":{"line":32,"column":5}},{"start":{},"end":{}}],"line":30},"1":{"loc":{"start":{"line":30,"column":8},"end":{"line":30,"column":43}},"type":"binary-expr","locations":[{"start":{"line":30,"column":8},"end":{"line":30,"column":14}},{"start":{"line":30,"column":18},"end":{"line":30,"column":43}}],"line":30},"2":{"loc":{"start":{"line":38,"column":4},"end":{"line":40,"column":5}},"type":"if","locations":[{"start":{"line":38,"column":4},"end":{"line":40,"column":5}},{"start":{},"end":{}}],"line":38},"3":{"loc":{"start":{"line":42,"column":4},"end":{"line":44,"column":5}},"type":"if","locations":[{"start":{"line":42,"column":4},"end":{"line":44,"column":5}},{"start":{},"end":{}}],"line":42},"4":{"loc":{"start":{"line":47,"column":4},"end":{"line":49,"column":5}},"type":"if","locations":[{"start":{"line":47,"column":4},"end":{"line":49,"column":5}},{"start":{},"end":{}}],"line":47},"5":{"loc":{"start":{"line":53,"column":4},"end":{"line":55,"column":5}},"type":"if","locations":[{"start":{"line":53,"column":4},"end":{"line":55,"column":5}},{"start":{},"end":{}}],"line":53},"6":{"loc":{"start":{"line":60,"column":4},"end":{"line":62,"column":5}},"type":"if","locations":[{"start":{"line":60,"column":4},"end":{"line":62,"column":5}},{"start":{},"end":{}}],"line":60},"7":{"loc":{"start":{"line":60,"column":8},"end":{"line":60,"column":53}},"type":"binary-expr","locations":[{"start":{"line":60,"column":8},"end":{"line":60,"column":28}},{"start":{"line":60,"column":32},"end":{"line":60,"column":53}}],"line":60},"8":{"loc":{"start":{"line":64,"column":4},"end":{"line":66,"column":5}},"type":"if","locations":[{"start":{"line":64,"column":4},"end":{"line":66,"column":5}},{"start":{},"end":{}}],"line":64},"9":{"loc":{"start":{"line":64,"column":8},"end":{"line":64,"column":60}},"type":"binary-expr","locations":[{"start":{"line":64,"column":8},"end":{"line":64,"column":33}},{"start":{"line":64,"column":37},"end":{"line":64,"column":60}}],"line":64},"10":{"loc":{"start":{"line":68,"column":4},"end":{"line":70,"column":5}},"type":"if","locations":[{"start":{"line":68,"column":4},"end":{"line":70,"column":5}},{"start":{},"end":{}}],"line":68},"11":{"loc":{"start":{"line":73,"column":4},"end":{"line":75,"column":5}},"type":"if","locations":[{"start":{"line":73,"column":4},"end":{"line":75,"column":5}},{"start":{},"end":{}}],"line":73},"12":{"loc":{"start":{"line":77,"column":4},"end":{"line":79,"column":5}},"type":"if","locations":[{"start":{"line":77,"column":4},"end":{"line":79,"column":5}},{"start":{},"end":{}}],"line":77},"13":{"loc":{"start":{"line":77,"column":8},"end":{"line":77,"column":62}},"type":"binary-expr","locations":[{"start":{"line":77,"column":8},"end":{"line":77,"column":34}},{"start":{"line":77,"column":38},"end":{"line":77,"column":62}}],"line":77},"14":{"loc":{"start":{"line":81,"column":4},"end":{"line":83,"column":5}},"type":"if","locations":[{"start":{"line":81,"column":4},"end":{"line":83,"column":5}},{"start":{},"end":{}}],"line":81},"15":{"loc":{"start":{"line":87,"column":4},"end":{"line":89,"column":5}},"type":"if","locations":[{"start":{"line":87,"column":4},"end":{"line":89,"column":5}},{"start":{},"end":{}}],"line":87},"16":{"loc":{"start":{"line":115,"column":4},"end":{"line":117,"column":5}},"type":"if","locations":[{"start":{"line":115,"column":4},"end":{"line":117,"column":5}},{"start":{},"end":{}}],"line":115},"17":{"loc":{"start":{"line":115,"column":8},"end":{"line":115,"column":49}},"type":"binary-expr","locations":[{"start":{"line":115,"column":8},"end":{"line":115,"column":17}},{"start":{"line":115,"column":21},"end":{"line":115,"column":49}}],"line":115},"18":{"loc":{"start":{"line":120,"column":4},"end":{"line":122,"column":5}},"type":"if","locations":[{"start":{"line":120,"column":4},"end":{"line":122,"column":5}},{"start":{},"end":{}}],"line":120},"19":{"loc":{"start":{"line":125,"column":4},"end":{"line":127,"column":5}},"type":"if","locations":[{"start":{"line":125,"column":4},"end":{"line":127,"column":5}},{"start":{},"end":{}}],"line":125},"20":{"loc":{"start":{"line":130,"column":4},"end":{"line":132,"column":5}},"type":"if","locations":[{"start":{"line":130,"column":4},"end":{"line":132,"column":5}},{"start":{},"end":{}}],"line":130},"21":{"loc":{"start":{"line":135,"column":4},"end":{"line":137,"column":5}},"type":"if","locations":[{"start":{"line":135,"column":4},"end":{"line":137,"column":5}},{"start":{},"end":{}}],"line":135},"22":{"loc":{"start":{"line":140,"column":4},"end":{"line":142,"column":5}},"type":"if","locations":[{"start":{"line":140,"column":4},"end":{"line":142,"column":5}},{"start":{},"end":{}}],"line":140},"23":{"loc":{"start":{"line":145,"column":4},"end":{"line":147,"column":5}},"type":"if","locations":[{"start":{"line":145,"column":4},"end":{"line":147,"column":5}},{"start":{},"end":{}}],"line":145},"24":{"loc":{"start":{"line":153,"column":8},"end":{"line":155,"column":9}},"type":"if","locations":[{"start":{"line":153,"column":8},"end":{"line":155,"column":9}},{"start":{},"end":{}}],"line":153},"25":{"loc":{"start":{"line":160,"column":4},"end":{"line":162,"column":5}},"type":"if","locations":[{"start":{"line":160,"column":4},"end":{"line":162,"column":5}},{"start":{},"end":{}}],"line":160},"26":{"loc":{"start":{"line":160,"column":8},"end":{"line":160,"column":86}},"type":"binary-expr","locations":[{"start":{"line":160,"column":8},"end":{"line":160,"column":29}},{"start":{"line":160,"column":33},"end":{"line":160,"column":86}}],"line":160},"27":{"loc":{"start":{"line":163,"column":4},"end":{"line":165,"column":5}},"type":"if","locations":[{"start":{"line":163,"column":4},"end":{"line":165,"column":5}},{"start":{},"end":{}}],"line":163},"28":{"loc":{"start":{"line":189,"column":4},"end":{"line":191,"column":5}},"type":"if","locations":[{"start":{"line":189,"column":4},"end":{"line":191,"column":5}},{"start":{},"end":{}}],"line":189},"29":{"loc":{"start":{"line":189,"column":8},"end":{"line":189,"column":49}},"type":"binary-expr","locations":[{"start":{"line":189,"column":8},"end":{"line":189,"column":17}},{"start":{"line":189,"column":21},"end":{"line":189,"column":49}}],"line":189},"30":{"loc":{"start":{"line":197,"column":4},"end":{"line":199,"column":5}},"type":"if","locations":[{"start":{"line":197,"column":4},"end":{"line":199,"column":5}},{"start":{},"end":{}}],"line":197},"31":{"loc":{"start":{"line":201,"column":4},"end":{"line":203,"column":5}},"type":"if","locations":[{"start":{"line":201,"column":4},"end":{"line":203,"column":5}},{"start":{},"end":{}}],"line":201},"32":{"loc":{"start":{"line":206,"column":4},"end":{"line":208,"column":5}},"type":"if","locations":[{"start":{"line":206,"column":4},"end":{"line":208,"column":5}},{"start":{},"end":{}}],"line":206},"33":{"loc":{"start":{"line":211,"column":4},"end":{"line":213,"column":5}},"type":"if","locations":[{"start":{"line":211,"column":4},"end":{"line":213,"column":5}},{"start":{},"end":{}}],"line":211},"34":{"loc":{"start":{"line":217,"column":4},"end":{"line":219,"column":5}},"type":"if","locations":[{"start":{"line":217,"column":4},"end":{"line":219,"column":5}},{"start":{},"end":{}}],"line":217},"35":{"loc":{"start":{"line":238,"column":4},"end":{"line":240,"column":5}},"type":"if","locations":[{"start":{"line":238,"column":4},"end":{"line":240,"column":5}},{"start":{},"end":{}}],"line":238},"36":{"loc":{"start":{"line":243,"column":4},"end":{"line":245,"column":5}},"type":"if","locations":[{"start":{"line":243,"column":4},"end":{"line":245,"column":5}},{"start":{},"end":{}}],"line":243},"37":{"loc":{"start":{"line":243,"column":8},"end":{"line":243,"column":66}},"type":"binary-expr","locations":[{"start":{"line":243,"column":8},"end":{"line":243,"column":29}},{"start":{"line":243,"column":33},"end":{"line":243,"column":66}}],"line":243},"38":{"loc":{"start":{"line":263,"column":4},"end":{"line":265,"column":5}},"type":"if","locations":[{"start":{"line":263,"column":4},"end":{"line":265,"column":5}},{"start":{},"end":{}}],"line":263},"39":{"loc":{"start":{"line":269,"column":4},"end":{"line":271,"column":5}},"type":"if","locations":[{"start":{"line":269,"column":4},"end":{"line":271,"column":5}},{"start":{},"end":{}}],"line":269},"40":{"loc":{"start":{"line":275,"column":4},"end":{"line":277,"column":5}},"type":"if","locations":[{"start":{"line":275,"column":4},"end":{"line":277,"column":5}},{"start":{},"end":{}}],"line":275},"41":{"loc":{"start":{"line":295,"column":4},"end":{"line":297,"column":5}},"type":"if","locations":[{"start":{"line":295,"column":4},"end":{"line":297,"column":5}},{"start":{},"end":{}}],"line":295},"42":{"loc":{"start":{"line":295,"column":8},"end":{"line":295,"column":43}},"type":"binary-expr","locations":[{"start":{"line":295,"column":8},"end":{"line":295,"column":14}},{"start":{"line":295,"column":18},"end":{"line":295,"column":43}}],"line":295},"43":{"loc":{"start":{"line":307,"column":4},"end":{"line":309,"column":5}},"type":"if","locations":[{"start":{"line":307,"column":4},"end":{"line":309,"column":5}},{"start":{},"end":{}}],"line":307},"44":{"loc":{"start":{"line":307,"column":8},"end":{"line":307,"column":49}},"type":"binary-expr","locations":[{"start":{"line":307,"column":8},"end":{"line":307,"column":17}},{"start":{"line":307,"column":21},"end":{"line":307,"column":49}}],"line":307}},"s":{"0":4,"1":0,"2":0,"3":0,"4":0,"5":0,"6":0,"7":0,"8":0,"9":0,"10":0,"11":0,"12":0,"13":0,"14":0,"15":0,"16":0,"17":0,"18":0,"19":0,"20":0,"21":0,"22":0,"23":0,"24":0,"25":0,"26":0,"27":0,"28":0,"29":0,"30":4,"31":0,"32":0,"33":0,"34":0,"35":0,"36":0,"37":0,"38":0,"39":0,"40":0,"41":0,"42":0,"43":0,"44":0,"45":0,"46":0,"47":0,"48":0,"49":0,"50":0,"51":0,"52":0,"53":0,"54":0,"55":0,"56":4,"57":0,"58":0,"59":0,"60":0,"61":0,"62":0,"63":0,"64":0,"65":0,"66":0,"67":0,"68":0,"69":0,"70":0,"71":0,"72":0,"73":0,"74":0,"75":0,"76":0,"77":0,"78":0,"79":0,"80":0,"81":0,"82":0,"83":0,"84":0,"85":0,"86":0,"87":0,"88":0,"89":0,"90":0,"91":0,"92":0,"93":0,"94":0,"95":0,"96":4},"f":{"0":0,"1":0,"2":0,"3":0,"4":0,"5":0,"6":0},"b":{"0":[0,0],"1":[0,0],"2":[0,0],"3":[0,0],"4":[0,0],"5":[0,0],"6":[0,0],"7":[0,0],"8":[0,0],"9":[0,0],"10":[0,0],"11":[0,0],"12":[0,0],"13":[0,0],"14":[0,0],"15":[0,0],"16":[0,0],"17":[0,0],"18":[0,0],"19":[0,0],"20":[0,0],"21":[0,0],"22":[0,0],"23":[0,0],"24":[0,0],"25":[0,0],"26":[0,0],"27":[0,0],"28":[0,0],"29":[0,0],"30":[0,0],"31":[0,0],"32":[0,0],"33":[0,0],"34":[0,0],"35":[0,0],"36":[0,0],"37":[0,0],"38":[0,0],"39":[0,0],"40":[0,0],"41":[0,0],"42":[0,0],"43":[0,0],"44":[0,0]},"inputSourceMap":null,"_coverageSchema":"1a1c01bbd47fc00a2c39e90264f33305004495a9","hash":"a506e89ef801d5a3d9fd178ca55e01d199812c36"}
}
