TN:
SF:src/controllers/AuthController.js
FN:7,(anonymous_0)
FN:137,(anonymous_1)
FN:234,(anonymous_2)
FN:267,(anonymous_3)
FN:301,(anonymous_4)
FN:333,(anonymous_5)
FN:365,(anonymous_6)
FN:400,(anonymous_7)
FN:443,(anonymous_8)
FN:508,(anonymous_9)
FN:552,(anonymous_10)
FN:611,(anonymous_11)
FNF:12
FNH:0
FNDA:0,(anonymous_0)
FNDA:0,(anonymous_1)
FNDA:0,(anonymous_2)
FNDA:0,(anonymous_3)
FNDA:0,(anonymous_4)
FNDA:0,(anonymous_5)
FNDA:0,(anonymous_6)
FNDA:0,(anonymous_7)
FNDA:0,(anonymous_8)
FNDA:0,(anonymous_9)
FNDA:0,(anonymous_10)
FNDA:0,(anonymous_11)
DA:6,4
DA:8,0
DA:9,0
DA:11,0
DA:16,0
DA:22,0
DA:23,0
DA:24,0
DA:34,0
DA:41,0
DA:42,0
DA:44,0
DA:46,0
DA:47,0
DA:48,0
DA:49,0
DA:59,0
DA:63,0
DA:64,0
DA:65,0
DA:66,0
DA:76,0
DA:80,0
DA:81,0
DA:83,0
DA:94,0
DA:96,0
DA:99,0
DA:100,0
DA:101,0
DA:102,0
DA:113,0
DA:115,0
DA:118,0
DA:119,0
DA:130,0
DA:133,0
DA:138,0
DA:139,0
DA:141,0
DA:146,0
DA:148,0
DA:149,0
DA:150,0
DA:160,0
DA:167,0
DA:169,0
DA:170,0
DA:171,0
DA:173,0
DA:174,0
DA:175,0
DA:185,0
DA:188,0
DA:189,0
DA:190,0
DA:200,0
DA:203,0
DA:214,0
DA:215,0
DA:218,0
DA:219,0
DA:230,0
DA:235,0
DA:236,0
DA:237,0
DA:239,0
DA:250,0
DA:252,0
DA:263,0
DA:268,0
DA:269,0
DA:270,0
DA:271,0
DA:272,0
DA:273,0
DA:275,0
DA:285,0
DA:287,0
DA:297,0
DA:302,0
DA:303,0
DA:304,0
DA:305,0
DA:306,0
DA:317,0
DA:319,0
DA:329,0
DA:334,0
DA:335,0
DA:336,0
DA:337,0
DA:338,0
DA:348,0
DA:350,0
DA:360,0
DA:366,0
DA:367,0
DA:368,0
DA:369,0
DA:371,0
DA:372,0
DA:373,0
DA:383,0
DA:385,0
DA:395,0
DA:401,0
DA:402,0
DA:403,0
DA:404,0
DA:408,0
DA:409,0
DA:410,0
DA:411,0
DA:414,0
DA:415,0
DA:416,0
DA:426,0
DA:428,0
DA:438,0
DA:444,0
DA:445,0
DA:447,0
DA:448,0
DA:451,0
DA:452,0
DA:454,0
DA:456,0
DA:463,0
DA:464,0
DA:465,0
DA:467,0
DA:470,0
DA:476,0
DA:487,0
DA:492,0
DA:493,0
DA:503,0
DA:509,0
DA:510,0
DA:512,0
DA:513,0
DA:516,0
DA:517,0
DA:519,0
DA:520,0
DA:530,0
DA:533,0
DA:544,0
DA:546,0
DA:547,0
DA:553,0
DA:554,0
DA:556,0
DA:557,0
DA:561,0
DA:562,0
DA:563,0
DA:568,0
DA:570,0
DA:572,0
DA:573,0
DA:577,0
DA:580,0
DA:582,0
DA:593,0
DA:595,0
DA:596,0
DA:606,0
DA:612,0
DA:613,0
DA:614,0
DA:616,0
DA:617,0
DA:620,0
DA:621,0
DA:625,0
DA:626,0
DA:627,0
DA:632,0
DA:633,0
DA:638,0
DA:640,0
DA:642,0
DA:643,0
DA:647,0
DA:648,0
DA:650,0
DA:651,0
DA:661,0
DA:665,0
DA:667,0
DA:678,0
DA:680,0
DA:681,0
DA:691,0
LF:196
LH:1
BRDA:22,0,0,0
BRDA:22,0,1,0
BRDA:47,1,0,0
BRDA:47,1,1,0
BRDA:64,2,0,0
BRDA:64,2,1,0
BRDA:99,3,0,0
BRDA:99,3,1,0
BRDA:100,4,0,0
BRDA:100,4,1,0
BRDA:100,5,0,0
BRDA:100,5,1,0
BRDA:148,6,0,0
BRDA:148,6,1,0
BRDA:173,7,0,0
BRDA:173,7,1,0
BRDA:188,8,0,0
BRDA:188,8,1,0
BRDA:272,9,0,0
BRDA:272,9,1,0
BRDA:368,10,0,0
BRDA:368,10,1,0
BRDA:368,11,0,0
BRDA:368,11,1,0
BRDA:368,11,2,0
BRDA:403,12,0,0
BRDA:403,12,1,0
BRDA:403,13,0,0
BRDA:403,13,1,0
BRDA:403,13,2,0
BRDA:410,14,0,0
BRDA:410,14,1,0
BRDA:447,15,0,0
BRDA:447,15,1,0
BRDA:454,16,0,0
BRDA:454,16,1,0
BRDA:512,17,0,0
BRDA:512,17,1,0
BRDA:512,18,0,0
BRDA:512,18,1,0
BRDA:519,19,0,0
BRDA:519,19,1,0
BRDA:556,20,0,0
BRDA:556,20,1,0
BRDA:556,21,0,0
BRDA:556,21,1,0
BRDA:556,21,2,0
BRDA:562,22,0,0
BRDA:562,22,1,0
BRDA:572,23,0,0
BRDA:572,23,1,0
BRDA:616,24,0,0
BRDA:616,24,1,0
BRDA:620,25,0,0
BRDA:620,25,1,0
BRDA:620,26,0,0
BRDA:620,26,1,0
BRDA:626,27,0,0
BRDA:626,27,1,0
BRDA:632,28,0,0
BRDA:632,28,1,0
BRDA:642,29,0,0
BRDA:642,29,1,0
BRDA:650,30,0,0
BRDA:650,30,1,0
BRF:65
BRH:0
end_of_record
TN:
SF:src/controllers/BackupController.js
FN:8,(anonymous_0)
FN:32,(anonymous_1)
FN:56,(anonymous_2)
FN:81,(anonymous_3)
FN:118,(anonymous_4)
FN:144,(anonymous_5)
FN:167,(anonymous_6)
FNF:7
FNH:0
FNDA:0,(anonymous_0)
FNDA:0,(anonymous_1)
FNDA:0,(anonymous_2)
FNDA:0,(anonymous_3)
FNDA:0,(anonymous_4)
FNDA:0,(anonymous_5)
FNDA:0,(anonymous_6)
DA:9,0
DA:10,0
DA:12,0
DA:19,0
DA:20,0
DA:33,0
DA:34,0
DA:36,0
DA:43,0
DA:44,0
DA:57,0
DA:58,0
DA:60,0
DA:67,0
DA:68,0
DA:82,0
DA:83,0
DA:85,0
DA:86,0
DA:92,0
DA:94,0
DA:96,0
DA:105,0
DA:106,0
DA:119,0
DA:120,0
DA:122,0
DA:131,0
DA:132,0
DA:145,0
DA:146,0
DA:148,0
DA:154,0
DA:155,0
DA:168,0
DA:169,0
DA:171,0
DA:180,0
DA:181,0
LF:39
LH:0
BRDA:85,0,0,0
BRDA:85,0,1,0
BRDA:94,1,0,0
BRDA:94,1,1,0
BRDA:98,2,0,0
BRDA:98,2,1,0
BRDA:122,3,0,0
BRDA:122,3,1,0
BRDA:124,4,0,0
BRDA:124,4,1,0
BRDA:171,5,0,0
BRDA:171,5,1,0
BRDA:173,6,0,0
BRDA:173,6,1,0
BRF:14
BRH:0
end_of_record
TN:
SF:src/controllers/FoodController.js
FN:5,(anonymous_0)
FN:41,(anonymous_1)
FN:76,(anonymous_2)
FN:126,(anonymous_3)
FN:162,(anonymous_4)
FN:215,(anonymous_5)
FNF:6
FNH:0
FNDA:0,(anonymous_0)
FNDA:0,(anonymous_1)
FNDA:0,(anonymous_2)
FNDA:0,(anonymous_3)
FNDA:0,(anonymous_4)
FNDA:0,(anonymous_5)
DA:4,4
DA:6,0
DA:7,0
DA:8,0
DA:10,0
DA:11,0
DA:13,0
DA:24,0
DA:26,0
DA:37,0
DA:42,0
DA:43,0
DA:45,0
DA:46,0
DA:48,0
DA:59,0
DA:61,0
DA:72,0
DA:77,0
DA:78,0
DA:79,0
DA:81,0
DA:82,0
DA:84,0
DA:85,0
DA:95,0
DA:98,0
DA:109,0
DA:111,0
DA:122,0
DA:127,0
DA:128,0
DA:129,0
DA:131,0
DA:132,0
DA:134,0
DA:145,0
DA:147,0
DA:158,0
DA:163,0
DA:164,0
DA:165,0
DA:166,0
DA:168,0
DA:169,0
DA:171,0
DA:172,0
DA:182,0
DA:185,0
DA:187,0
DA:198,0
DA:200,0
DA:211,0
DA:216,0
DA:217,0
DA:218,0
DA:220,0
DA:221,0
DA:223,0
DA:224,0
DA:234,0
DA:237,0
DA:239,0
DA:250,0
DA:252,0
DA:263,0
LF:66
LH:1
BRDA:84,0,0,0
BRDA:84,0,1,0
BRDA:171,1,0,0
BRDA:171,1,1,0
BRDA:223,2,0,0
BRDA:223,2,1,0
BRF:6
BRH:0
end_of_record
TN:
SF:src/controllers/HealthCheckController.js
FN:8,(anonymous_0)
FN:57,(anonymous_1)
FN:110,(anonymous_2)
FN:132,(anonymous_3)
FN:144,checkDatabaseConnection
FNF:5
FNH:0
FNDA:0,(anonymous_0)
FNDA:0,(anonymous_1)
FNDA:0,(anonymous_2)
FNDA:0,(anonymous_3)
FNDA:0,checkDatabaseConnection
DA:9,0
DA:10,0
DA:11,0
DA:13,0
DA:14,0
DA:16,0
DA:44,0
DA:45,0
DA:58,0
DA:59,0
DA:62,0
DA:63,0
DA:65,0
DA:98,0
DA:99,0
DA:111,0
DA:112,0
DA:114,0
DA:120,0
DA:121,0
DA:133,0
DA:145,0
DA:147,0
DA:148,0
DA:149,0
DA:151,0
DA:156,0
DA:157,0
DA:159,0
LF:29
LH:0
BRDA:13,0,0,0
BRDA:13,0,1,0
BRDA:14,1,0,0
BRDA:14,1,1,0
BRDA:18,2,0,0
BRDA:18,2,1,0
BRDA:22,3,0,0
BRDA:22,3,1,0
BRDA:27,4,0,0
BRDA:27,4,1,0
BRDA:71,5,0,0
BRDA:71,5,1,0
BRDA:76,6,0,0
BRDA:76,6,1,0
BRDA:83,7,0,0
BRDA:83,7,1,0
BRDA:93,8,0,0
BRDA:93,8,1,0
BRF:18
BRH:0
end_of_record
TN:
SF:src/controllers/LogController.js
FN:5,(anonymous_0)
FN:28,(anonymous_1)
FN:40,(anonymous_2)
FN:52,(anonymous_3)
FN:64,(anonymous_4)
FN:76,(anonymous_5)
FNF:6
FNH:0
FNDA:0,(anonymous_0)
FNDA:0,(anonymous_1)
FNDA:0,(anonymous_2)
FNDA:0,(anonymous_3)
FNDA:0,(anonymous_4)
FNDA:0,(anonymous_5)
DA:3,4
DA:6,0
DA:7,0
DA:9,0
DA:20,0
DA:22,0
DA:23,0
DA:29,0
DA:30,0
DA:31,0
DA:32,0
DA:34,0
DA:35,0
DA:41,0
DA:42,0
DA:43,0
DA:44,0
DA:46,0
DA:47,0
DA:53,0
DA:54,0
DA:55,0
DA:56,0
DA:58,0
DA:59,0
DA:65,0
DA:66,0
DA:67,0
DA:68,0
DA:70,0
DA:71,0
DA:77,0
DA:78,0
DA:79,0
DA:80,0
DA:82,0
DA:83,0
LF:37
LH:1
BRDA:31,0,0,0
BRDA:31,0,1,0
BRF:2
BRH:0
end_of_record
TN:
SF:src/controllers/MealCalendarController.js
FN:5,(anonymous_0)
FN:21,(anonymous_1)
FNF:2
FNH:0
FNDA:0,(anonymous_0)
FNDA:0,(anonymous_1)
DA:6,0
DA:7,0
DA:8,0
DA:13,0
DA:15,0
DA:16,0
DA:22,0
DA:23,0
DA:24,0
DA:25,0
DA:27,0
DA:28,0
LF:12
LH:0
BRF:0
BRH:0
end_of_record
TN:
SF:src/controllers/MealItemController.js
FN:5,(anonymous_0)
FN:41,(anonymous_1)
FN:76,(anonymous_2)
FN:126,(anonymous_3)
FN:162,(anonymous_4)
FN:215,(anonymous_5)
FNF:6
FNH:0
FNDA:0,(anonymous_0)
FNDA:0,(anonymous_1)
FNDA:0,(anonymous_2)
FNDA:0,(anonymous_3)
FNDA:0,(anonymous_4)
FNDA:0,(anonymous_5)
DA:4,0
DA:6,0
DA:7,0
DA:8,0
DA:10,0
DA:11,0
DA:13,0
DA:24,0
DA:26,0
DA:37,0
DA:42,0
DA:43,0
DA:45,0
DA:46,0
DA:48,0
DA:59,0
DA:61,0
DA:72,0
DA:77,0
DA:78,0
DA:79,0
DA:81,0
DA:82,0
DA:84,0
DA:85,0
DA:95,0
DA:98,0
DA:109,0
DA:111,0
DA:122,0
DA:127,0
DA:128,0
DA:129,0
DA:131,0
DA:132,0
DA:134,0
DA:145,0
DA:147,0
DA:158,0
DA:163,0
DA:164,0
DA:165,0
DA:166,0
DA:168,0
DA:169,0
DA:171,0
DA:172,0
DA:182,0
DA:185,0
DA:187,0
DA:198,0
DA:200,0
DA:211,0
DA:216,0
DA:217,0
DA:218,0
DA:220,0
DA:221,0
DA:223,0
DA:224,0
DA:234,0
DA:237,0
DA:239,0
DA:250,0
DA:252,0
DA:263,0
LF:66
LH:0
BRDA:84,0,0,0
BRDA:84,0,1,0
BRDA:171,1,0,0
BRDA:171,1,1,0
BRDA:223,2,0,0
BRDA:223,2,1,0
BRF:6
BRH:0
end_of_record
TN:
SF:src/controllers/MealRecordController.js
FN:6,(anonymous_0)
FN:18,(anonymous_1)
FN:33,(anonymous_2)
FN:48,(anonymous_3)
FN:63,(anonymous_4)
FN:78,(anonymous_5)
FN:90,(anonymous_6)
FN:105,(anonymous_7)
FNF:8
FNH:0
FNDA:0,(anonymous_0)
FNDA:0,(anonymous_1)
FNDA:0,(anonymous_2)
FNDA:0,(anonymous_3)
FNDA:0,(anonymous_4)
FNDA:0,(anonymous_5)
FNDA:0,(anonymous_6)
FNDA:0,(anonymous_7)
DA:7,0
DA:8,0
DA:9,0
DA:10,0
DA:12,0
DA:13,0
DA:19,0
DA:20,0
DA:21,0
DA:22,0
DA:23,0
DA:25,0
DA:27,0
DA:28,0
DA:34,0
DA:35,0
DA:36,0
DA:37,0
DA:39,0
DA:40,0
DA:42,0
DA:43,0
DA:49,0
DA:50,0
DA:51,0
DA:52,0
DA:53,0
DA:55,0
DA:57,0
DA:58,0
DA:64,0
DA:65,0
DA:66,0
DA:67,0
DA:68,0
DA:70,0
DA:72,0
DA:73,0
DA:79,0
DA:80,0
DA:81,0
DA:82,0
DA:84,0
DA:85,0
DA:91,0
DA:92,0
DA:93,0
DA:94,0
DA:95,0
DA:97,0
DA:99,0
DA:100,0
DA:106,0
DA:107,0
DA:108,0
DA:109,0
DA:110,0
DA:112,0
DA:114,0
DA:115,0
LF:60
LH:0
BRDA:22,0,0,0
BRDA:22,0,1,0
BRDA:36,1,0,0
BRDA:36,1,1,0
BRDA:36,2,0,0
BRDA:36,2,1,0
BRDA:36,2,2,0
BRDA:52,3,0,0
BRDA:52,3,1,0
BRDA:67,4,0,0
BRDA:67,4,1,0
BRDA:94,5,0,0
BRDA:94,5,1,0
BRDA:109,6,0,0
BRDA:109,6,1,0
BRF:15
BRH:0
end_of_record
TN:
SF:src/controllers/MedidasCorporaisController.js
FN:8,(anonymous_0)
FN:50,(anonymous_1)
FN:74,(anonymous_2)
FN:96,(anonymous_3)
FN:134,(anonymous_4)
FN:164,(anonymous_5)
FN:210,(anonymous_6)
FN:233,(anonymous_7)
FN:259,(anonymous_8)
FNF:9
FNH:0
FNDA:0,(anonymous_0)
FNDA:0,(anonymous_1)
FNDA:0,(anonymous_2)
FNDA:0,(anonymous_3)
FNDA:0,(anonymous_4)
FNDA:0,(anonymous_5)
FNDA:0,(anonymous_6)
FNDA:0,(anonymous_7)
FNDA:0,(anonymous_8)
DA:9,0
DA:10,0
DA:29,0
DA:31,0
DA:37,0
DA:38,0
DA:51,0
DA:52,0
DA:53,0
DA:55,0
DA:61,0
DA:62,0
DA:75,0
DA:76,0
DA:77,0
DA:79,0
DA:84,0
DA:85,0
DA:97,0
DA:98,0
DA:99,0
DA:101,0
DA:102,0
DA:108,0
DA:114,0
DA:121,0
DA:122,0
DA:135,0
DA:136,0
DA:137,0
DA:139,0
DA:140,0
DA:146,0
DA:151,0
DA:152,0
DA:165,0
DA:166,0
DA:167,0
DA:185,0
DA:191,0
DA:197,0
DA:198,0
DA:211,0
DA:212,0
DA:213,0
DA:215,0
DA:220,0
DA:221,0
DA:234,0
DA:235,0
DA:236,0
DA:238,0
DA:240,0
DA:246,0
DA:247,0
DA:260,0
DA:261,0
DA:263,0
DA:264,0
DA:270,0
DA:271,0
DA:273,0
DA:283,0
DA:284,0
LF:64
LH:0
BRDA:101,0,0,0
BRDA:101,0,1,0
BRDA:101,1,0,0
BRDA:101,1,1,0
BRDA:139,2,0,0
BRDA:139,2,1,0
BRDA:236,3,0,0
BRDA:236,3,1,0
BRDA:263,4,0,0
BRDA:263,4,1,0
BRDA:263,5,0,0
BRDA:263,5,1,0
BRF:12
BRH:0
end_of_record
TN:
SF:src/controllers/MedidasNutricionaisController.js
FN:8,(anonymous_0)
FN:69,(anonymous_1)
FN:93,(anonymous_2)
FN:125,(anonymous_3)
FN:163,(anonymous_4)
FN:203,(anonymous_5)
FN:249,(anonymous_6)
FN:272,(anonymous_7)
FN:309,(anonymous_8)
FN:335,(anonymous_9)
FNF:10
FNH:0
FNDA:0,(anonymous_0)
FNDA:0,(anonymous_1)
FNDA:0,(anonymous_2)
FNDA:0,(anonymous_3)
FNDA:0,(anonymous_4)
FNDA:0,(anonymous_5)
FNDA:0,(anonymous_6)
FNDA:0,(anonymous_7)
FNDA:0,(anonymous_8)
FNDA:0,(anonymous_9)
DA:9,0
DA:10,0
DA:20,0
DA:22,0
DA:29,0
DA:30,0
DA:38,0
DA:41,0
DA:47,0
DA:56,0
DA:57,0
DA:70,0
DA:71,0
DA:72,0
DA:74,0
DA:80,0
DA:81,0
DA:94,0
DA:95,0
DA:96,0
DA:99,0
DA:105,0
DA:113,0
DA:114,0
DA:126,0
DA:127,0
DA:128,0
DA:130,0
DA:131,0
DA:137,0
DA:143,0
DA:150,0
DA:151,0
DA:164,0
DA:165,0
DA:166,0
DA:168,0
DA:169,0
DA:176,0
DA:182,0
DA:190,0
DA:191,0
DA:204,0
DA:205,0
DA:206,0
DA:214,0
DA:221,0
DA:227,0
DA:236,0
DA:237,0
DA:250,0
DA:251,0
DA:252,0
DA:254,0
DA:259,0
DA:260,0
DA:273,0
DA:274,0
DA:275,0
DA:277,0
DA:278,0
DA:284,0
DA:290,0
DA:296,0
DA:297,0
DA:310,0
DA:311,0
DA:312,0
DA:314,0
DA:316,0
DA:322,0
DA:323,0
DA:336,0
DA:337,0
DA:339,0
DA:340,0
DA:346,0
DA:352,0
DA:354,0
DA:365,0
DA:366,0
LF:81
LH:0
BRDA:20,0,0,0
BRDA:20,0,1,0
BRDA:20,1,0,0
BRDA:20,1,1,0
BRDA:20,1,2,0
BRDA:20,1,3,0
BRDA:29,2,0,0
BRDA:29,2,1,0
BRDA:130,3,0,0
BRDA:130,3,1,0
BRDA:130,4,0,0
BRDA:130,4,1,0
BRDA:168,5,0,0
BRDA:168,5,1,0
BRDA:277,6,0,0
BRDA:277,6,1,0
BRDA:277,7,0,0
BRDA:277,7,1,0
BRDA:312,8,0,0
BRDA:312,8,1,0
BRDA:339,9,0,0
BRDA:339,9,1,0
BRDA:339,10,0,0
BRDA:339,10,1,0
BRDA:339,10,2,0
BRF:25
BRH:0
end_of_record
TN:
SF:src/controllers/NutricionistController.js
FN:5,(anonymous_0)
FN:41,(anonymous_1)
FN:76,(anonymous_2)
FN:126,(anonymous_3)
FN:179,(anonymous_4)
FN:232,(anonymous_5)
FN:284,(anonymous_6)
FNF:7
FNH:0
FNDA:0,(anonymous_0)
FNDA:0,(anonymous_1)
FNDA:0,(anonymous_2)
FNDA:0,(anonymous_3)
FNDA:0,(anonymous_4)
FNDA:0,(anonymous_5)
FNDA:0,(anonymous_6)
DA:4,4
DA:6,0
DA:7,0
DA:8,0
DA:10,0
DA:11,0
DA:13,0
DA:24,0
DA:26,0
DA:37,0
DA:42,0
DA:43,0
DA:45,0
DA:46,0
DA:48,0
DA:59,0
DA:61,0
DA:72,0
DA:77,0
DA:78,0
DA:79,0
DA:81,0
DA:82,0
DA:84,0
DA:85,0
DA:95,0
DA:98,0
DA:109,0
DA:111,0
DA:122,0
DA:127,0
DA:128,0
DA:129,0
DA:131,0
DA:133,0
DA:134,0
DA:135,0
DA:137,0
DA:138,0
DA:148,0
DA:151,0
DA:162,0
DA:164,0
DA:175,0
DA:180,0
DA:181,0
DA:182,0
DA:183,0
DA:185,0
DA:186,0
DA:188,0
DA:189,0
DA:199,0
DA:202,0
DA:204,0
DA:215,0
DA:217,0
DA:228,0
DA:233,0
DA:234,0
DA:235,0
DA:237,0
DA:238,0
DA:240,0
DA:241,0
DA:251,0
DA:254,0
DA:256,0
DA:267,0
DA:269,0
DA:280,0
DA:285,0
DA:286,0
DA:289,0
DA:291,0
DA:293,0
DA:294,0
DA:297,0
DA:299,0
DA:310,0
DA:312,0
DA:323,0
LF:82
LH:1
BRDA:21,0,0,0
BRDA:21,0,1,0
BRDA:84,1,0,0
BRDA:84,1,1,0
BRDA:137,2,0,0
BRDA:137,2,1,0
BRDA:188,3,0,0
BRDA:188,3,1,0
BRDA:240,4,0,0
BRDA:240,4,1,0
BRDA:286,5,0,0
BRDA:286,5,1,0
BRDA:294,6,0,0
BRDA:294,6,1,0
BRF:14
BRH:0
end_of_record
TN:
SF:src/controllers/PatientConnectionCodeController.js
FN:9,(anonymous_0)
FN:46,(anonymous_1)
FN:83,(anonymous_2)
FN:152,(anonymous_3)
FN:163,(anonymous_4)
FN:200,(anonymous_5)
FNF:6
FNH:4
FNDA:8,(anonymous_0)
FNDA:3,(anonymous_1)
FNDA:6,(anonymous_2)
FNDA:0,(anonymous_3)
FNDA:1,(anonymous_4)
FNDA:0,(anonymous_5)
DA:7,4
DA:10,8
DA:11,8
DA:12,8
DA:14,8
DA:15,8
DA:17,8
DA:28,8
DA:30,0
DA:41,0
DA:47,3
DA:48,3
DA:49,3
DA:51,3
DA:52,3
DA:54,3
DA:65,3
DA:67,0
DA:78,0
DA:84,6
DA:85,6
DA:86,6
DA:87,6
DA:88,6
DA:90,6
DA:91,6
DA:92,0
DA:95,6
DA:96,0
DA:100,6
DA:101,6
DA:102,0
DA:105,6
DA:110,6
DA:111,5
DA:112,5
DA:113,0
DA:115,5
DA:117,1
DA:118,1
DA:119,0
DA:121,1
DA:124,6
DA:126,6
DA:128,4
DA:139,4
DA:141,2
DA:143,2
DA:152,0
DA:155,2
DA:158,2
DA:164,1
DA:165,1
DA:166,1
DA:168,1
DA:169,1
DA:171,1
DA:182,1
DA:184,0
DA:195,0
DA:201,0
DA:202,0
DA:204,0
DA:205,0
DA:207,0
DA:218,0
DA:220,0
DA:231,0
LF:68
LH:48
BRDA:65,0,0,3
BRDA:65,0,1,2
BRDA:91,1,0,0
BRDA:91,1,1,6
BRDA:95,2,0,0
BRDA:95,2,1,6
BRDA:95,3,0,6
BRDA:95,3,1,6
BRDA:95,3,2,1
BRDA:101,4,0,0
BRDA:101,4,1,6
BRDA:110,5,0,5
BRDA:110,5,1,1
BRDA:112,6,0,0
BRDA:112,6,1,5
BRDA:118,7,0,0
BRDA:118,7,1,1
BRDA:155,8,0,2
BRDA:155,8,1,0
BRDA:155,9,0,2
BRDA:155,9,1,0
BRDA:156,10,0,0
BRDA:156,10,1,0
BRF:23
BRH:14
end_of_record
TN:
SF:src/controllers/PatientController.js
FN:5,(anonymous_0)
FN:60,(anonymous_1)
FN:95,(anonymous_2)
FN:145,(anonymous_3)
FN:210,(anonymous_4)
FN:282,(anonymous_5)
FN:334,(anonymous_6)
FNF:7
FNH:0
FNDA:0,(anonymous_0)
FNDA:0,(anonymous_1)
FNDA:0,(anonymous_2)
FNDA:0,(anonymous_3)
FNDA:0,(anonymous_4)
FNDA:0,(anonymous_5)
FNDA:0,(anonymous_6)
DA:4,4
DA:6,0
DA:7,0
DA:8,0
DA:10,0
DA:12,0
DA:13,0
DA:14,0
DA:15,0
DA:16,0
DA:26,0
DA:30,0
DA:32,0
DA:43,0
DA:45,0
DA:56,0
DA:61,0
DA:62,0
DA:64,0
DA:65,0
DA:67,0
DA:78,0
DA:80,0
DA:91,0
DA:96,0
DA:97,0
DA:98,0
DA:100,0
DA:101,0
DA:103,0
DA:104,0
DA:114,0
DA:117,0
DA:128,0
DA:130,0
DA:141,0
DA:146,0
DA:147,0
DA:148,0
DA:150,0
DA:151,0
DA:153,0
DA:155,0
DA:156,0
DA:167,0
DA:169,0
DA:173,0
DA:174,0
DA:185,0
DA:188,0
DA:191,0
DA:192,0
DA:203,0
DA:206,0
DA:211,0
DA:212,0
DA:213,0
DA:214,0
DA:216,0
DA:217,0
DA:219,0
DA:220,0
DA:230,0
DA:234,0
DA:235,0
DA:236,0
DA:237,0
DA:238,0
DA:248,0
DA:252,0
DA:254,0
DA:265,0
DA:267,0
DA:278,0
DA:283,0
DA:284,0
DA:285,0
DA:287,0
DA:288,0
DA:290,0
DA:291,0
DA:301,0
DA:304,0
DA:306,0
DA:317,0
DA:319,0
DA:330,0
DA:335,0
DA:336,0
DA:339,0
DA:341,0
DA:343,0
DA:344,0
DA:347,0
DA:349,0
DA:360,0
DA:362,0
DA:373,0
LF:98
LH:1
BRDA:13,0,0,0
BRDA:13,0,1,0
BRDA:15,1,0,0
BRDA:15,1,1,0
BRDA:40,2,0,0
BRDA:40,2,1,0
BRDA:103,3,0,0
BRDA:103,3,1,0
BRDA:153,4,0,0
BRDA:153,4,1,0
BRDA:219,5,0,0
BRDA:219,5,1,0
BRDA:234,6,0,0
BRDA:234,6,1,0
BRDA:237,7,0,0
BRDA:237,7,1,0
BRDA:237,8,0,0
BRDA:237,8,1,0
BRDA:290,9,0,0
BRDA:290,9,1,0
BRDA:336,10,0,0
BRDA:336,10,1,0
BRDA:344,11,0,0
BRDA:344,11,1,0
BRF:24
BRH:0
end_of_record
TN:
SF:src/controllers/PatientProfessionalAssociationController.js
FN:5,(anonymous_0)
FN:41,(anonymous_1)
FN:81,(anonymous_2)
FN:117,(anonymous_3)
FN:153,(anonymous_4)
FN:189,(anonymous_5)
FN:227,(anonymous_6)
FN:264,(anonymous_7)
FNF:8
FNH:0
FNDA:0,(anonymous_0)
FNDA:0,(anonymous_1)
FNDA:0,(anonymous_2)
FNDA:0,(anonymous_3)
FNDA:0,(anonymous_4)
FNDA:0,(anonymous_5)
FNDA:0,(anonymous_6)
FNDA:0,(anonymous_7)
DA:4,4
DA:6,0
DA:7,0
DA:8,0
DA:10,0
DA:11,0
DA:13,0
DA:24,0
DA:26,0
DA:37,0
DA:42,0
DA:43,0
DA:44,0
DA:46,0
DA:47,0
DA:49,0
DA:50,0
DA:53,0
DA:64,0
DA:66,0
DA:77,0
DA:82,0
DA:83,0
DA:84,0
DA:86,0
DA:87,0
DA:89,0
DA:100,0
DA:102,0
DA:113,0
DA:118,0
DA:119,0
DA:120,0
DA:122,0
DA:123,0
DA:125,0
DA:136,0
DA:138,0
DA:149,0
DA:154,0
DA:155,0
DA:156,0
DA:158,0
DA:159,0
DA:161,0
DA:172,0
DA:174,0
DA:185,0
DA:190,0
DA:191,0
DA:192,0
DA:193,0
DA:195,0
DA:196,0
DA:197,0
DA:199,0
DA:210,0
DA:212,0
DA:223,0
DA:228,0
DA:229,0
DA:230,0
DA:232,0
DA:233,0
DA:234,0
DA:236,0
DA:247,0
DA:249,0
DA:260,0
DA:265,0
DA:266,0
DA:267,0
DA:269,0
DA:270,0
DA:272,0
DA:283,0
DA:285,0
DA:296,0
LF:78
LH:1
BRDA:49,0,0,0
BRDA:49,0,1,0
BRDA:100,1,0,0
BRDA:100,1,1,0
BRF:4
BRH:0
end_of_record
TN:
SF:src/controllers/PersistenceTestController.js
FN:8,(anonymous_0)
FN:36,(anonymous_1)
FN:62,(anonymous_2)
FN:88,(anonymous_3)
FN:112,(anonymous_4)
FNF:5
FNH:0
FNDA:0,(anonymous_0)
FNDA:0,(anonymous_1)
FNDA:0,(anonymous_2)
FNDA:0,(anonymous_3)
FNDA:0,(anonymous_4)
DA:9,0
DA:10,0
DA:12,0
DA:14,0
DA:23,0
DA:24,0
DA:37,0
DA:38,0
DA:40,0
DA:42,0
DA:49,0
DA:50,0
DA:63,0
DA:64,0
DA:66,0
DA:68,0
DA:75,0
DA:76,0
DA:89,0
DA:90,0
DA:92,0
DA:99,0
DA:100,0
DA:113,0
DA:114,0
DA:116,0
DA:122,0
DA:130,0
DA:131,0
LF:29
LH:0
BRDA:12,0,0,0
BRDA:12,0,1,0
BRDA:16,1,0,0
BRDA:16,1,1,0
BRDA:42,2,0,0
BRDA:42,2,1,0
BRDA:68,3,0,0
BRDA:68,3,1,0
BRDA:92,4,0,0
BRDA:92,4,1,0
BRF:10
BRH:0
end_of_record
TN:
SF:src/controllers/PhysicalEducatorController.js
FN:5,(anonymous_0)
FN:41,(anonymous_1)
FN:76,(anonymous_2)
FN:126,(anonymous_3)
FN:176,(anonymous_4)
FN:229,(anonymous_5)
FN:281,(anonymous_6)
FNF:7
FNH:0
FNDA:0,(anonymous_0)
FNDA:0,(anonymous_1)
FNDA:0,(anonymous_2)
FNDA:0,(anonymous_3)
FNDA:0,(anonymous_4)
FNDA:0,(anonymous_5)
FNDA:0,(anonymous_6)
DA:4,4
DA:6,0
DA:7,0
DA:8,0
DA:10,0
DA:11,0
DA:13,0
DA:24,0
DA:26,0
DA:37,0
DA:42,0
DA:43,0
DA:45,0
DA:46,0
DA:48,0
DA:59,0
DA:61,0
DA:72,0
DA:77,0
DA:78,0
DA:79,0
DA:81,0
DA:82,0
DA:84,0
DA:85,0
DA:95,0
DA:98,0
DA:109,0
DA:111,0
DA:122,0
DA:127,0
DA:128,0
DA:129,0
DA:131,0
DA:132,0
DA:134,0
DA:135,0
DA:145,0
DA:148,0
DA:159,0
DA:161,0
DA:172,0
DA:177,0
DA:178,0
DA:179,0
DA:180,0
DA:182,0
DA:183,0
DA:185,0
DA:186,0
DA:196,0
DA:199,0
DA:201,0
DA:212,0
DA:214,0
DA:225,0
DA:230,0
DA:231,0
DA:232,0
DA:234,0
DA:235,0
DA:237,0
DA:238,0
DA:248,0
DA:251,0
DA:253,0
DA:264,0
DA:266,0
DA:277,0
DA:282,0
DA:283,0
DA:286,0
DA:288,0
DA:290,0
DA:291,0
DA:294,0
DA:296,0
DA:307,0
DA:309,0
DA:320,0
LF:80
LH:1
BRDA:21,0,0,0
BRDA:21,0,1,0
BRDA:84,1,0,0
BRDA:84,1,1,0
BRDA:134,2,0,0
BRDA:134,2,1,0
BRDA:185,3,0,0
BRDA:185,3,1,0
BRDA:237,4,0,0
BRDA:237,4,1,0
BRDA:283,5,0,0
BRDA:283,5,1,0
BRDA:291,6,0,0
BRDA:291,6,1,0
BRF:14
BRH:0
end_of_record
TN:
SF:src/controllers/WorkoutCalendarController.js
FN:5,(anonymous_0)
FN:21,(anonymous_1)
FNF:2
FNH:0
FNDA:0,(anonymous_0)
FNDA:0,(anonymous_1)
DA:6,0
DA:7,0
DA:8,0
DA:13,0
DA:15,0
DA:16,0
DA:22,0
DA:23,0
DA:24,0
DA:25,0
DA:27,0
DA:28,0
LF:12
LH:0
BRF:0
BRH:0
end_of_record
TN:
SF:src/controllers/WorkoutRecordController.js
FN:6,(anonymous_0)
FN:18,(anonymous_1)
FN:33,(anonymous_2)
FN:48,(anonymous_3)
FN:63,(anonymous_4)
FN:78,(anonymous_5)
FN:90,(anonymous_6)
FN:105,(anonymous_7)
FNF:8
FNH:0
FNDA:0,(anonymous_0)
FNDA:0,(anonymous_1)
FNDA:0,(anonymous_2)
FNDA:0,(anonymous_3)
FNDA:0,(anonymous_4)
FNDA:0,(anonymous_5)
FNDA:0,(anonymous_6)
FNDA:0,(anonymous_7)
DA:7,0
DA:8,0
DA:9,0
DA:10,0
DA:12,0
DA:13,0
DA:19,0
DA:20,0
DA:21,0
DA:22,0
DA:23,0
DA:25,0
DA:27,0
DA:28,0
DA:34,0
DA:35,0
DA:36,0
DA:37,0
DA:39,0
DA:40,0
DA:42,0
DA:43,0
DA:49,0
DA:50,0
DA:51,0
DA:52,0
DA:53,0
DA:55,0
DA:57,0
DA:58,0
DA:64,0
DA:65,0
DA:66,0
DA:67,0
DA:68,0
DA:70,0
DA:72,0
DA:73,0
DA:79,0
DA:80,0
DA:81,0
DA:82,0
DA:84,0
DA:85,0
DA:91,0
DA:92,0
DA:93,0
DA:94,0
DA:95,0
DA:97,0
DA:99,0
DA:100,0
DA:106,0
DA:107,0
DA:108,0
DA:109,0
DA:110,0
DA:112,0
DA:114,0
DA:115,0
LF:60
LH:0
BRDA:22,0,0,0
BRDA:22,0,1,0
BRDA:36,1,0,0
BRDA:36,1,1,0
BRDA:36,2,0,0
BRDA:36,2,1,0
BRDA:36,2,2,0
BRDA:52,3,0,0
BRDA:52,3,1,0
BRDA:67,4,0,0
BRDA:67,4,1,0
BRDA:94,5,0,0
BRDA:94,5,1,0
BRDA:109,6,0,0
BRDA:109,6,1,0
BRF:15
BRH:0
end_of_record
TN:
SF:src/middlewares/authMiddleware.js
FN:3,(anonymous_0)
FNF:1
FNH:1
FNDA:19,(anonymous_0)
DA:3,4
DA:4,19
DA:5,19
DA:7,19
DA:9,18
DA:10,18
DA:11,18
DA:12,18
DA:13,18
DA:15,0
DA:16,0
DA:21,4
LF:12
LH:10
BRDA:5,0,0,19
BRDA:5,0,1,18
BRDA:7,1,0,1
BRDA:7,1,1,18
BRF:4
BRH:4
end_of_record
TN:
SF:src/middlewares/availabilityMonitor.js
FN:30,isCriticalEndpoint
FN:31,(anonymous_1)
FN:37,getAvailabilityMetrics
FN:65,resetMonthlyStats
FN:78,(anonymous_4)
FN:97,sendAlert
FN:136,(anonymous_6)
FN:151,(anonymous_7)
FN:188,(anonymous_8)
FN:197,(anonymous_9)
FN:229,(anonymous_10)
FN:243,(anonymous_11)
FNF:12
FNH:5
FNDA:19,isCriticalEndpoint
FNDA:57,(anonymous_1)
FNDA:0,getAvailabilityMetrics
FNDA:0,resetMonthlyStats
FNDA:0,(anonymous_4)
FNDA:0,sendAlert
FNDA:19,(anonymous_6)
FNDA:19,(anonymous_7)
FNDA:0,(anonymous_8)
FNDA:19,(anonymous_9)
FNDA:0,(anonymous_10)
FNDA:0,(anonymous_11)
DA:4,4
DA:17,4
DA:31,57
DA:38,0
DA:39,0
DA:43,0
DA:47,0
DA:66,0
DA:70,0
DA:71,0
DA:78,0
DA:80,0
DA:84,0
DA:85,0
DA:86,0
DA:87,0
DA:88,0
DA:89,0
DA:90,0
DA:91,0
DA:98,0
DA:101,0
DA:120,0
DA:128,0
DA:129,0
DA:136,4
DA:137,19
DA:138,19
DA:139,19
DA:142,19
DA:143,19
DA:147,19
DA:148,19
DA:151,19
DA:152,19
DA:154,19
DA:155,19
DA:157,19
DA:159,19
DA:160,16
DA:163,3
DA:166,3
DA:167,0
DA:169,3
DA:172,3
DA:173,0
DA:174,0
DA:182,0
DA:188,0
DA:193,19
DA:197,19
DA:198,19
DA:200,19
DA:201,19
DA:203,19
DA:204,19
DA:205,16
DA:207,3
DA:209,3
DA:210,2
DA:212,3
DA:214,3
DA:215,0
DA:216,0
DA:223,0
DA:229,0
DA:234,19
DA:237,19
DA:242,4
DA:243,4
DA:244,0
LF:71
LH:39
BRDA:39,0,0,0
BRDA:39,0,1,0
BRDA:43,1,0,0
BRDA:43,1,1,0
BRDA:58,2,0,0
BRDA:58,2,1,0
BRDA:70,3,0,0
BRDA:70,3,1,0
BRDA:128,4,0,0
BRDA:128,4,1,0
BRDA:142,5,0,19
BRDA:142,5,1,0
BRDA:157,6,0,19
BRDA:157,6,1,0
BRDA:159,7,0,16
BRDA:159,7,1,3
BRDA:159,8,0,19
BRDA:159,8,1,19
BRDA:166,9,0,0
BRDA:166,9,1,3
BRDA:172,10,0,0
BRDA:172,10,1,3
BRDA:203,11,0,19
BRDA:203,11,1,0
BRDA:204,12,0,16
BRDA:204,12,1,3
BRDA:204,13,0,19
BRDA:204,13,1,19
BRDA:209,14,0,2
BRDA:209,14,1,1
BRDA:214,15,0,0
BRDA:214,15,1,3
BRF:32
BRH:16
end_of_record
TN:
SF:src/middlewares/monitoringMiddleware.js
FNF:0
FNH:0
LF:0
LH:0
BRF:0
BRH:0
end_of_record
TN:
SF:src/middlewares/patientAccessMiddleware.js
FN:11,(anonymous_0)
FN:12,(anonymous_1)
FN:198,(anonymous_2)
FNF:3
FNH:1
FNDA:28,(anonymous_0)
FNDA:0,(anonymous_1)
FNDA:0,(anonymous_2)
DA:11,4
DA:12,28
DA:13,0
DA:14,0
DA:15,0
DA:16,0
DA:18,0
DA:20,0
DA:21,0
DA:24,0
DA:25,0
DA:26,0
DA:27,0
DA:28,0
DA:30,0
DA:31,0
DA:34,0
DA:45,0
DA:51,0
DA:52,0
DA:63,0
DA:69,0
DA:71,0
DA:72,0
DA:83,0
DA:89,0
DA:91,0
DA:92,0
DA:103,0
DA:110,0
DA:113,0
DA:114,0
DA:131,0
DA:137,0
DA:138,0
DA:139,0
DA:150,0
DA:155,0
DA:156,0
DA:167,0
DA:174,0
DA:185,0
DA:187,0
DA:189,0
DA:198,0
DA:200,0
LF:46
LH:2
BRDA:11,0,0,4
BRDA:20,1,0,0
BRDA:20,1,1,0
BRDA:30,2,0,0
BRDA:30,2,1,0
BRDA:30,3,0,0
BRDA:30,3,1,0
BRDA:51,4,0,0
BRDA:51,4,1,0
BRDA:51,5,0,0
BRDA:51,5,1,0
BRDA:71,6,0,0
BRDA:71,6,1,0
BRDA:91,7,0,0
BRDA:91,7,1,0
BRDA:91,8,0,0
BRDA:91,8,1,0
BRDA:110,9,0,0
BRDA:110,9,1,0
BRDA:110,9,2,0
BRDA:110,9,3,0
BRDA:113,10,0,0
BRDA:113,10,1,0
BRDA:137,11,0,0
BRDA:137,11,1,0
BRDA:138,12,0,0
BRDA:138,12,1,0
BRDA:138,13,0,0
BRDA:138,13,1,0
BRDA:155,14,0,0
BRDA:155,14,1,0
BRDA:155,15,0,0
BRDA:155,15,1,0
BRDA:177,16,0,0
BRDA:177,16,1,0
BRF:35
BRH:1
end_of_record
TN:
SF:src/repositories/AuthRepository.js
FN:4,(anonymous_0)
FN:20,(anonymous_1)
FN:30,(anonymous_2)
FN:40,(anonymous_3)
FN:49,(anonymous_4)
FN:58,(anonymous_5)
FN:70,(anonymous_6)
FN:82,(anonymous_7)
FNF:8
FNH:1
FNDA:0,(anonymous_0)
FNDA:6,(anonymous_1)
FNDA:0,(anonymous_2)
FNDA:0,(anonymous_3)
FNDA:0,(anonymous_4)
FNDA:0,(anonymous_5)
FNDA:0,(anonymous_6)
FNDA:0,(anonymous_7)
DA:3,4
DA:5,0
DA:6,0
DA:11,0
DA:12,0
DA:13,0
DA:15,0
DA:16,0
DA:21,6
DA:22,6
DA:23,6
DA:25,0
DA:26,0
DA:31,0
DA:32,0
DA:33,0
DA:35,0
DA:36,0
DA:41,0
DA:42,0
DA:44,0
DA:45,0
DA:50,0
DA:51,0
DA:53,0
DA:54,0
DA:59,0
DA:60,0
DA:65,0
DA:66,0
DA:71,0
DA:72,0
DA:77,0
DA:78,0
DA:83,0
DA:84,0
DA:89,0
DA:90,0
LF:38
LH:4
BRDA:23,0,0,6
BRDA:23,0,1,0
BRF:2
BRH:1
end_of_record
TN:
SF:src/repositories/FoodRepository.js
FN:5,(anonymous_0)
FN:17,(anonymous_1)
FN:23,(anonymous_2)
FN:29,(anonymous_3)
FN:35,(anonymous_4)
FN:47,(anonymous_5)
FNF:6
FNH:0
FNDA:0,(anonymous_0)
FNDA:0,(anonymous_1)
FNDA:0,(anonymous_2)
FNDA:0,(anonymous_3)
FNDA:0,(anonymous_4)
FNDA:0,(anonymous_5)
DA:4,4
DA:6,0
DA:7,0
DA:12,0
DA:13,0
DA:14,0
DA:18,0
DA:19,0
DA:20,0
DA:24,0
DA:25,0
DA:26,0
DA:30,0
DA:31,0
DA:32,0
DA:36,0
DA:42,0
DA:43,0
DA:44,0
DA:48,0
DA:49,0
DA:50,0
LF:22
LH:1
BRF:0
BRH:0
end_of_record
TN:
SF:src/repositories/LogRepository.js
FN:4,(anonymous_0)
FN:24,(anonymous_1)
FN:30,(anonymous_2)
FN:36,(anonymous_3)
FN:42,(anonymous_4)
FN:48,(anonymous_5)
FN:54,(anonymous_6)
FNF:7
FNH:1
FNDA:18,(anonymous_0)
FNDA:0,(anonymous_1)
FNDA:0,(anonymous_2)
FNDA:0,(anonymous_3)
FNDA:0,(anonymous_4)
FNDA:0,(anonymous_5)
FNDA:0,(anonymous_6)
DA:3,4
DA:5,18
DA:10,18
DA:20,18
DA:21,18
DA:25,0
DA:26,0
DA:27,0
DA:31,0
DA:32,0
DA:33,0
DA:37,0
DA:38,0
DA:39,0
DA:43,0
DA:44,0
DA:45,0
DA:49,0
DA:50,0
DA:51,0
DA:55,0
DA:56,0
DA:57,0
LF:23
LH:5
BRDA:30,0,0,0
BRF:1
BRH:0
end_of_record
TN:
SF:src/repositories/MealItemRepository.js
FN:5,(anonymous_0)
FN:17,(anonymous_1)
FN:24,(anonymous_2)
FN:31,(anonymous_3)
FN:50,(anonymous_4)
FNF:5
FNH:0
FNDA:0,(anonymous_0)
FNDA:0,(anonymous_1)
FNDA:0,(anonymous_2)
FNDA:0,(anonymous_3)
FNDA:0,(anonymous_4)
DA:6,0
DA:7,0
DA:12,0
DA:13,0
DA:18,0
DA:19,0
DA:20,0
DA:25,0
DA:26,0
DA:27,0
DA:32,0
DA:33,0
DA:45,0
DA:46,0
DA:51,0
DA:52,0
DA:53,0
LF:17
LH:0
BRF:0
BRH:0
end_of_record
TN:
SF:src/repositories/MealRecordRepository.js
FN:5,(anonymous_0)
FN:33,(anonymous_1)
FN:45,(anonymous_2)
FN:72,(anonymous_3)
FN:88,(anonymous_4)
FNF:5
FNH:0
FNDA:0,(anonymous_0)
FNDA:0,(anonymous_1)
FNDA:0,(anonymous_2)
FNDA:0,(anonymous_3)
FNDA:0,(anonymous_4)
DA:6,0
DA:28,0
DA:29,0
DA:34,0
DA:35,0
DA:40,0
DA:41,0
DA:46,0
DA:67,0
DA:68,0
DA:73,0
DA:74,0
DA:83,0
DA:84,0
DA:89,0
DA:90,0
DA:91,0
LF:17
LH:0
BRDA:34,0,0,0
BRF:1
BRH:0
end_of_record
TN:
SF:src/repositories/MedidasCorporaisRepository.js
FN:7,(anonymous_0)
FN:38,(anonymous_1)
FN:52,(anonymous_2)
FN:61,(anonymous_3)
FN:76,(anonymous_4)
FN:91,(anonymous_5)
FN:126,(anonymous_6)
FN:135,(anonymous_7)
FNF:8
FNH:0
FNDA:0,(anonymous_0)
FNDA:0,(anonymous_1)
FNDA:0,(anonymous_2)
FNDA:0,(anonymous_3)
FNDA:0,(anonymous_4)
FNDA:0,(anonymous_5)
FNDA:0,(anonymous_6)
FNDA:0,(anonymous_7)
DA:13,0
DA:15,0
DA:25,0
DA:31,0
DA:32,0
DA:39,0
DA:45,0
DA:46,0
DA:53,0
DA:54,0
DA:55,0
DA:62,0
DA:69,0
DA:70,0
DA:77,0
DA:84,0
DA:85,0
DA:97,0
DA:99,0
DA:112,0
DA:119,0
DA:120,0
DA:127,0
DA:128,0
DA:129,0
DA:136,0
DA:144,0
DA:145,0
LF:28
LH:0
BRDA:135,0,0,0
BRF:1
BRH:0
end_of_record
TN:
SF:src/repositories/MedidasNutricionaisRepository.js
FN:7,(anonymous_0)
FN:25,(anonymous_1)
FN:39,(anonymous_2)
FN:48,(anonymous_3)
FN:63,(anonymous_4)
FN:78,(anonymous_5)
FN:97,(anonymous_6)
FN:106,(anonymous_7)
FN:126,(anonymous_8)
FNF:9
FNH:0
FNDA:0,(anonymous_0)
FNDA:0,(anonymous_1)
FNDA:0,(anonymous_2)
FNDA:0,(anonymous_3)
FNDA:0,(anonymous_4)
FNDA:0,(anonymous_5)
FNDA:0,(anonymous_6)
FNDA:0,(anonymous_7)
FNDA:0,(anonymous_8)
DA:8,0
DA:10,0
DA:17,0
DA:18,0
DA:19,0
DA:26,0
DA:32,0
DA:33,0
DA:40,0
DA:41,0
DA:42,0
DA:49,0
DA:56,0
DA:57,0
DA:64,0
DA:71,0
DA:72,0
DA:79,0
DA:81,0
DA:89,0
DA:90,0
DA:91,0
DA:98,0
DA:99,0
DA:100,0
DA:107,0
DA:119,0
DA:120,0
DA:127,0
DA:135,0
DA:136,0
LF:31
LH:0
BRDA:126,0,0,0
BRF:1
BRH:0
end_of_record
TN:
SF:src/repositories/NutricionistRepository.js
FN:4,(anonymous_0)
FN:23,(anonymous_1)
FN:29,(anonymous_2)
FN:35,(anonymous_3)
FN:41,(anonymous_4)
FN:58,(anonymous_5)
FNF:6
FNH:1
FNDA:0,(anonymous_0)
FNDA:0,(anonymous_1)
FNDA:5,(anonymous_2)
FNDA:0,(anonymous_3)
FNDA:0,(anonymous_4)
FNDA:0,(anonymous_5)
DA:3,4
DA:5,0
DA:10,0
DA:19,0
DA:20,0
DA:24,0
DA:25,0
DA:26,0
DA:30,5
DA:31,5
DA:32,5
DA:36,0
DA:37,0
DA:38,0
DA:43,0
DA:44,0
DA:45,0
DA:46,0
DA:47,0
DA:48,0
DA:49,0
DA:51,0
DA:52,0
DA:53,0
DA:54,0
DA:55,0
DA:59,0
DA:60,0
DA:61,0
LF:29
LH:4
BRF:0
BRH:0
end_of_record
TN:
SF:src/repositories/PatientConnectionCodeRepository.js
FN:6,(anonymous_0)
FN:11,(anonymous_1)
FN:29,(anonymous_2)
FN:43,(anonymous_3)
FN:57,(anonymous_4)
FN:69,(anonymous_5)
FN:76,(anonymous_6)
FNF:7
FNH:7
FNDA:124,(anonymous_0)
FNDA:23,(anonymous_1)
FNDA:14,(anonymous_2)
FNDA:8,(anonymous_3)
FNDA:6,(anonymous_4)
FNDA:2,(anonymous_5)
FNDA:3,(anonymous_6)
DA:4,5
DA:7,124
DA:12,23
DA:15,23
DA:17,23
DA:18,23
DA:23,23
DA:24,23
DA:25,23
DA:30,14
DA:38,14
DA:39,14
DA:44,8
DA:52,8
DA:53,8
DA:58,6
DA:64,6
DA:65,6
DA:70,2
DA:71,2
DA:72,2
DA:77,3
DA:78,3
DA:79,3
LF:24
LH:24
BRF:0
BRH:0
end_of_record
TN:
SF:src/repositories/PatientProfessionalAssociationRepository.js
FN:5,(anonymous_0)
FN:24,(anonymous_1)
FN:30,(anonymous_2)
FN:54,(anonymous_3)
FN:72,(anonymous_4)
FN:90,(anonymous_5)
FN:132,(anonymous_6)
FN:138,(anonymous_7)
FNF:8
FNH:2
FNDA:4,(anonymous_0)
FNDA:0,(anonymous_1)
FNDA:4,(anonymous_2)
FNDA:0,(anonymous_3)
FNDA:0,(anonymous_4)
FNDA:0,(anonymous_5)
FNDA:0,(anonymous_6)
FNDA:0,(anonymous_7)
DA:4,4
DA:6,4
DA:7,4
DA:13,4
DA:20,4
DA:21,4
DA:25,0
DA:26,0
DA:27,0
DA:31,4
DA:50,4
DA:51,4
DA:55,0
DA:68,0
DA:69,0
DA:73,0
DA:86,0
DA:87,0
DA:91,0
DA:92,0
DA:93,0
DA:95,0
DA:97,0
DA:98,0
DA:99,0
DA:101,0
DA:102,0
DA:103,0
DA:105,0
DA:106,0
DA:107,0
DA:110,0
DA:113,0
DA:115,0
DA:122,0
DA:123,0
DA:125,0
DA:127,0
DA:129,0
DA:133,0
DA:134,0
DA:135,0
DA:139,0
DA:145,0
DA:146,0
LF:45
LH:9
BRDA:16,0,0,4
BRDA:16,0,1,1
BRDA:17,1,0,4
BRDA:17,1,1,3
BRDA:18,2,0,0
BRDA:18,2,1,4
BRDA:97,3,0,0
BRDA:97,3,1,0
BRDA:101,4,0,0
BRDA:101,4,1,0
BRDA:105,5,0,0
BRDA:105,5,1,0
BRF:12
BRH:5
end_of_record
TN:
SF:src/repositories/PatientRepository.js
FN:4,(anonymous_0)
FN:22,(anonymous_1)
FN:29,(anonymous_2)
FN:35,(anonymous_3)
FN:52,(anonymous_4)
FN:58,(anonymous_5)
FNF:6
FNH:0
FNDA:0,(anonymous_0)
FNDA:0,(anonymous_1)
FNDA:0,(anonymous_2)
FNDA:0,(anonymous_3)
FNDA:0,(anonymous_4)
FNDA:0,(anonymous_5)
DA:3,4
DA:5,0
DA:10,0
DA:18,0
DA:19,0
DA:23,0
DA:24,0
DA:25,0
DA:26,0
DA:30,0
DA:31,0
DA:32,0
DA:37,0
DA:38,0
DA:39,0
DA:40,0
DA:41,0
DA:42,0
DA:43,0
DA:45,0
DA:46,0
DA:47,0
DA:48,0
DA:49,0
DA:53,0
DA:54,0
DA:55,0
DA:59,0
DA:60,0
DA:61,0
LF:30
LH:1
BRDA:61,0,0,0
BRDA:61,0,1,0
BRF:2
BRH:0
end_of_record
TN:
SF:src/repositories/PhysicalEducatorRepository.js
FN:4,(anonymous_0)
FN:23,(anonymous_1)
FN:29,(anonymous_2)
FN:35,(anonymous_3)
FN:41,(anonymous_4)
FN:58,(anonymous_5)
FNF:6
FNH:1
FNDA:0,(anonymous_0)
FNDA:0,(anonymous_1)
FNDA:1,(anonymous_2)
FNDA:0,(anonymous_3)
FNDA:0,(anonymous_4)
FNDA:0,(anonymous_5)
DA:3,4
DA:5,0
DA:10,0
DA:19,0
DA:20,0
DA:24,0
DA:25,0
DA:26,0
DA:30,1
DA:31,1
DA:32,1
DA:36,0
DA:37,0
DA:38,0
DA:43,0
DA:44,0
DA:45,0
DA:46,0
DA:47,0
DA:48,0
DA:49,0
DA:51,0
DA:52,0
DA:53,0
DA:54,0
DA:55,0
DA:59,0
DA:60,0
DA:61,0
LF:29
LH:4
BRF:0
BRH:0
end_of_record
TN:
SF:src/repositories/WorkoutItemRepository.js
FN:5,(anonymous_0)
FN:17,(anonymous_1)
FN:24,(anonymous_2)
FN:31,(anonymous_3)
FN:48,(anonymous_4)
FNF:5
FNH:0
FNDA:0,(anonymous_0)
FNDA:0,(anonymous_1)
FNDA:0,(anonymous_2)
FNDA:0,(anonymous_3)
FNDA:0,(anonymous_4)
DA:6,0
DA:7,0
DA:12,0
DA:13,0
DA:18,0
DA:19,0
DA:20,0
DA:25,0
DA:26,0
DA:27,0
DA:32,0
DA:33,0
DA:43,0
DA:44,0
DA:49,0
DA:50,0
DA:51,0
LF:17
LH:0
BRF:0
BRH:0
end_of_record
TN:
SF:src/repositories/WorkoutRecordRepository.js
FN:5,(anonymous_0)
FN:31,(anonymous_1)
FN:43,(anonymous_2)
FN:68,(anonymous_3)
FN:83,(anonymous_4)
FNF:5
FNH:0
FNDA:0,(anonymous_0)
FNDA:0,(anonymous_1)
FNDA:0,(anonymous_2)
FNDA:0,(anonymous_3)
FNDA:0,(anonymous_4)
DA:6,0
DA:26,0
DA:27,0
DA:32,0
DA:33,0
DA:38,0
DA:39,0
DA:44,0
DA:63,0
DA:64,0
DA:69,0
DA:70,0
DA:78,0
DA:79,0
DA:84,0
DA:85,0
DA:86,0
LF:17
LH:0
BRDA:32,0,0,0
BRF:1
BRH:0
end_of_record
TN:
SF:src/routes/LogRoutes.js
FNF:0
FNH:0
DA:5,4
DA:8,4
DA:11,4
DA:14,4
DA:17,4
DA:20,4
DA:23,4
LF:7
LH:7
BRF:0
BRH:0
end_of_record
TN:
SF:src/routes/PhysicalEducatorRoutes.js
FN:11,(anonymous_0)
FN:14,(anonymous_1)
FN:22,(anonymous_2)
FNF:3
FNH:0
FNDA:0,(anonymous_0)
FNDA:0,(anonymous_1)
FNDA:0,(anonymous_2)
DA:8,4
DA:10,4
DA:12,0
DA:15,0
DA:16,0
DA:17,0
DA:20,4
DA:23,0
DA:24,0
DA:28,4
DA:29,4
DA:30,4
DA:31,4
DA:32,4
DA:33,4
DA:34,4
LF:16
LH:10
BRDA:23,0,0,0
BRDA:23,0,1,0
BRF:2
BRH:0
end_of_record
TN:
SF:src/routes/authRoutes.js
FNF:0
FNH:0
DA:5,4
DA:7,4
DA:8,4
DA:9,4
DA:10,4
DA:13,4
DA:14,4
DA:17,4
DA:18,4
DA:21,4
DA:22,4
DA:23,4
DA:26,4
LF:13
LH:13
BRF:0
BRH:0
end_of_record
TN:
SF:src/routes/backupRoutes.js
FNF:0
FNH:0
DA:5,4
DA:17,4
DA:24,4
DA:31,4
DA:39,4
DA:46,4
DA:53,4
DA:60,4
LF:8
LH:8
BRF:0
BRH:0
end_of_record
TN:
SF:src/routes/foodRoutes.js
FNF:0
FNH:0
DA:5,4
DA:8,4
DA:11,4
DA:12,4
DA:13,4
DA:14,4
DA:15,4
DA:16,4
LF:8
LH:8
BRF:0
BRH:0
end_of_record
TN:
SF:src/routes/healthCheckRoutes.js
FNF:0
FNH:0
DA:5,4
DA:11,4
DA:18,4
DA:25,4
DA:32,4
LF:5
LH:5
BRF:0
BRH:0
end_of_record
TN:
SF:src/routes/healthRoutes.js
FNF:0
FNH:0
LF:0
LH:0
BRF:0
BRH:0
end_of_record
TN:
SF:src/routes/mealCalendarRoutes.js
FNF:0
FNH:0
DA:6,4
DA:9,4
DA:10,4
LF:3
LH:3
BRF:0
BRH:0
end_of_record
TN:
SF:src/routes/mealRecordRoutes.js
FNF:0
FNH:0
DA:6,4
DA:9,4
DA:10,4
DA:11,4
DA:12,4
DA:13,4
DA:16,4
DA:17,4
DA:18,4
LF:9
LH:9
BRF:0
BRH:0
end_of_record
TN:
SF:src/routes/medidasCorporaisRoutes.js
FNF:0
FNH:0
DA:5,4
DA:8,4
DA:15,4
DA:22,4
DA:29,4
DA:37,4
DA:45,4
DA:52,4
DA:59,4
DA:66,4
DA:73,4
LF:11
LH:11
BRF:0
BRH:0
end_of_record
TN:
SF:src/routes/medidasNutricionaisRoutes.js
FNF:0
FNH:0
DA:5,4
DA:8,4
DA:15,4
DA:22,4
DA:29,4
DA:37,4
DA:45,4
DA:53,4
DA:60,4
DA:67,4
DA:74,4
DA:81,4
LF:12
LH:12
BRF:0
BRH:0
end_of_record
TN:
SF:src/routes/nutricionistRoutes.js
FN:11,(anonymous_0)
FN:14,(anonymous_1)
FN:22,(anonymous_2)
FNF:3
FNH:0
FNDA:0,(anonymous_0)
FNDA:0,(anonymous_1)
FNDA:0,(anonymous_2)
DA:8,4
DA:10,4
DA:12,0
DA:15,0
DA:16,0
DA:17,0
DA:20,4
DA:23,0
DA:24,0
DA:28,4
DA:29,4
DA:30,4
DA:31,4
DA:32,4
DA:33,4
DA:34,4
LF:16
LH:10
BRDA:23,0,0,0
BRDA:23,0,1,0
BRF:2
BRH:0
end_of_record
TN:
SF:src/routes/patientConnectionCodeRoutes.js
FNF:0
FNH:0
DA:5,4
DA:8,4
DA:11,4
DA:14,4
DA:17,4
DA:20,4
DA:23,4
LF:7
LH:7
BRF:0
BRH:0
end_of_record
TN:
SF:src/routes/patientProfessionalAssociationRoutes.js
FNF:0
FNH:0
DA:6,4
DA:9,4
DA:12,4
DA:13,4
DA:14,4
DA:15,4
DA:16,4
DA:17,4
DA:18,4
DA:19,4
LF:10
LH:10
BRF:0
BRH:0
end_of_record
TN:
SF:src/routes/patientRoutes.js
FN:11,(anonymous_0)
FN:14,(anonymous_1)
FN:22,(anonymous_2)
FNF:3
FNH:0
FNDA:0,(anonymous_0)
FNDA:0,(anonymous_1)
FNDA:0,(anonymous_2)
DA:9,4
DA:10,4
DA:12,0
DA:15,0
DA:16,0
DA:17,0
DA:20,4
DA:23,0
DA:24,0
DA:28,4
DA:29,4
DA:30,4
DA:31,4
DA:32,4
DA:33,4
DA:34,4
LF:16
LH:10
BRDA:23,0,0,0
BRDA:23,0,1,0
BRF:2
BRH:0
end_of_record
TN:
SF:src/routes/persistenceTestRoutes.js
FNF:0
FNH:0
DA:5,4
DA:18,4
DA:25,4
DA:32,4
DA:39,4
DA:46,4
LF:6
LH:6
BRF:0
BRH:0
end_of_record
TN:
SF:src/routes/workoutCalendarRoutes.js
FNF:0
FNH:0
DA:6,4
DA:9,4
DA:10,4
LF:3
LH:3
BRF:0
BRH:0
end_of_record
TN:
SF:src/routes/workoutRecordRoutes.js
FNF:0
FNH:0
DA:6,4
DA:9,4
DA:10,4
DA:11,4
DA:12,4
DA:13,4
DA:16,4
DA:17,4
DA:18,4
LF:9
LH:9
BRF:0
BRH:0
end_of_record
TN:
SF:src/schedulers/BackupScheduler.js
FN:10,(anonymous_0)
FN:17,(anonymous_1)
FN:39,(anonymous_2)
FN:40,(anonymous_3)
FN:66,(anonymous_4)
FN:67,(anonymous_5)
FN:90,(anonymous_6)
FN:91,(anonymous_7)
FN:120,(anonymous_8)
FN:121,(anonymous_9)
FN:142,(anonymous_10)
FN:164,(anonymous_11)
FN:194,(anonymous_12)
FN:216,(anonymous_13)
FN:219,(anonymous_14)
FN:230,(anonymous_15)
FN:231,(anonymous_16)
FNF:17
FNH:1
FNDA:4,(anonymous_0)
FNDA:0,(anonymous_1)
FNDA:0,(anonymous_2)
FNDA:0,(anonymous_3)
FNDA:0,(anonymous_4)
FNDA:0,(anonymous_5)
FNDA:0,(anonymous_6)
FNDA:0,(anonymous_7)
FNDA:0,(anonymous_8)
FNDA:0,(anonymous_9)
FNDA:0,(anonymous_10)
FNDA:0,(anonymous_11)
FNDA:0,(anonymous_12)
FNDA:0,(anonymous_13)
FNDA:0,(anonymous_14)
FNDA:0,(anonymous_15)
FNDA:0,(anonymous_16)
DA:11,4
DA:18,0
DA:21,0
DA:24,0
DA:27,0
DA:30,0
DA:32,0
DA:40,0
DA:41,0
DA:42,0
DA:43,0
DA:44,0
DA:47,0
DA:50,0
DA:51,0
DA:58,0
DA:59,0
DA:67,0
DA:68,0
DA:69,0
DA:70,0
DA:71,0
DA:74,0
DA:75,0
DA:82,0
DA:83,0
DA:91,0
DA:92,0
DA:93,0
DA:94,0
DA:96,0
DA:97,0
DA:99,0
DA:100,0
DA:104,0
DA:105,0
DA:112,0
DA:113,0
DA:121,0
DA:122,0
DA:123,0
DA:124,0
DA:125,0
DA:128,0
DA:135,0
DA:136,0
DA:143,0
DA:144,0
DA:154,0
DA:157,0
DA:165,0
DA:166,0
DA:180,0
DA:181,0
DA:182,0
DA:187,0
DA:195,0
DA:196,0
DA:205,0
DA:206,0
DA:209,0
DA:217,0
DA:219,0
DA:220,0
DA:221,0
DA:224,0
DA:231,0
LF:67
LH:1
BRDA:96,0,0,0
BRDA:96,0,1,0
BRDA:233,1,0,0
BRDA:233,1,1,0
BRF:4
BRH:0
end_of_record
TN:
SF:src/schedulers/CodeCleanupScheduler.js
FN:6,(anonymous_0)
FN:15,(anonymous_1)
FN:21,(anonymous_2)
FN:33,(anonymous_3)
FN:44,(anonymous_4)
FN:65,(anonymous_5)
FN:106,(anonymous_6)
FN:122,(anonymous_7)
FNF:8
FNH:1
FNDA:4,(anonymous_0)
FNDA:0,(anonymous_1)
FNDA:0,(anonymous_2)
FNDA:0,(anonymous_3)
FNDA:0,(anonymous_4)
FNDA:0,(anonymous_5)
FNDA:0,(anonymous_6)
FNDA:0,(anonymous_7)
DA:7,4
DA:8,4
DA:16,0
DA:17,0
DA:18,0
DA:21,0
DA:22,0
DA:25,0
DA:26,0
DA:27,0
DA:34,0
DA:35,0
DA:36,0
DA:37,0
DA:45,0
DA:47,0
DA:48,0
DA:50,0
DA:52,0
DA:54,0
DA:55,0
DA:57,0
DA:65,0
DA:76,0
DA:79,0
DA:81,0
DA:82,0
DA:96,0
DA:107,0
DA:108,0
DA:110,0
DA:111,0
DA:112,0
DA:115,0
DA:123,0
LF:35
LH:2
BRDA:15,0,0,0
BRDA:16,1,0,0
BRDA:16,1,1,0
BRDA:34,2,0,0
BRDA:34,2,1,0
BRDA:54,3,0,0
BRDA:54,3,1,0
BRDA:54,4,0,0
BRDA:54,4,1,0
BRDA:110,5,0,0
BRDA:110,5,1,0
BRDA:125,6,0,0
BRDA:125,6,1,0
BRF:13
BRH:0
end_of_record
TN:
SF:src/services/AlertService.js
FNF:0
FNH:0
LF:0
LH:0
BRF:0
BRH:0
end_of_record
TN:
SF:src/services/AuthService.js
FN:8,(anonymous_0)
FN:14,(anonymous_1)
FN:85,(anonymous_2)
FN:89,(anonymous_3)
FN:94,(anonymous_4)
FN:108,(anonymous_5)
FN:188,(anonymous_6)
FN:272,(anonymous_7)
FN:285,(anonymous_8)
FN:318,(anonymous_9)
FN:351,(anonymous_10)
FN:361,(anonymous_11)
FN:370,(anonymous_12)
FN:378,(anonymous_13)
FN:386,(anonymous_14)
FN:404,(anonymous_15)
FNF:16
FNH:0
FNDA:0,(anonymous_0)
FNDA:0,(anonymous_1)
FNDA:0,(anonymous_2)
FNDA:0,(anonymous_3)
FNDA:0,(anonymous_4)
FNDA:0,(anonymous_5)
FNDA:0,(anonymous_6)
FNDA:0,(anonymous_7)
FNDA:0,(anonymous_8)
FNDA:0,(anonymous_9)
FNDA:0,(anonymous_10)
FNDA:0,(anonymous_11)
FNDA:0,(anonymous_12)
FNDA:0,(anonymous_13)
FNDA:0,(anonymous_14)
FNDA:0,(anonymous_15)
DA:7,4
DA:9,0
DA:10,0
DA:11,0
DA:15,0
DA:16,0
DA:17,0
DA:20,0
DA:21,0
DA:24,0
DA:25,0
DA:27,0
DA:30,0
DA:31,0
DA:32,0
DA:33,0
DA:36,0
DA:40,0
DA:43,0
DA:44,0
DA:45,0
DA:46,0
DA:47,0
DA:48,0
DA:49,0
DA:52,0
DA:63,0
DA:69,0
DA:70,0
DA:72,0
DA:80,0
DA:81,0
DA:86,0
DA:90,0
DA:91,0
DA:95,0
DA:96,0
DA:97,0
DA:99,0
DA:100,0
DA:109,0
DA:110,0
DA:111,0
DA:121,0
DA:124,0
DA:125,0
DA:128,0
DA:129,0
DA:131,0
DA:132,0
DA:143,0
DA:144,0
DA:145,0
DA:146,0
DA:147,0
DA:148,0
DA:159,0
DA:163,0
DA:164,0
DA:165,0
DA:168,0
DA:169,0
DA:173,0
DA:185,0
DA:189,0
DA:190,0
DA:191,0
DA:192,0
DA:202,0
DA:205,0
DA:206,0
DA:207,0
DA:217,0
DA:220,0
DA:222,0
DA:223,0
DA:224,0
DA:225,0
DA:235,0
DA:238,0
DA:239,0
DA:240,0
DA:241,0
DA:251,0
DA:255,0
DA:256,0
DA:258,0
DA:269,0
DA:273,0
DA:274,0
DA:275,0
DA:276,0
DA:278,0
DA:280,0
DA:287,0
DA:288,0
DA:290,0
DA:291,0
DA:292,0
DA:302,0
DA:304,0
DA:314,0
DA:319,0
DA:320,0
DA:321,0
DA:322,0
DA:323,0
DA:324,0
DA:334,0
DA:336,0
DA:346,0
DA:352,0
DA:353,0
DA:357,0
DA:362,0
DA:366,0
DA:371,0
DA:379,0
DA:387,0
DA:392,0
DA:394,0
DA:396,0
DA:397,0
DA:398,0
DA:400,0
DA:405,0
DA:407,0
DA:410,0
DA:411,0
DA:412,0
DA:420,0
DA:424,0
DA:427,0
DA:428,0
DA:431,0
DA:508,0
DA:510,0
DA:511,0
DA:514,0
DA:517,0
DA:528,0
LF:141
LH:1
BRDA:17,0,0,0
BRDA:17,0,1,0
BRDA:20,1,0,0
BRDA:20,1,1,0
BRDA:20,2,0,0
BRDA:20,2,1,0
BRDA:25,3,0,0
BRDA:25,3,1,0
BRDA:30,4,0,0
BRDA:30,4,1,0
BRDA:44,5,0,0
BRDA:44,5,1,0
BRDA:46,6,0,0
BRDA:46,6,1,0
BRDA:47,7,0,0
BRDA:47,7,1,0
BRDA:49,8,0,0
BRDA:49,8,1,0
BRDA:91,9,0,0
BRDA:91,9,1,0
BRDA:97,10,0,0
BRDA:97,10,1,0
BRDA:110,11,0,0
BRDA:110,11,1,0
BRDA:124,12,0,0
BRDA:124,12,1,0
BRDA:124,13,0,0
BRDA:124,13,1,0
BRDA:129,14,0,0
BRDA:129,14,1,0
BRDA:144,15,0,0
BRDA:144,15,1,0
BRDA:145,16,0,0
BRDA:145,16,1,0
BRDA:168,17,0,0
BRDA:168,17,1,0
BRDA:191,18,0,0
BRDA:191,18,1,0
BRDA:191,19,0,0
BRDA:191,19,1,0
BRDA:205,20,0,0
BRDA:205,20,1,0
BRDA:220,21,0,0
BRDA:220,21,1,0
BRDA:238,22,0,0
BRDA:238,22,1,0
BRDA:256,23,0,0
BRDA:256,23,1,0
BRDA:274,24,0,0
BRDA:274,24,1,0
BRDA:275,25,0,0
BRDA:275,25,1,0
BRDA:275,26,0,0
BRDA:275,26,1,0
BRDA:275,26,2,0
BRDA:275,26,3,0
BRDA:288,27,0,0
BRDA:288,27,1,0
BRDA:302,28,0,0
BRDA:302,28,1,0
BRDA:320,29,0,0
BRDA:320,29,1,0
BRDA:334,30,0,0
BRDA:334,30,1,0
BRDA:357,31,0,0
BRDA:357,31,1,0
BRDA:366,32,0,0
BRDA:366,32,1,0
BRDA:392,33,0,0
BRDA:392,33,1,0
BRDA:396,34,0,0
BRDA:396,34,1,0
BRDA:396,35,0,0
BRDA:396,35,1,0
BRDA:397,36,0,0
BRDA:397,36,1,0
BRDA:398,37,0,0
BRDA:398,37,1,0
BRDA:410,38,0,0
BRDA:410,38,1,0
BRDA:410,39,0,0
BRDA:410,39,1,0
BRDA:428,40,0,0
BRDA:428,40,1,0
BRDA:434,41,0,0
BRDA:434,41,1,0
BRDA:435,42,0,0
BRDA:435,42,1,0
BRF:88
BRH:0
end_of_record
TN:
SF:src/services/BackupService.js
FN:15,(anonymous_0)
FN:25,(anonymous_1)
FN:123,(anonymous_2)
FN:181,(anonymous_3)
FN:214,(anonymous_4)
FN:312,(anonymous_5)
FN:360,(anonymous_6)
FN:365,(anonymous_7)
FN:370,(anonymous_8)
FN:385,(anonymous_9)
FN:398,(anonymous_10)
FN:425,(anonymous_11)
FN:438,(anonymous_12)
FN:499,(anonymous_13)
FN:512,(anonymous_14)
FN:521,(anonymous_15)
FN:522,(anonymous_16)
FNF:17
FNH:1
FNDA:4,(anonymous_0)
FNDA:0,(anonymous_1)
FNDA:0,(anonymous_2)
FNDA:0,(anonymous_3)
FNDA:0,(anonymous_4)
FNDA:0,(anonymous_5)
FNDA:0,(anonymous_6)
FNDA:0,(anonymous_7)
FNDA:0,(anonymous_8)
FNDA:0,(anonymous_9)
FNDA:0,(anonymous_10)
FNDA:0,(anonymous_11)
FNDA:0,(anonymous_12)
FNDA:0,(anonymous_13)
FNDA:0,(anonymous_14)
FNDA:0,(anonymous_15)
FNDA:0,(anonymous_16)
DA:8,4
DA:16,4
DA:17,4
DA:18,4
DA:26,0
DA:27,0
DA:28,0
DA:29,0
DA:31,0
DA:32,0
DA:35,0
DA:38,0
DA:46,0
DA:48,0
DA:51,0
DA:52,0
DA:54,0
DA:55,0
DA:59,0
DA:60,0
DA:62,0
DA:63,0
DA:65,0
DA:68,0
DA:84,0
DA:87,0
DA:89,0
DA:98,0
DA:100,0
DA:102,0
DA:115,0
DA:124,0
DA:125,0
DA:126,0
DA:127,0
DA:129,0
DA:130,0
DA:132,0
DA:135,0
DA:137,0
DA:140,0
DA:142,0
DA:143,0
DA:145,0
DA:147,0
DA:161,0
DA:163,0
DA:173,0
DA:174,0
DA:182,0
DA:184,0
DA:193,0
DA:194,0
DA:196,0
DA:197,0
DA:198,0
DA:199,0
DA:202,0
DA:215,0
DA:217,0
DA:218,0
DA:220,0
DA:223,0
DA:224,0
DA:226,0
DA:230,0
DA:231,0
DA:232,0
DA:233,0
DA:234,0
DA:237,0
DA:246,0
DA:247,0
DA:249,0
DA:251,0
DA:252,0
DA:255,0
DA:257,0
DA:272,0
DA:273,0
DA:275,0
DA:278,0
DA:287,0
DA:289,0
DA:291,0
DA:305,0
DA:313,0
DA:314,0
DA:323,0
DA:324,0
DA:326,0
DA:327,0
DA:328,0
DA:330,0
DA:335,0
DA:339,0
DA:341,0
DA:348,0
DA:349,0
DA:361,0
DA:362,0
DA:364,0
DA:365,0
DA:366,0
DA:369,0
DA:371,0
DA:372,0
DA:374,0
DA:385,0
DA:387,0
DA:390,0
DA:391,0
DA:399,0
DA:400,0
DA:401,0
DA:403,0
DA:405,0
DA:406,0
DA:407,0
DA:408,0
DA:409,0
DA:413,0
DA:414,0
DA:418,0
DA:426,0
DA:427,0
DA:429,0
DA:430,0
DA:439,0
DA:441,0
DA:443,0
DA:446,0
DA:450,0
DA:453,0
DA:455,0
DA:464,0
DA:473,0
DA:475,0
DA:478,0
DA:480,0
DA:492,0
DA:500,0
DA:501,0
DA:503,0
DA:504,0
DA:512,0
DA:513,0
DA:516,0
DA:521,0
DA:522,0
DA:526,0
DA:527,0
LF:152
LH:4
BRDA:16,0,0,4
BRDA:16,0,1,4
BRDA:17,1,0,4
BRDA:17,1,1,4
BRDA:39,2,0,0
BRDA:39,2,1,0
BRDA:40,3,0,0
BRDA:40,3,1,0
BRDA:41,4,0,0
BRDA:41,4,1,0
BRDA:42,5,0,0
BRDA:42,5,1,0
BRDA:43,6,0,0
BRDA:43,6,1,0
BRDA:54,7,0,0
BRDA:54,7,1,0
BRDA:231,8,0,0
BRDA:231,8,1,0
BRDA:238,9,0,0
BRDA:238,9,1,0
BRDA:239,10,0,0
BRDA:239,10,1,0
BRDA:240,11,0,0
BRDA:240,11,1,0
BRDA:241,12,0,0
BRDA:241,12,1,0
BRDA:242,13,0,0
BRDA:242,13,1,0
BRDA:272,14,0,0
BRDA:272,14,1,0
BRDA:332,15,0,0
BRDA:332,15,1,0
BRDA:335,16,0,0
BRDA:335,16,1,0
BRDA:366,17,0,0
BRDA:366,17,1,0
BRDA:379,18,0,0
BRDA:379,18,1,0
BRDA:406,19,0,0
BRDA:406,19,1,0
BRDA:413,20,0,0
BRDA:413,20,1,0
BRDA:467,21,0,0
BRDA:467,21,1,0
BRDA:473,22,0,0
BRDA:473,22,1,0
BRDA:503,23,0,0
BRDA:503,23,1,0
BRF:48
BRH:4
end_of_record
TN:
SF:src/services/DailyMealRegistryService.js
FN:4,(anonymous_0)
FN:13,(anonymous_1)
FN:22,(anonymous_2)
FN:31,(anonymous_3)
FN:40,(anonymous_4)
FN:49,(anonymous_5)
FN:58,(anonymous_6)
FNF:7
FNH:0
FNDA:0,(anonymous_0)
FNDA:0,(anonymous_1)
FNDA:0,(anonymous_2)
FNDA:0,(anonymous_3)
FNDA:0,(anonymous_4)
FNDA:0,(anonymous_5)
FNDA:0,(anonymous_6)
DA:3,0
DA:5,0
DA:6,0
DA:8,0
DA:9,0
DA:14,0
DA:15,0
DA:17,0
DA:18,0
DA:23,0
DA:24,0
DA:26,0
DA:27,0
DA:32,0
DA:33,0
DA:35,0
DA:36,0
DA:41,0
DA:42,0
DA:44,0
DA:45,0
DA:50,0
DA:51,0
DA:53,0
DA:54,0
DA:59,0
DA:60,0
DA:62,0
DA:63,0
LF:29
LH:0
BRF:0
BRH:0
end_of_record
TN:
SF:src/services/FoodService.js
FN:4,(anonymous_0)
FN:13,(anonymous_1)
FN:22,(anonymous_2)
FN:31,(anonymous_3)
FN:40,(anonymous_4)
FN:49,(anonymous_5)
FNF:6
FNH:0
FNDA:0,(anonymous_0)
FNDA:0,(anonymous_1)
FNDA:0,(anonymous_2)
FNDA:0,(anonymous_3)
FNDA:0,(anonymous_4)
FNDA:0,(anonymous_5)
DA:3,4
DA:5,0
DA:6,0
DA:8,0
DA:9,0
DA:14,0
DA:15,0
DA:17,0
DA:18,0
DA:23,0
DA:24,0
DA:26,0
DA:27,0
DA:32,0
DA:33,0
DA:35,0
DA:36,0
DA:41,0
DA:42,0
DA:44,0
DA:45,0
DA:50,0
DA:51,0
DA:53,0
DA:54,0
LF:25
LH:1
BRF:0
BRH:0
end_of_record
TN:
SF:src/services/HealthCheckService.js
FNF:0
FNH:0
LF:0
LH:0
BRF:0
BRH:0
end_of_record
TN:
SF:src/services/LogService.js
FN:5,(anonymous_0)
FN:33,(anonymous_1)
FN:43,(anonymous_2)
FN:53,(anonymous_3)
FN:63,(anonymous_4)
FN:73,(anonymous_5)
FNF:6
FNH:1
FNDA:18,(anonymous_0)
FNDA:0,(anonymous_1)
FNDA:0,(anonymous_2)
FNDA:0,(anonymous_3)
FNDA:0,(anonymous_4)
FNDA:0,(anonymous_5)
DA:3,4
DA:6,18
DA:7,18
DA:8,18
DA:20,0
DA:21,0
DA:25,0
DA:27,0
DA:28,0
DA:34,0
DA:35,0
DA:37,0
DA:38,0
DA:44,0
DA:45,0
DA:47,0
DA:48,0
DA:54,0
DA:55,0
DA:57,0
DA:58,0
DA:64,0
DA:65,0
DA:67,0
DA:68,0
DA:74,0
DA:75,0
DA:77,0
DA:78,0
LF:29
LH:4
BRDA:10,0,0,18
BRDA:10,0,1,18
BRDA:13,1,0,18
BRDA:13,1,1,0
BRDA:14,2,0,18
BRDA:14,2,1,0
BRDA:16,3,0,18
BRDA:16,3,1,18
BRDA:16,3,2,0
BRDA:20,4,0,0
BRDA:20,4,1,0
BRDA:20,5,0,0
BRDA:20,5,1,0
BRDA:23,6,0,0
BRDA:23,6,1,0
BRDA:33,7,0,0
BRF:16
BRH:6
end_of_record
TN:
SF:src/services/MealCalendarService.js
FN:4,(anonymous_0)
FN:28,(anonymous_1)
FN:42,(anonymous_2)
FN:70,(anonymous_3)
FNF:4
FNH:0
FNDA:0,(anonymous_0)
FNDA:0,(anonymous_1)
FNDA:0,(anonymous_2)
FNDA:0,(anonymous_3)
DA:3,4
DA:5,0
DA:8,0
DA:25,0
DA:28,0
DA:37,0
DA:38,0
DA:43,0
DA:46,0
DA:61,0
DA:64,0
DA:68,0
DA:70,0
DA:79,0
DA:80,0
LF:15
LH:1
BRDA:29,0,0,0
BRDA:29,0,1,0
BRDA:34,1,0,0
BRDA:34,1,1,0
BRDA:64,2,0,0
BRDA:64,2,1,0
BRDA:64,3,0,0
BRDA:64,3,1,0
BRF:8
BRH:0
end_of_record
TN:
SF:src/services/MealItemService.js
FN:4,(anonymous_0)
FN:13,(anonymous_1)
FN:22,(anonymous_2)
FN:31,(anonymous_3)
FN:42,(anonymous_4)
FN:51,(anonymous_5)
FNF:6
FNH:0
FNDA:0,(anonymous_0)
FNDA:0,(anonymous_1)
FNDA:0,(anonymous_2)
FNDA:0,(anonymous_3)
FNDA:0,(anonymous_4)
FNDA:0,(anonymous_5)
DA:3,0
DA:5,0
DA:6,0
DA:8,0
DA:9,0
DA:14,0
DA:15,0
DA:17,0
DA:18,0
DA:23,0
DA:24,0
DA:26,0
DA:27,0
DA:32,0
DA:33,0
DA:35,0
DA:36,0
DA:43,0
DA:44,0
DA:46,0
DA:47,0
DA:52,0
DA:53,0
DA:55,0
DA:56,0
LF:25
LH:0
BRF:0
BRH:0
end_of_record
TN:
SF:src/services/MealRecordService.js
FN:4,(anonymous_0)
FN:13,(anonymous_1)
FN:22,(anonymous_2)
FN:31,(anonymous_3)
FN:40,(anonymous_4)
FN:49,(anonymous_5)
FN:58,(anonymous_6)
FNF:7
FNH:0
FNDA:0,(anonymous_0)
FNDA:0,(anonymous_1)
FNDA:0,(anonymous_2)
FNDA:0,(anonymous_3)
FNDA:0,(anonymous_4)
FNDA:0,(anonymous_5)
FNDA:0,(anonymous_6)
DA:3,0
DA:5,0
DA:6,0
DA:8,0
DA:9,0
DA:14,0
DA:15,0
DA:17,0
DA:18,0
DA:23,0
DA:24,0
DA:26,0
DA:27,0
DA:32,0
DA:33,0
DA:35,0
DA:36,0
DA:41,0
DA:42,0
DA:44,0
DA:45,0
DA:50,0
DA:51,0
DA:53,0
DA:54,0
DA:59,0
DA:60,0
DA:62,0
DA:63,0
LF:29
LH:0
BRF:0
BRH:0
end_of_record
TN:
SF:src/services/MedidasCorporaisService.js
FN:8,(anonymous_0)
FN:51,(anonymous_1)
FN:63,(anonymous_2)
FN:78,(anonymous_3)
FN:94,(anonymous_4)
FN:106,(anonymous_5)
FN:155,(anonymous_6)
FN:198,(anonymous_7)
FN:230,(anonymous_8)
FN:240,(anonymous_9)
FNF:10
FNH:0
FNDA:0,(anonymous_0)
FNDA:0,(anonymous_1)
FNDA:0,(anonymous_2)
FNDA:0,(anonymous_3)
FNDA:0,(anonymous_4)
FNDA:0,(anonymous_5)
FNDA:0,(anonymous_6)
FNDA:0,(anonymous_7)
FNDA:0,(anonymous_8)
FNDA:0,(anonymous_9)
DA:9,0
DA:11,0
DA:12,0
DA:15,0
DA:18,0
DA:19,0
DA:27,0
DA:31,0
DA:33,0
DA:34,0
DA:42,0
DA:44,0
DA:52,0
DA:53,0
DA:54,0
DA:56,0
DA:64,0
DA:65,0
DA:66,0
DA:67,0
DA:69,0
DA:71,0
DA:79,0
DA:80,0
DA:85,0
DA:87,0
DA:95,0
DA:96,0
DA:97,0
DA:99,0
DA:107,0
DA:108,0
DA:110,0
DA:111,0
DA:115,0
DA:116,0
DA:119,0
DA:122,0
DA:123,0
DA:132,0
DA:135,0
DA:137,0
DA:138,0
DA:146,0
DA:148,0
DA:156,0
DA:157,0
DA:159,0
DA:160,0
DA:163,0
DA:166,0
DA:167,0
DA:175,0
DA:178,0
DA:180,0
DA:181,0
DA:189,0
DA:191,0
DA:199,0
DA:200,0
DA:203,0
DA:204,0
DA:205,0
DA:207,0
DA:221,0
DA:223,0
DA:231,0
DA:232,0
DA:234,0
DA:241,0
DA:242,0
DA:243,0
DA:244,0
DA:245,0
DA:246,0
DA:247,0
LF:76
LH:0
BRDA:11,0,0,0
BRDA:11,0,1,0
BRDA:11,1,0,0
BRDA:11,1,1,0
BRDA:11,1,2,0
BRDA:66,2,0,0
BRDA:66,2,1,0
BRDA:110,3,0,0
BRDA:110,3,1,0
BRDA:115,4,0,0
BRDA:115,4,1,0
BRDA:115,5,0,0
BRDA:115,5,1,0
BRDA:159,6,0,0
BRDA:159,6,1,0
BRDA:198,7,0,0
BRDA:203,8,0,0
BRDA:203,8,1,0
BRDA:231,9,0,0
BRDA:231,9,1,0
BRDA:231,10,0,0
BRDA:231,10,1,0
BRDA:231,10,2,0
BRDA:241,11,0,0
BRDA:241,11,1,0
BRDA:242,12,0,0
BRDA:242,12,1,0
BRDA:243,13,0,0
BRDA:243,13,1,0
BRDA:244,14,0,0
BRDA:244,14,1,0
BRDA:245,15,0,0
BRDA:245,15,1,0
BRDA:246,16,0,0
BRDA:246,16,1,0
BRF:35
BRH:0
end_of_record
TN:
SF:src/services/MedidasNutricionaisService.js
FN:8,(anonymous_0)
FN:37,(anonymous_1)
FN:49,(anonymous_2)
FN:64,(anonymous_3)
FN:80,(anonymous_4)
FN:92,(anonymous_5)
FN:128,(anonymous_6)
FN:163,(anonymous_7)
FN:186,(anonymous_8)
FN:218,(anonymous_9)
FN:244,(anonymous_10)
FNF:11
FNH:0
FNDA:0,(anonymous_0)
FNDA:0,(anonymous_1)
FNDA:0,(anonymous_2)
FNDA:0,(anonymous_3)
FNDA:0,(anonymous_4)
FNDA:0,(anonymous_5)
FNDA:0,(anonymous_6)
FNDA:0,(anonymous_7)
FNDA:0,(anonymous_8)
FNDA:0,(anonymous_9)
FNDA:0,(anonymous_10)
DA:9,0
DA:10,0
DA:13,0
DA:21,0
DA:23,0
DA:30,0
DA:38,0
DA:39,0
DA:40,0
DA:42,0
DA:50,0
DA:51,0
DA:52,0
DA:53,0
DA:55,0
DA:57,0
DA:65,0
DA:66,0
DA:71,0
DA:73,0
DA:81,0
DA:82,0
DA:83,0
DA:85,0
DA:93,0
DA:94,0
DA:96,0
DA:97,0
DA:100,0
DA:103,0
DA:112,0
DA:114,0
DA:121,0
DA:129,0
DA:130,0
DA:132,0
DA:133,0
DA:136,0
DA:139,0
DA:147,0
DA:149,0
DA:156,0
DA:164,0
DA:165,0
DA:171,0
DA:179,0
DA:187,0
DA:188,0
DA:191,0
DA:192,0
DA:193,0
DA:195,0
DA:209,0
DA:211,0
DA:219,0
DA:220,0
DA:224,0
DA:225,0
DA:228,0
DA:230,0
DA:231,0
DA:238,0
DA:245,0
DA:247,0
DA:248,0
DA:251,0
LF:66
LH:0
BRDA:52,0,0,0
BRDA:52,0,1,0
BRDA:96,1,0,0
BRDA:96,1,1,0
BRDA:132,2,0,0
BRDA:132,2,1,0
BRDA:172,3,0,0
BRDA:172,3,1,0
BRDA:173,4,0,0
BRDA:173,4,1,0
BRDA:174,5,0,0
BRDA:174,5,1,0
BRDA:175,6,0,0
BRDA:175,6,1,0
BRDA:176,7,0,0
BRDA:176,7,1,0
BRDA:186,8,0,0
BRDA:191,9,0,0
BRDA:191,9,1,0
BRDA:219,10,0,0
BRDA:219,10,1,0
BRDA:219,11,0,0
BRDA:219,11,1,0
BRDA:230,12,0,0
BRDA:230,12,1,0
BRDA:247,13,0,0
BRDA:247,13,1,0
BRF:27
BRH:0
end_of_record
TN:
SF:src/services/NutricionistService.js
FN:4,(anonymous_0)
FN:5,(anonymous_1)
FN:6,(anonymous_2)
FN:7,(anonymous_3)
FN:8,(anonymous_4)
FN:9,(anonymous_5)
FNF:6
FNH:1
FNDA:0,(anonymous_0)
FNDA:0,(anonymous_1)
FNDA:0,(anonymous_2)
FNDA:5,(anonymous_3)
FNDA:0,(anonymous_4)
FNDA:0,(anonymous_5)
DA:3,4
DA:4,0
DA:5,0
DA:6,0
DA:7,5
DA:8,0
DA:9,0
LF:7
LH:2
BRF:0
BRH:0
end_of_record
TN:
SF:src/services/PatientConnectionCodeService.js
FN:6,(anonymous_0)
FN:16,(anonymous_1)
FN:26,(anonymous_2)
FN:107,(anonymous_3)
FN:117,(anonymous_4)
FNF:5
FNH:4
FNDA:8,(anonymous_0)
FNDA:3,(anonymous_1)
FNDA:6,(anonymous_2)
FNDA:0,(anonymous_3)
FNDA:1,(anonymous_4)
DA:4,4
DA:7,8
DA:8,8
DA:10,0
DA:11,0
DA:17,3
DA:18,3
DA:20,0
DA:21,0
DA:27,6
DA:28,6
DA:29,6
DA:30,6
DA:31,6
DA:34,6
DA:36,6
DA:37,2
DA:38,2
DA:41,4
DA:44,4
DA:45,4
DA:47,4
DA:49,0
DA:50,0
DA:52,0
DA:53,0
DA:57,0
DA:61,0
DA:62,0
DA:63,0
DA:66,0
DA:68,0
DA:75,4
DA:87,4
DA:88,4
DA:89,4
DA:92,4
DA:94,4
DA:101,2
DA:102,2
DA:108,0
DA:109,0
DA:111,0
DA:112,0
DA:118,1
DA:119,1
DA:121,0
DA:122,0
LF:48
LH:28
BRDA:36,0,0,2
BRDA:36,0,1,4
BRDA:45,1,0,0
BRDA:45,1,1,4
BRDA:47,2,0,0
BRDA:47,2,1,4
BRDA:49,3,0,0
BRDA:49,3,1,0
BRDA:49,4,0,0
BRDA:49,4,1,0
BRDA:52,5,0,0
BRDA:52,5,1,0
BRDA:52,6,0,0
BRDA:52,6,1,0
BRDA:57,7,0,0
BRDA:57,7,1,0
BRDA:75,8,0,3
BRDA:75,8,1,1
BRF:18
BRH:6
end_of_record
TN:
SF:src/services/PatientProfessionalAssociationService.js
FN:4,(anonymous_0)
FN:13,(anonymous_1)
FN:22,(anonymous_2)
FN:31,(anonymous_3)
FN:43,(anonymous_4)
FN:55,(anonymous_5)
FN:64,(anonymous_6)
FN:73,(anonymous_7)
FNF:8
FNH:0
FNDA:0,(anonymous_0)
FNDA:0,(anonymous_1)
FNDA:0,(anonymous_2)
FNDA:0,(anonymous_3)
FNDA:0,(anonymous_4)
FNDA:0,(anonymous_5)
FNDA:0,(anonymous_6)
FNDA:0,(anonymous_7)
DA:3,4
DA:5,0
DA:6,0
DA:8,0
DA:9,0
DA:14,0
DA:15,0
DA:17,0
DA:18,0
DA:23,0
DA:24,0
DA:26,0
DA:27,0
DA:32,0
DA:33,0
DA:34,0
DA:35,0
DA:36,0
DA:38,0
DA:39,0
DA:44,0
DA:45,0
DA:46,0
DA:47,0
DA:48,0
DA:50,0
DA:51,0
DA:56,0
DA:57,0
DA:59,0
DA:60,0
DA:65,0
DA:66,0
DA:68,0
DA:69,0
DA:74,0
DA:75,0
DA:77,0
DA:78,0
LF:39
LH:1
BRF:0
BRH:0
end_of_record
TN:
SF:src/services/PatientService.js
FN:4,(anonymous_0)
FN:8,(anonymous_1)
FN:11,(anonymous_2)
FN:14,(anonymous_3)
FN:17,(anonymous_4)
FNF:5
FNH:0
FNDA:0,(anonymous_0)
FNDA:0,(anonymous_1)
FNDA:0,(anonymous_2)
FNDA:0,(anonymous_3)
FNDA:0,(anonymous_4)
DA:3,4
DA:6,0
DA:9,0
DA:12,0
DA:15,0
DA:18,0
LF:6
LH:1
BRF:0
BRH:0
end_of_record
TN:
SF:src/services/PersistenceTestService.js
FN:12,(anonymous_0)
FN:116,(anonymous_1)
FN:219,(anonymous_2)
FN:322,(anonymous_3)
FN:355,(anonymous_4)
FNF:5
FNH:0
FNDA:0,(anonymous_0)
FNDA:0,(anonymous_1)
FNDA:0,(anonymous_2)
FNDA:0,(anonymous_3)
FNDA:0,(anonymous_4)
DA:13,0
DA:15,0
DA:17,0
DA:22,0
DA:23,0
DA:30,0
DA:33,0
DA:42,0
DA:45,0
DA:50,0
DA:53,0
DA:56,0
DA:63,0
DA:66,0
DA:81,0
DA:93,0
DA:95,0
DA:107,0
DA:109,0
DA:117,0
DA:119,0
DA:121,0
DA:126,0
DA:127,0
DA:134,0
DA:137,0
DA:141,0
DA:149,0
DA:152,0
DA:157,0
DA:158,0
DA:161,0
DA:168,0
DA:171,0
DA:185,0
DA:195,0
DA:197,0
DA:209,0
DA:211,0
DA:220,0
DA:222,0
DA:223,0
DA:226,0
DA:233,0
DA:236,0
DA:241,0
DA:244,0
DA:247,0
DA:252,0
DA:255,0
DA:257,0
DA:264,0
DA:266,0
DA:269,0
DA:274,0
DA:277,0
DA:280,0
DA:282,0
DA:298,0
DA:311,0
DA:312,0
DA:314,0
DA:323,0
DA:325,0
DA:334,0
DA:336,0
DA:346,0
DA:347,0
DA:356,0
DA:358,0
DA:364,0
DA:366,0
DA:367,0
DA:368,0
DA:371,0
DA:373,0
DA:374,0
DA:375,0
DA:376,0
DA:377,0
DA:379,0
DA:386,0
DA:388,0
DA:389,0
DA:390,0
DA:391,0
DA:392,0
DA:394,0
DA:401,0
DA:412,0
DA:416,0
DA:419,0
DA:421,0
DA:422,0
DA:424,0
DA:433,0
LF:96
LH:0
BRDA:22,0,0,0
BRDA:22,0,1,0
BRDA:69,1,0,0
BRDA:69,1,1,0
BRDA:87,2,0,0
BRDA:87,2,1,0
BRDA:126,3,0,0
BRDA:126,3,1,0
BRDA:137,4,0,0
BRDA:137,4,1,0
BRDA:174,5,0,0
BRDA:174,5,1,0
BRDA:189,6,0,0
BRDA:189,6,1,0
BRDA:280,7,0,0
BRDA:280,7,1,0
BRDA:280,7,2,0
BRDA:285,8,0,0
BRDA:285,8,1,0
BRDA:305,9,0,0
BRDA:305,9,1,0
BRDA:340,10,0,0
BRDA:340,10,1,0
BRDA:368,11,0,0
BRDA:368,11,1,0
BRDA:373,12,0,0
BRDA:373,12,1,0
BRDA:377,13,0,0
BRDA:377,13,1,0
BRDA:388,14,0,0
BRDA:388,14,1,0
BRDA:392,15,0,0
BRDA:392,15,1,0
BRDA:404,16,0,0
BRDA:404,16,1,0
BRDA:412,17,0,0
BRDA:412,17,1,0
BRF:37
BRH:0
end_of_record
TN:
SF:src/services/PhysicalEducatorService.js
FN:4,(anonymous_0)
FN:5,(anonymous_1)
FN:6,(anonymous_2)
FN:7,(anonymous_3)
FN:8,(anonymous_4)
FN:9,(anonymous_5)
FNF:6
FNH:1
FNDA:0,(anonymous_0)
FNDA:0,(anonymous_1)
FNDA:0,(anonymous_2)
FNDA:1,(anonymous_3)
FNDA:0,(anonymous_4)
FNDA:0,(anonymous_5)
DA:3,4
DA:4,0
DA:5,0
DA:6,0
DA:7,1
DA:8,0
DA:9,0
LF:7
LH:2
BRF:0
BRH:0
end_of_record
TN:
SF:src/services/WorkoutCalendarService.js
FN:4,(anonymous_0)
FN:27,(anonymous_1)
FN:41,(anonymous_2)
FN:67,(anonymous_3)
FNF:4
FNH:0
FNDA:0,(anonymous_0)
FNDA:0,(anonymous_1)
FNDA:0,(anonymous_2)
FNDA:0,(anonymous_3)
DA:3,4
DA:5,0
DA:7,0
DA:24,0
DA:27,0
DA:36,0
DA:37,0
DA:42,0
DA:44,0
DA:58,0
DA:61,0
DA:65,0
DA:67,0
DA:75,0
DA:76,0
LF:15
LH:1
BRDA:28,0,0,0
BRDA:28,0,1,0
BRDA:33,1,0,0
BRDA:33,1,1,0
BRDA:61,2,0,0
BRDA:61,2,1,0
BRDA:61,3,0,0
BRDA:61,3,1,0
BRF:8
BRH:0
end_of_record
TN:
SF:src/utils/hash.js
FNF:0
FNH:0
LF:0
LH:0
BRF:0
BRH:0
end_of_record
TN:
SF:src/utils/jwt.js
FNF:0
FNH:0
LF:0
LH:0
BRF:0
BRH:0
end_of_record
TN:
SF:src/utils/validationRules.js
FN:28,validateEmail
FN:113,validatePassword
FN:187,validateUsername
FN:233,validateLoginCredentials
FN:258,validateRegisterCredentials
FN:294,normalizeEmail
FN:306,normalizeUsername
FNF:7
FNH:0
FNDA:0,validateEmail
FNDA:0,validatePassword
FNDA:0,validateUsername
FNDA:0,validateLoginCredentials
FNDA:0,validateRegisterCredentials
FNDA:0,normalizeEmail
FNDA:0,normalizeUsername
DA:21,4
DA:30,0
DA:31,0
DA:35,0
DA:38,0
DA:39,0
DA:42,0
DA:43,0
DA:47,0
DA:48,0
DA:52,0
DA:53,0
DA:54,0
DA:57,0
DA:60,0
DA:61,0
DA:64,0
DA:65,0
DA:68,0
DA:69,0
DA:73,0
DA:74,0
DA:77,0
DA:78,0
DA:81,0
DA:82,0
DA:86,0
DA:87,0
DA:88,0
DA:91,0
DA:106,4
DA:115,0
DA:116,0
DA:120,0
DA:121,0
DA:125,0
DA:126,0
DA:130,0
DA:131,0
DA:135,0
DA:136,0
DA:140,0
DA:141,0
DA:145,0
DA:146,0
DA:150,0
DA:151,0
DA:152,0
DA:153,0
DA:154,0
DA:159,0
DA:160,0
DA:161,0
DA:163,0
DA:164,0
DA:167,0
DA:180,4
DA:189,0
DA:190,0
DA:194,0
DA:197,0
DA:198,0
DA:201,0
DA:202,0
DA:206,0
DA:207,0
DA:211,0
DA:212,0
DA:216,0
DA:217,0
DA:218,0
DA:221,0
DA:234,0
DA:237,0
DA:238,0
DA:239,0
DA:243,0
DA:244,0
DA:247,0
DA:259,0
DA:262,0
DA:263,0
DA:264,0
DA:268,0
DA:269,0
DA:270,0
DA:274,0
DA:275,0
DA:276,0
DA:279,0
DA:295,0
DA:296,0
DA:298,0
DA:307,0
DA:308,0
DA:310,0
DA:317,4
LF:97
LH:4
BRDA:30,0,0,0
BRDA:30,0,1,0
BRDA:30,1,0,0
BRDA:30,1,1,0
BRDA:38,2,0,0
BRDA:38,2,1,0
BRDA:42,3,0,0
BRDA:42,3,1,0
BRDA:47,4,0,0
BRDA:47,4,1,0
BRDA:53,5,0,0
BRDA:53,5,1,0
BRDA:60,6,0,0
BRDA:60,6,1,0
BRDA:60,7,0,0
BRDA:60,7,1,0
BRDA:64,8,0,0
BRDA:64,8,1,0
BRDA:64,9,0,0
BRDA:64,9,1,0
BRDA:68,10,0,0
BRDA:68,10,1,0
BRDA:73,11,0,0
BRDA:73,11,1,0
BRDA:77,12,0,0
BRDA:77,12,1,0
BRDA:77,13,0,0
BRDA:77,13,1,0
BRDA:81,14,0,0
BRDA:81,14,1,0
BRDA:87,15,0,0
BRDA:87,15,1,0
BRDA:115,16,0,0
BRDA:115,16,1,0
BRDA:115,17,0,0
BRDA:115,17,1,0
BRDA:120,18,0,0
BRDA:120,18,1,0
BRDA:125,19,0,0
BRDA:125,19,1,0
BRDA:130,20,0,0
BRDA:130,20,1,0
BRDA:135,21,0,0
BRDA:135,21,1,0
BRDA:140,22,0,0
BRDA:140,22,1,0
BRDA:145,23,0,0
BRDA:145,23,1,0
BRDA:153,24,0,0
BRDA:153,24,1,0
BRDA:160,25,0,0
BRDA:160,25,1,0
BRDA:160,26,0,0
BRDA:160,26,1,0
BRDA:163,27,0,0
BRDA:163,27,1,0
BRDA:189,28,0,0
BRDA:189,28,1,0
BRDA:189,29,0,0
BRDA:189,29,1,0
BRDA:197,30,0,0
BRDA:197,30,1,0
BRDA:201,31,0,0
BRDA:201,31,1,0
BRDA:206,32,0,0
BRDA:206,32,1,0
BRDA:211,33,0,0
BRDA:211,33,1,0
BRDA:217,34,0,0
BRDA:217,34,1,0
BRDA:238,35,0,0
BRDA:238,35,1,0
BRDA:243,36,0,0
BRDA:243,36,1,0
BRDA:243,37,0,0
BRDA:243,37,1,0
BRDA:263,38,0,0
BRDA:263,38,1,0
BRDA:269,39,0,0
BRDA:269,39,1,0
BRDA:275,40,0,0
BRDA:275,40,1,0
BRDA:295,41,0,0
BRDA:295,41,1,0
BRDA:295,42,0,0
BRDA:295,42,1,0
BRDA:307,43,0,0
BRDA:307,43,1,0
BRDA:307,44,0,0
BRDA:307,44,1,0
BRF:90
BRH:0
end_of_record
